Started GET "/users/new" for ::1 at 2019-05-24 11:43:34 -0400
Started GET "/" for ::1 at 2019-05-24 11:43:34 -0400
  
ActionController::RoutingError (No route matches [GET] "/users/new"):
  
actionpack (5.2.3) lib/action_dispatch/middleware/debug_exceptions.rb:65:in `call'
web-console (3.7.0) lib/web_console/middleware.rb:135:in `call_app'
web-console (3.7.0) lib/web_console/middleware.rb:30:in `block in call'
web-console (3.7.0) lib/web_console/middleware.rb:20:in `catch'
web-console (3.7.0) lib/web_console/middleware.rb:20:in `call'
actionpack (5.2.3) lib/action_dispatch/middleware/show_exceptions.rb:33:in `call'
railties (5.2.3) lib/rails/rack/logger.rb:38:in `call_app'
railties (5.2.3) lib/rails/rack/logger.rb:26:in `block in call'
activesupport (5.2.3) lib/active_support/tagged_logging.rb:71:in `block in tagged'
activesupport (5.2.3) lib/active_support/tagged_logging.rb:28:in `tagged'
activesupport (5.2.3) lib/active_support/tagged_logging.rb:71:in `tagged'
railties (5.2.3) lib/rails/rack/logger.rb:26:in `call'
sprockets-rails (3.2.1) lib/sprockets/rails/quiet_assets.rb:13:in `call'
actionpack (5.2.3) lib/action_dispatch/middleware/remote_ip.rb:81:in `call'
actionpack (5.2.3) lib/action_dispatch/middleware/request_id.rb:27:in `call'
rack (2.0.7) lib/rack/method_override.rb:22:in `call'
rack (2.0.7) lib/rack/runtime.rb:22:in `call'
activesupport (5.2.3) lib/active_support/cache/strategy/local_cache_middleware.rb:29:in `call'
actionpack (5.2.3) lib/action_dispatch/middleware/executor.rb:14:in `call'
actionpack (5.2.3) lib/action_dispatch/middleware/static.rb:127:in `call'
rack (2.0.7) lib/rack/sendfile.rb:111:in `call'
railties (5.2.3) lib/rails/engine.rb:524:in `call'
puma (3.12.1) lib/puma/configuration.rb:227:in `call'
puma (3.12.1) lib/puma/server.rb:660:in `handle_request'
puma (3.12.1) lib/puma/server.rb:474:in `process_client'
puma (3.12.1) lib/puma/server.rb:334:in `block in run'
puma (3.12.1) lib/puma/thread_pool.rb:135:in `block in spawn_thread'
Processing by StaticPagesController#root as HTML
  Rendering static_pages/root.html within layouts/application
  Rendered static_pages/root.html within layouts/application (0.4ms)
Completed 200 OK in 10517ms (Views: 10466.3ms | ActiveRecord: 0.0ms)


Started GET "/" for ::1 at 2019-05-24 11:44:36 -0400
Processing by StaticPagesController#root as HTML
  Rendering static_pages/root.html within layouts/application
  Rendered static_pages/root.html within layouts/application (0.3ms)
Completed 200 OK in 710ms (Views: 691.0ms | ActiveRecord: 0.0ms)


  [1m[35m (6.6ms)[0m  [1m[35mDROP DATABASE IF EXISTS "benchbnb_development"[0m
  ↳ bin/rails:9
  [1m[35m (0.3ms)[0m  [1m[35mDROP DATABASE IF EXISTS "benchbnb_test"[0m
  ↳ bin/rails:9
  [1m[35m (802.4ms)[0m  [1m[35mCREATE DATABASE "benchbnb_development" ENCODING = 'unicode'[0m
  ↳ bin/rails:9
  [1m[35m (347.7ms)[0m  [1m[35mCREATE DATABASE "benchbnb_test" ENCODING = 'unicode'[0m
  ↳ bin/rails:9
  [1m[35m (383.1ms)[0m  [1m[35mCREATE TABLE "schema_migrations" ("version" character varying NOT NULL PRIMARY KEY)[0m
  ↳ bin/rails:9
  [1m[35m (80.8ms)[0m  [1m[35mCREATE TABLE "ar_internal_metadata" ("key" character varying NOT NULL PRIMARY KEY, "value" character varying, "created_at" timestamp NOT NULL, "updated_at" timestamp NOT NULL)[0m
  ↳ bin/rails:9
  [1m[35m (7.9ms)[0m  [1m[34mSELECT pg_try_advisory_lock(456192024138762660)[0m
  ↳ bin/rails:9
  [1m[35m (2.9ms)[0m  [1m[34mSELECT "schema_migrations"."version" FROM "schema_migrations" ORDER BY "schema_migrations"."version" ASC[0m
  ↳ bin/rails:9
Migrating to CreateUser (20190524174500)
  [1m[35m (0.4ms)[0m  [1m[34mSELECT pg_advisory_unlock(456192024138762660)[0m
  ↳ bin/rails:9
  [1m[35m (0.3ms)[0m  [1m[34mSELECT pg_try_advisory_lock(456192024138762660)[0m
  ↳ bin/rails:9
  [1m[35m (1.0ms)[0m  [1m[34mSELECT "schema_migrations"."version" FROM "schema_migrations" ORDER BY "schema_migrations"."version" ASC[0m
  ↳ bin/rails:9
Migrating to CreateUser (20190524174500)
  [1m[35m (0.2ms)[0m  [1m[35mBEGIN[0m
  ↳ bin/rails:9
  [1m[35m (148.2ms)[0m  [1m[35mCREATE TABLE "users" ("id" bigserial primary key, "username" character varying NOT NULL, "password_digest" character varying NOT NULL, "session_token" character varying NOT NULL, "created_at" timestamp NOT NULL, "updated_at" timestamp NOT NULL)[0m
  ↳ db/migrate/20190524174500_create_user.rb:3
  [1m[36mActiveRecord::SchemaMigration Create (41.0ms)[0m  [1m[32mINSERT INTO "schema_migrations" ("version") VALUES ($1) RETURNING "version"[0m  [["version", "20190524174500"]]
  ↳ bin/rails:9
  [1m[35m (26.4ms)[0m  [1m[35mCOMMIT[0m
  ↳ bin/rails:9
  [1m[36mActiveRecord::InternalMetadata Load (0.6ms)[0m  [1m[34mSELECT  "ar_internal_metadata".* FROM "ar_internal_metadata" WHERE "ar_internal_metadata"."key" = $1 LIMIT $2[0m  [["key", "environment"], ["LIMIT", 1]]
  ↳ bin/rails:9
  [1m[35m (0.2ms)[0m  [1m[35mBEGIN[0m
  ↳ bin/rails:9
  [1m[36mActiveRecord::InternalMetadata Create (42.6ms)[0m  [1m[32mINSERT INTO "ar_internal_metadata" ("key", "value", "created_at", "updated_at") VALUES ($1, $2, $3, $4) RETURNING "key"[0m  [["key", "environment"], ["value", "development"], ["created_at", "2019-05-24 17:47:42.374136"], ["updated_at", "2019-05-24 17:47:42.374136"]]
  ↳ bin/rails:9
  [1m[35m (0.6ms)[0m  [1m[35mCOMMIT[0m
  ↳ bin/rails:9
  [1m[35m (0.3ms)[0m  [1m[34mSELECT pg_advisory_unlock(456192024138762660)[0m
  ↳ bin/rails:9
  [1m[35m (0.3ms)[0m  [1m[34mSELECT "schema_migrations"."version" FROM "schema_migrations" ORDER BY "schema_migrations"."version" ASC[0m
  ↳ bin/rails:9
  [1m[35m (0.9ms)[0m  [1m[34mSELECT "schema_migrations"."version" FROM "schema_migrations" ORDER BY "schema_migrations"."version" ASC[0m
  ↳ /Users/aa/.rbenv/versions/2.5.1/bin/annotate:23
  [1m[36mUser Load (17.0ms)[0m  [1m[34mSELECT "users".* FROM "users"[0m
  [1m[35m (0.3ms)[0m  [1m[35mBEGIN[0m
  [1m[36mUser Create (1.2ms)[0m  [1m[32mINSERT INTO "users" ("username", "password_digest", "session_token", "created_at", "updated_at") VALUES ($1, $2, $3, $4, $5) RETURNING "id"[0m  [["username", "demo1"], ["password_digest", "$2a$10$cBApwNq3Zuwax8O7MovcuOANzORLHS64dWLYh.zFnzbJLJpeDiEBu"], ["session_token", "ecgyWQBSo18L4WHBlGk3Fw"], ["created_at", "2019-05-24 17:59:45.990367"], ["updated_at", "2019-05-24 17:59:45.990367"]]
  [1m[35m (13.2ms)[0m  [1m[35mCOMMIT[0m
  [1m[36mUser Load (0.5ms)[0m  [1m[34mSELECT "users".* FROM "users"[0m
  [1m[35m (0.2ms)[0m  [1m[35mBEGIN[0m
  [1m[36mUser Exists (13.2ms)[0m  [1m[34mSELECT  1 AS one FROM "users" WHERE "users"."password_digest" = $1 LIMIT $2[0m  [["password_digest", "$2a$10$eheniVX9mNeE4kzP9SflJOab0osr5BgFRSpHXuj38uSlH42PkGjP6"], ["LIMIT", 1]]
  [1m[36mUser Exists (0.6ms)[0m  [1m[34mSELECT  1 AS one FROM "users" WHERE "users"."session_token" = $1 LIMIT $2[0m  [["session_token", "ZGrhVu2fCXc1T40DH_kj0g"], ["LIMIT", 1]]
  [1m[36mUser Exists (0.5ms)[0m  [1m[34mSELECT  1 AS one FROM "users" WHERE "users"."username" = $1 LIMIT $2[0m  [["username", "demo1"], ["LIMIT", 1]]
  [1m[35m (0.3ms)[0m  [1m[31mROLLBACK[0m
  [1m[35m (0.3ms)[0m  [1m[35mBEGIN[0m
  [1m[36mUser Exists (0.4ms)[0m  [1m[34mSELECT  1 AS one FROM "users" WHERE "users"."password_digest" = $1 LIMIT $2[0m  [["password_digest", "$2a$10$.kfUWFjIcbG1bS5Ed7IWveKTK87OVAFMfqacBLjfzmzoKQ0/U6UWy"], ["LIMIT", 1]]
  [1m[36mUser Exists (0.5ms)[0m  [1m[34mSELECT  1 AS one FROM "users" WHERE "users"."session_token" = $1 LIMIT $2[0m  [["session_token", "5TaASfPuTN0ixE0PEza5yg"], ["LIMIT", 1]]
  [1m[36mUser Exists (0.5ms)[0m  [1m[34mSELECT  1 AS one FROM "users" WHERE "users"."username" = $1 LIMIT $2[0m  [["username", "demo2"], ["LIMIT", 1]]
  [1m[36mUser Create (0.4ms)[0m  [1m[32mINSERT INTO "users" ("username", "password_digest", "session_token", "created_at", "updated_at") VALUES ($1, $2, $3, $4, $5) RETURNING "id"[0m  [["username", "demo2"], ["password_digest", "$2a$10$.kfUWFjIcbG1bS5Ed7IWveKTK87OVAFMfqacBLjfzmzoKQ0/U6UWy"], ["session_token", "5TaASfPuTN0ixE0PEza5yg"], ["created_at", "2019-05-24 18:00:39.214728"], ["updated_at", "2019-05-24 18:00:39.214728"]]
  [1m[35m (0.5ms)[0m  [1m[35mCOMMIT[0m
  [1m[35m (0.2ms)[0m  [1m[35mBEGIN[0m
  [1m[36mUser Exists (0.5ms)[0m  [1m[34mSELECT  1 AS one FROM "users" WHERE "users"."password_digest" = $1 LIMIT $2[0m  [["password_digest", "$2a$10$4zHlYJfbjJ5IQBo94V3R1e4YDKcZvC1g7h6ykUmMIZUrzh9odIvsK"], ["LIMIT", 1]]
  [1m[36mUser Exists (0.4ms)[0m  [1m[34mSELECT  1 AS one FROM "users" WHERE "users"."session_token" = $1 LIMIT $2[0m  [["session_token", "In1iOoPgG-CI09Jh7_pqTQ"], ["LIMIT", 1]]
  [1m[36mUser Exists (0.6ms)[0m  [1m[34mSELECT  1 AS one FROM "users" WHERE "users"."username" = $1 LIMIT $2[0m  [["username", "demo3"], ["LIMIT", 1]]
  [1m[36mUser Create (0.7ms)[0m  [1m[32mINSERT INTO "users" ("username", "password_digest", "session_token", "created_at", "updated_at") VALUES ($1, $2, $3, $4, $5) RETURNING "id"[0m  [["username", "demo3"], ["password_digest", "$2a$10$4zHlYJfbjJ5IQBo94V3R1e4YDKcZvC1g7h6ykUmMIZUrzh9odIvsK"], ["session_token", "In1iOoPgG-CI09Jh7_pqTQ"], ["created_at", "2019-05-24 18:00:49.209375"], ["updated_at", "2019-05-24 18:00:49.209375"]]
  [1m[35m (0.6ms)[0m  [1m[35mCOMMIT[0m
  [1m[36mUser Load (0.6ms)[0m  [1m[34mSELECT  "users".* FROM "users" WHERE "users"."username" = $1 LIMIT $2[0m  [["username", "demo1"], ["LIMIT", 1]]
  [1m[36mUser Load (0.6ms)[0m  [1m[34mSELECT  "users".* FROM "users" WHERE "users"."username" = $1 LIMIT $2[0m  [["username", "demo"], ["LIMIT", 1]]
  [1m[36mUser Load (0.5ms)[0m  [1m[34mSELECT  "users".* FROM "users" WHERE "users"."username" = $1 LIMIT $2[0m  [["username", "demo1"], ["LIMIT", 1]]
Started GET "/" for ::1 at 2019-05-24 14:12:45 -0400

ActiveRecord::PendingMigrationError - Migrations are pending. To resolve this issue, run:

        bin/rails db:migrate RAILS_ENV=development

:

Started POST "/__better_errors/fb10f487eda8de05/variables" for ::1 at 2019-05-24 14:12:46 -0400
  [1m[35m (0.3ms)[0m  [1m[34mSELECT pg_try_advisory_lock(456192024138762660)[0m
  ↳ bin/rails:9
  [1m[35m (15.9ms)[0m  [1m[34mSELECT "schema_migrations"."version" FROM "schema_migrations" ORDER BY "schema_migrations"."version" ASC[0m
  ↳ bin/rails:9
  [1m[36mActiveRecord::InternalMetadata Load (0.5ms)[0m  [1m[34mSELECT  "ar_internal_metadata".* FROM "ar_internal_metadata" WHERE "ar_internal_metadata"."key" = $1 LIMIT $2[0m  [["key", "environment"], ["LIMIT", 1]]
  ↳ bin/rails:9
  [1m[35m (0.2ms)[0m  [1m[35mBEGIN[0m
  ↳ bin/rails:9
  [1m[35m (0.2ms)[0m  [1m[35mCOMMIT[0m
  ↳ bin/rails:9
  [1m[35m (0.3ms)[0m  [1m[34mSELECT pg_advisory_unlock(456192024138762660)[0m
  ↳ bin/rails:9
  [1m[35m (0.3ms)[0m  [1m[34mSELECT "schema_migrations"."version" FROM "schema_migrations" ORDER BY "schema_migrations"."version" ASC[0m
  ↳ bin/rails:9
Started GET "/" for ::1 at 2019-05-24 14:14:05 -0400

ActiveRecord::PendingMigrationError - Migrations are pending. To resolve this issue, run:

        bin/rails db:migrate RAILS_ENV=development

:

Started POST "/__better_errors/28b63f94411d59ff/variables" for ::1 at 2019-05-24 14:14:05 -0400
  [1m[35m (0.2ms)[0m  [1m[34mSELECT pg_try_advisory_lock(456192024138762660)[0m
  ↳ bin/rails:9
  [1m[35m (1.0ms)[0m  [1m[34mSELECT "schema_migrations"."version" FROM "schema_migrations" ORDER BY "schema_migrations"."version" ASC[0m
  ↳ bin/rails:9
  [1m[36mActiveRecord::InternalMetadata Load (0.5ms)[0m  [1m[34mSELECT  "ar_internal_metadata".* FROM "ar_internal_metadata" WHERE "ar_internal_metadata"."key" = $1 LIMIT $2[0m  [["key", "environment"], ["LIMIT", 1]]
  ↳ bin/rails:9
  [1m[35m (0.2ms)[0m  [1m[35mBEGIN[0m
  ↳ bin/rails:9
  [1m[35m (0.1ms)[0m  [1m[35mCOMMIT[0m
  ↳ bin/rails:9
  [1m[35m (0.3ms)[0m  [1m[34mSELECT pg_advisory_unlock(456192024138762660)[0m
  ↳ bin/rails:9
  [1m[35m (0.3ms)[0m  [1m[34mSELECT "schema_migrations"."version" FROM "schema_migrations" ORDER BY "schema_migrations"."version" ASC[0m
  ↳ bin/rails:9
Started GET "/" for ::1 at 2019-05-24 14:15:03 -0400
  [1m[35m (0.9ms)[0m  [1m[34mSELECT "schema_migrations"."version" FROM "schema_migrations" ORDER BY "schema_migrations"."version" ASC[0m
  ↳ /Users/aa/.rbenv/versions/2.5.1/lib/ruby/gems/2.5.0/gems/activerecord-5.2.3/lib/active_record/log_subscriber.rb:98
Processing by StaticPagesController#root as HTML
  Rendering static_pages/root.html within layouts/application
  Rendered static_pages/root.html within layouts/application (1.4ms)
Completed 500 Internal Server Error in 426ms (ActiveRecord: 0.0ms)



Sprockets::FileNotFound - couldn't find file 'jquery' with type 'application/javascript'
Checked in these paths: 
  /Users/aa/Desktop/BencbBnB/app/assets/config
  /Users/aa/Desktop/BencbBnB/app/assets/images
  /Users/aa/Desktop/BencbBnB/app/assets/javascripts
  /Users/aa/Desktop/BencbBnB/app/assets/stylesheets
  /Users/aa/.rbenv/versions/2.5.1/lib/ruby/gems/2.5.0/gems/coffee-rails-4.2.2/lib/assets/javascripts
  /Users/aa/.rbenv/versions/2.5.1/lib/ruby/gems/2.5.0/gems/actioncable-5.2.3/lib/assets/compiled
  /Users/aa/.rbenv/versions/2.5.1/lib/ruby/gems/2.5.0/gems/activestorage-5.2.3/app/assets/javascripts
  /Users/aa/.rbenv/versions/2.5.1/lib/ruby/gems/2.5.0/gems/actionview-5.2.3/lib/assets/compiled
  /Users/aa/Desktop/BencbBnB/node_modules:
  app/views/layouts/application.html.erb:8:in `_app_views_layouts_application_html_erb___1253876308241476141_70123426956120'

Started POST "/__better_errors/c2da8d18479feb52/variables" for ::1 at 2019-05-24 14:15:04 -0400
Started GET "/" for ::1 at 2019-05-24 14:16:07 -0400
Processing by StaticPagesController#root as HTML
  Rendering static_pages/root.html within layouts/application
  Rendered static_pages/root.html within layouts/application (0.5ms)
Completed 500 Internal Server Error in 76ms (ActiveRecord: 0.0ms)



Sprockets::FileNotFound - couldn't find file 'jquery' with type 'application/javascript'
Checked in these paths: 
  /Users/aa/Desktop/BencbBnB/app/assets/config
  /Users/aa/Desktop/BencbBnB/app/assets/images
  /Users/aa/Desktop/BencbBnB/app/assets/javascripts
  /Users/aa/Desktop/BencbBnB/app/assets/stylesheets
  /Users/aa/.rbenv/versions/2.5.1/lib/ruby/gems/2.5.0/gems/coffee-rails-4.2.2/lib/assets/javascripts
  /Users/aa/.rbenv/versions/2.5.1/lib/ruby/gems/2.5.0/gems/actioncable-5.2.3/lib/assets/compiled
  /Users/aa/.rbenv/versions/2.5.1/lib/ruby/gems/2.5.0/gems/activestorage-5.2.3/app/assets/javascripts
  /Users/aa/.rbenv/versions/2.5.1/lib/ruby/gems/2.5.0/gems/actionview-5.2.3/lib/assets/compiled
  /Users/aa/Desktop/BencbBnB/node_modules:
  app/views/layouts/application.html.erb:8:in `_app_views_layouts_application_html_erb___1253876308241476141_70123454648240'

Started POST "/__better_errors/176b108c4f6fe72c/variables" for ::1 at 2019-05-24 14:16:07 -0400
Started GET "/" for ::1 at 2019-05-24 14:16:35 -0400
  [1m[35m (0.9ms)[0m  [1m[34mSELECT "schema_migrations"."version" FROM "schema_migrations" ORDER BY "schema_migrations"."version" ASC[0m
  ↳ /Users/aa/.rbenv/versions/2.5.1/lib/ruby/gems/2.5.0/gems/activerecord-5.2.3/lib/active_record/log_subscriber.rb:98
Processing by StaticPagesController#root as HTML
  Rendering static_pages/root.html within layouts/application
  Rendered static_pages/root.html within layouts/application (1.0ms)
Completed 200 OK in 3563ms (Views: 3560.4ms | ActiveRecord: 0.0ms)


Started DELETE "/api/session" for ::1 at 2019-05-24 14:17:50 -0400

NameError - uninitialized constant Api::SessionsController:

Started POST "/api/users" for ::1 at 2019-05-24 14:19:15 -0400
Processing by Api::UsersController#create as JSON
  Parameters: {"user"=>{"username"=>"demo4", "password"=>"[FILTERED]"}}
  [1m[35m (0.2ms)[0m  [1m[35mBEGIN[0m
  ↳ app/controllers/api/users_controller.rb:4
  [1m[36mUser Exists (1.2ms)[0m  [1m[34mSELECT  1 AS one FROM "users" WHERE "users"."password_digest" = $1 LIMIT $2[0m  [["password_digest", "$2a$10$.6AmW8mXfoSU0twebVwkKOytGXjUHsnRPrU2QAPuBbVgFWdBDKAtm"], ["LIMIT", 1]]
  ↳ app/controllers/api/users_controller.rb:4
  [1m[36mUser Exists (0.4ms)[0m  [1m[34mSELECT  1 AS one FROM "users" WHERE "users"."session_token" = $1 LIMIT $2[0m  [["session_token", "IyCA4VGVh4GbV-wbKKJZLg"], ["LIMIT", 1]]
  ↳ app/controllers/api/users_controller.rb:4
  [1m[36mUser Exists (0.4ms)[0m  [1m[34mSELECT  1 AS one FROM "users" WHERE "users"."username" = $1 LIMIT $2[0m  [["username", "demo4"], ["LIMIT", 1]]
  ↳ app/controllers/api/users_controller.rb:4
  [1m[36mUser Create (10.9ms)[0m  [1m[32mINSERT INTO "users" ("username", "password_digest", "session_token", "created_at", "updated_at") VALUES ($1, $2, $3, $4, $5) RETURNING "id"[0m  [["username", "demo4"], ["password_digest", "$2a$10$.6AmW8mXfoSU0twebVwkKOytGXjUHsnRPrU2QAPuBbVgFWdBDKAtm"], ["session_token", "IyCA4VGVh4GbV-wbKKJZLg"], ["created_at", "2019-05-24 18:19:15.340443"], ["updated_at", "2019-05-24 18:19:15.340443"]]
  ↳ app/controllers/api/users_controller.rb:4
  [1m[35m (40.7ms)[0m  [1m[35mCOMMIT[0m
  ↳ app/controllers/api/users_controller.rb:4
Completed 500 Internal Server Error in 211ms (ActiveRecord: 66.6ms)



NoMethodError - undefined method `reset_session_token!' for #<User:0x00007fc45314ed20>
Did you mean?  reset_session_token
               restore_session_token!:
  app/controllers/application_controller.rb:14:in `login'
  app/controllers/api/users_controller.rb:5:in `create'

Started GET "/" for ::1 at 2019-05-24 14:20:08 -0400
Processing by StaticPagesController#root as HTML
  Rendering static_pages/root.html within layouts/application
  Rendered static_pages/root.html within layouts/application (0.5ms)
Completed 200 OK in 166ms (Views: 153.7ms | ActiveRecord: 0.0ms)


Started POST "/api/users" for ::1 at 2019-05-24 14:20:13 -0400
Processing by Api::UsersController#create as JSON
  Parameters: {"user"=>{"username"=>"demo4", "password"=>"[FILTERED]"}}
  [1m[35m (0.3ms)[0m  [1m[35mBEGIN[0m
  ↳ app/controllers/api/users_controller.rb:4
  [1m[36mUser Exists (0.4ms)[0m  [1m[34mSELECT  1 AS one FROM "users" WHERE "users"."password_digest" = $1 LIMIT $2[0m  [["password_digest", "$2a$10$olGgT/C.CTsJ1FAbzD3aZuWgr6s/JCKrnpE2V3d7EHrul7c232Qf2"], ["LIMIT", 1]]
  ↳ app/controllers/api/users_controller.rb:4
  [1m[36mUser Exists (0.3ms)[0m  [1m[34mSELECT  1 AS one FROM "users" WHERE "users"."session_token" = $1 LIMIT $2[0m  [["session_token", "FkTCWPcJyy9cpodNy5e2CQ"], ["LIMIT", 1]]
  ↳ app/controllers/api/users_controller.rb:4
  [1m[36mUser Exists (0.3ms)[0m  [1m[34mSELECT  1 AS one FROM "users" WHERE "users"."username" = $1 LIMIT $2[0m  [["username", "demo4"], ["LIMIT", 1]]
  ↳ app/controllers/api/users_controller.rb:4
  [1m[35m (0.3ms)[0m  [1m[31mROLLBACK[0m
  ↳ app/controllers/api/users_controller.rb:4
Completed 402 Payment Required in 130ms (Views: 0.2ms | ActiveRecord: 10.0ms)


Started GET "/" for ::1 at 2019-05-24 14:20:39 -0400
Processing by StaticPagesController#root as HTML
  Rendering static_pages/root.html within layouts/application
  Rendered static_pages/root.html within layouts/application (0.3ms)
Completed 200 OK in 184ms (Views: 166.5ms | ActiveRecord: 0.0ms)


Started POST "/api/users" for ::1 at 2019-05-24 14:20:43 -0400
Processing by Api::UsersController#create as JSON
  Parameters: {"user"=>{"username"=>"demo4", "password"=>"[FILTERED]"}}
  [1m[35m (0.3ms)[0m  [1m[35mBEGIN[0m
  ↳ app/controllers/api/users_controller.rb:5
  [1m[36mUser Exists (0.5ms)[0m  [1m[34mSELECT  1 AS one FROM "users" WHERE "users"."password_digest" = $1 LIMIT $2[0m  [["password_digest", "$2a$10$gxzpaWmtMfyYl3ANBTGH4Oh4HYSw7TSMdZWKAgkoYoyqCAMMoJRK6"], ["LIMIT", 1]]
  ↳ app/controllers/api/users_controller.rb:5
  [1m[36mUser Exists (0.4ms)[0m  [1m[34mSELECT  1 AS one FROM "users" WHERE "users"."session_token" = $1 LIMIT $2[0m  [["session_token", "iPcRlEXQCq2ItjX2pdq5pQ"], ["LIMIT", 1]]
  ↳ app/controllers/api/users_controller.rb:5
  [1m[36mUser Exists (0.3ms)[0m  [1m[34mSELECT  1 AS one FROM "users" WHERE "users"."username" = $1 LIMIT $2[0m  [["username", "demo4"], ["LIMIT", 1]]
  ↳ app/controllers/api/users_controller.rb:5
  [1m[35m (0.3ms)[0m  [1m[31mROLLBACK[0m
  ↳ app/controllers/api/users_controller.rb:5
Completed 402 Payment Required in 26221ms (Views: 0.2ms | ActiveRecord: 8.3ms)


  [1m[36mUser Load (0.7ms)[0m  [1m[34mSELECT "users".* FROM "users"[0m
Started POST "/api/users" for ::1 at 2019-05-24 14:22:24 -0400
Processing by Api::UsersController#create as JSON
  Parameters: {"user"=>{"username"=>"demo4", "password"=>"[FILTERED]"}}
  [1m[35m (1.9ms)[0m  [1m[35mBEGIN[0m
  ↳ app/controllers/api/users_controller.rb:5
  [1m[36mUser Exists (0.8ms)[0m  [1m[34mSELECT  1 AS one FROM "users" WHERE "users"."password_digest" = $1 LIMIT $2[0m  [["password_digest", "$2a$10$3ehzsAbCvUUklpwtuXB/1eK.nLHPIRVDUzD1AikGgWqp2awOAWt7u"], ["LIMIT", 1]]
  ↳ app/controllers/api/users_controller.rb:5
  [1m[36mUser Exists (0.5ms)[0m  [1m[34mSELECT  1 AS one FROM "users" WHERE "users"."session_token" = $1 LIMIT $2[0m  [["session_token", "7BtZlr0wnXyqhBbtkCRFBw"], ["LIMIT", 1]]
  ↳ app/controllers/api/users_controller.rb:5
  [1m[36mUser Exists (0.4ms)[0m  [1m[34mSELECT  1 AS one FROM "users" WHERE "users"."username" = $1 LIMIT $2[0m  [["username", "demo4"], ["LIMIT", 1]]
  ↳ app/controllers/api/users_controller.rb:5
  [1m[35m (0.3ms)[0m  [1m[31mROLLBACK[0m
  ↳ app/controllers/api/users_controller.rb:5
Completed 402 Payment Required in 94792ms (Views: 1.6ms | ActiveRecord: 3.9ms)


Started POST "/api/users" for ::1 at 2019-05-24 14:24:07 -0400
Processing by Api::UsersController#create as JSON
  Parameters: {"user"=>{"username"=>"demo5", "password"=>"[FILTERED]"}}
  [1m[35m (0.3ms)[0m  [1m[35mBEGIN[0m
  ↳ app/controllers/api/users_controller.rb:5
  [1m[36mUser Exists (0.7ms)[0m  [1m[34mSELECT  1 AS one FROM "users" WHERE "users"."password_digest" = $1 LIMIT $2[0m  [["password_digest", "$2a$10$.vGgizzthcwQ.8aHmbhSQeKEjadxOTExweAEGvs71Maa9VzHOxNeC"], ["LIMIT", 1]]
  ↳ app/controllers/api/users_controller.rb:5
  [1m[36mUser Exists (0.4ms)[0m  [1m[34mSELECT  1 AS one FROM "users" WHERE "users"."session_token" = $1 LIMIT $2[0m  [["session_token", "pHEUd9dQrFw3XHQg0TU1uw"], ["LIMIT", 1]]
  ↳ app/controllers/api/users_controller.rb:5
  [1m[36mUser Exists (0.4ms)[0m  [1m[34mSELECT  1 AS one FROM "users" WHERE "users"."username" = $1 LIMIT $2[0m  [["username", "demo5"], ["LIMIT", 1]]
  ↳ app/controllers/api/users_controller.rb:5
  [1m[36mUser Create (0.6ms)[0m  [1m[32mINSERT INTO "users" ("username", "password_digest", "session_token", "created_at", "updated_at") VALUES ($1, $2, $3, $4, $5) RETURNING "id"[0m  [["username", "demo5"], ["password_digest", "$2a$10$.vGgizzthcwQ.8aHmbhSQeKEjadxOTExweAEGvs71Maa9VzHOxNeC"], ["session_token", "pHEUd9dQrFw3XHQg0TU1uw"], ["created_at", "2019-05-24 18:24:10.945616"], ["updated_at", "2019-05-24 18:24:10.945616"]]
  ↳ app/controllers/api/users_controller.rb:5
  [1m[35m (29.0ms)[0m  [1m[35mCOMMIT[0m
  ↳ app/controllers/api/users_controller.rb:5
  [1m[35m (0.2ms)[0m  [1m[35mBEGIN[0m
  ↳ app/models/user.rb:42
  [1m[36mUser Exists (1.4ms)[0m  [1m[34mSELECT  1 AS one FROM "users" WHERE "users"."password_digest" = $1 AND "users"."id" != $2 LIMIT $3[0m  [["password_digest", "$2a$10$.vGgizzthcwQ.8aHmbhSQeKEjadxOTExweAEGvs71Maa9VzHOxNeC"], ["id", 5], ["LIMIT", 1]]
  ↳ app/models/user.rb:42
  [1m[36mUser Exists (0.6ms)[0m  [1m[34mSELECT  1 AS one FROM "users" WHERE "users"."session_token" = $1 AND "users"."id" != $2 LIMIT $3[0m  [["session_token", "EHZoXfuJrfehMLpFhIfkUA"], ["id", 5], ["LIMIT", 1]]
  ↳ app/models/user.rb:42
  [1m[36mUser Exists (0.4ms)[0m  [1m[34mSELECT  1 AS one FROM "users" WHERE "users"."username" = $1 AND "users"."id" != $2 LIMIT $3[0m  [["username", "demo5"], ["id", 5], ["LIMIT", 1]]
  ↳ app/models/user.rb:42
  [1m[36mUser Update (35.1ms)[0m  [1m[33mUPDATE "users" SET "session_token" = $1, "updated_at" = $2 WHERE "users"."id" = $3[0m  [["session_token", "EHZoXfuJrfehMLpFhIfkUA"], ["updated_at", "2019-05-24 18:24:10.985986"], ["id", 5]]
  ↳ app/models/user.rb:42
  [1m[35m (0.5ms)[0m  [1m[35mCOMMIT[0m
  ↳ app/models/user.rb:42
  Rendering api/users/show.json.jbuilder
  Rendered api/users/_user.json.jbuilder (0.8ms)
  Rendered api/users/show.json.jbuilder (37.8ms)
Completed 200 OK in 3699ms (Views: 62.2ms | ActiveRecord: 69.6ms)


Started DELETE "/api/session" for ::1 at 2019-05-24 14:25:43 -0400

NameError - uninitialized constant Api::SessionsController:

Started GET "/" for ::1 at 2019-05-24 14:26:19 -0400
Processing by StaticPagesController#root as HTML
  Rendering static_pages/root.html within layouts/application
  Rendered static_pages/root.html within layouts/application (0.4ms)
Completed 200 OK in 190ms (Views: 176.2ms | ActiveRecord: 0.0ms)


Started POST "/api/session" for ::1 at 2019-05-24 14:27:06 -0400

NameError - uninitialized constant Api::SessionsController:

Started GET "/" for ::1 at 2019-05-24 14:28:36 -0400
Processing by StaticPagesController#root as HTML
  Rendering static_pages/root.html within layouts/application
  Rendered static_pages/root.html within layouts/application (0.4ms)
Completed 200 OK in 169ms (Views: 153.6ms | ActiveRecord: 0.0ms)


Started DELETE "/api/session" for ::1 at 2019-05-24 14:28:47 -0400
Processing by Api::SessionsController#destroy as JSON
  [1m[36mUser Load (0.4ms)[0m  [1m[34mSELECT  "users".* FROM "users" WHERE "users"."session_token" = $1 LIMIT $2[0m  [["session_token", "EHZoXfuJrfehMLpFhIfkUA"], ["LIMIT", 1]]
  ↳ app/controllers/application_controller.rb:5
  [1m[35m (0.2ms)[0m  [1m[35mBEGIN[0m
  ↳ app/models/user.rb:42
  [1m[36mUser Exists (0.5ms)[0m  [1m[34mSELECT  1 AS one FROM "users" WHERE "users"."password_digest" = $1 AND "users"."id" != $2 LIMIT $3[0m  [["password_digest", "$2a$10$.vGgizzthcwQ.8aHmbhSQeKEjadxOTExweAEGvs71Maa9VzHOxNeC"], ["id", 5], ["LIMIT", 1]]
  ↳ app/models/user.rb:42
  [1m[36mUser Exists (0.4ms)[0m  [1m[34mSELECT  1 AS one FROM "users" WHERE "users"."session_token" = $1 AND "users"."id" != $2 LIMIT $3[0m  [["session_token", "HRknTaeZuHgJcTkZNIKoRA"], ["id", 5], ["LIMIT", 1]]
  ↳ app/models/user.rb:42
  [1m[36mUser Exists (0.4ms)[0m  [1m[34mSELECT  1 AS one FROM "users" WHERE "users"."username" = $1 AND "users"."id" != $2 LIMIT $3[0m  [["username", "demo5"], ["id", 5], ["LIMIT", 1]]
  ↳ app/models/user.rb:42
  [1m[36mUser Update (0.5ms)[0m  [1m[33mUPDATE "users" SET "session_token" = $1, "updated_at" = $2 WHERE "users"."id" = $3[0m  [["session_token", "HRknTaeZuHgJcTkZNIKoRA"], ["updated_at", "2019-05-24 18:28:48.472049"], ["id", 5]]
  ↳ app/models/user.rb:42
  [1m[35m (50.3ms)[0m  [1m[35mCOMMIT[0m
  ↳ app/models/user.rb:42
Completed 200 OK in 195ms (Views: 0.3ms | ActiveRecord: 62.7ms)


Started POST "/api/session" for ::1 at 2019-05-24 14:29:09 -0400
Processing by Api::SessionsController#create as JSON
  Parameters: {"user"=>{"username"=>"demo5", "password"=>"[FILTERED]"}}
Completed 500 Internal Server Error in 4ms (ActiveRecord: 0.0ms)



NoMethodError - undefined method `find_by_credentials' for nil:NilClass:
  app/controllers/api/sessions_controller.rb:3:in `create'

Started POST "/api/session" for ::1 at 2019-05-24 14:29:27 -0400
Processing by Api::SessionsController#create as JSON
  Parameters: {"user"=>{"username"=>"demo5", "password"=>"[FILTERED]"}}
  [1m[36mUser Load (0.3ms)[0m  [1m[34mSELECT  "users".* FROM "users" WHERE "users"."username" = $1 LIMIT $2[0m  [["username", "demo5"], ["LIMIT", 1]]
  ↳ app/models/user.rb:22
  [1m[35m (0.2ms)[0m  [1m[35mBEGIN[0m
  ↳ app/models/user.rb:42
  [1m[36mUser Exists (0.4ms)[0m  [1m[34mSELECT  1 AS one FROM "users" WHERE "users"."password_digest" = $1 AND "users"."id" != $2 LIMIT $3[0m  [["password_digest", "$2a$10$.vGgizzthcwQ.8aHmbhSQeKEjadxOTExweAEGvs71Maa9VzHOxNeC"], ["id", 5], ["LIMIT", 1]]
  ↳ app/models/user.rb:42
  [1m[36mUser Exists (0.4ms)[0m  [1m[34mSELECT  1 AS one FROM "users" WHERE "users"."session_token" = $1 AND "users"."id" != $2 LIMIT $3[0m  [["session_token", "tCZPCgd-lZFn19m3SF9h0g"], ["id", 5], ["LIMIT", 1]]
  ↳ app/models/user.rb:42
  [1m[36mUser Exists (0.4ms)[0m  [1m[34mSELECT  1 AS one FROM "users" WHERE "users"."username" = $1 AND "users"."id" != $2 LIMIT $3[0m  [["username", "demo5"], ["id", 5], ["LIMIT", 1]]
  ↳ app/models/user.rb:42
  [1m[36mUser Update (22.0ms)[0m  [1m[33mUPDATE "users" SET "session_token" = $1, "updated_at" = $2 WHERE "users"."id" = $3[0m  [["session_token", "tCZPCgd-lZFn19m3SF9h0g"], ["updated_at", "2019-05-24 18:29:27.298377"], ["id", 5]]
  ↳ app/models/user.rb:42
  [1m[35m (0.5ms)[0m  [1m[35mCOMMIT[0m
  ↳ app/models/user.rb:42
Completed 500 Internal Server Error in 187ms (ActiveRecord: 30.3ms)



ActionView::MissingTemplate - Missing template api/sessions/show, application/show with {:locale=>[:en], :formats=>[:json], :variants=>[], :handlers=>[:raw, :erb, :html, :builder, :ruby, :coffee, :jbuilder]}. Searched in:
  * "/Users/aa/Desktop/BencbBnB/app/views"
:
  app/controllers/api/sessions_controller.rb:8:in `create'

Started POST "/api/session" for ::1 at 2019-05-24 14:30:35 -0400
Processing by Api::SessionsController#create as JSON
  Parameters: {"user"=>{"username"=>"demo5", "password"=>"[FILTERED]"}}
  [1m[36mUser Load (0.5ms)[0m  [1m[34mSELECT  "users".* FROM "users" WHERE "users"."username" = $1 LIMIT $2[0m  [["username", "demo5"], ["LIMIT", 1]]
  ↳ app/models/user.rb:22
  [1m[35m (0.2ms)[0m  [1m[35mBEGIN[0m
  ↳ app/models/user.rb:42
  [1m[36mUser Exists (0.5ms)[0m  [1m[34mSELECT  1 AS one FROM "users" WHERE "users"."password_digest" = $1 AND "users"."id" != $2 LIMIT $3[0m  [["password_digest", "$2a$10$.vGgizzthcwQ.8aHmbhSQeKEjadxOTExweAEGvs71Maa9VzHOxNeC"], ["id", 5], ["LIMIT", 1]]
  ↳ app/models/user.rb:42
  [1m[36mUser Exists (0.4ms)[0m  [1m[34mSELECT  1 AS one FROM "users" WHERE "users"."session_token" = $1 AND "users"."id" != $2 LIMIT $3[0m  [["session_token", "mrbM4CB9rfSXGqSHclpSbQ"], ["id", 5], ["LIMIT", 1]]
  ↳ app/models/user.rb:42
  [1m[36mUser Exists (0.4ms)[0m  [1m[34mSELECT  1 AS one FROM "users" WHERE "users"."username" = $1 AND "users"."id" != $2 LIMIT $3[0m  [["username", "demo5"], ["id", 5], ["LIMIT", 1]]
  ↳ app/models/user.rb:42
  [1m[36mUser Update (0.5ms)[0m  [1m[33mUPDATE "users" SET "session_token" = $1, "updated_at" = $2 WHERE "users"."id" = $3[0m  [["session_token", "mrbM4CB9rfSXGqSHclpSbQ"], ["updated_at", "2019-05-24 18:30:35.680188"], ["id", 5]]
  ↳ app/models/user.rb:42
  [1m[35m (15.2ms)[0m  [1m[35mCOMMIT[0m
  ↳ app/models/user.rb:42
Completed 500 Internal Server Error in 108ms (ActiveRecord: 17.7ms)



ActionView::MissingTemplate - Missing template api/sessions/show, application/show with {:locale=>[:en], :formats=>[:json], :variants=>[], :handlers=>[:raw, :erb, :html, :builder, :ruby, :coffee, :jbuilder]}. Searched in:
  * "/Users/aa/Desktop/BencbBnB/app/views"
:
  app/controllers/api/sessions_controller.rb:8:in `create'

Started GET "/" for ::1 at 2019-05-24 14:30:54 -0400
Processing by StaticPagesController#root as HTML
  Rendering static_pages/root.html within layouts/application
  Rendered static_pages/root.html within layouts/application (0.8ms)
Completed 200 OK in 183ms (Views: 170.1ms | ActiveRecord: 0.0ms)


Started POST "/api/session" for ::1 at 2019-05-24 14:31:06 -0400
Processing by Api::SessionsController#create as JSON
  Parameters: {"user"=>{"username"=>"demo5", "password"=>"[FILTERED]"}}
  [1m[36mUser Load (0.4ms)[0m  [1m[34mSELECT  "users".* FROM "users" WHERE "users"."username" = $1 LIMIT $2[0m  [["username", "demo5"], ["LIMIT", 1]]
  ↳ app/models/user.rb:22
  [1m[35m (0.2ms)[0m  [1m[35mBEGIN[0m
  ↳ app/models/user.rb:42
  [1m[36mUser Exists (0.5ms)[0m  [1m[34mSELECT  1 AS one FROM "users" WHERE "users"."password_digest" = $1 AND "users"."id" != $2 LIMIT $3[0m  [["password_digest", "$2a$10$.vGgizzthcwQ.8aHmbhSQeKEjadxOTExweAEGvs71Maa9VzHOxNeC"], ["id", 5], ["LIMIT", 1]]
  ↳ app/models/user.rb:42
  [1m[36mUser Exists (0.4ms)[0m  [1m[34mSELECT  1 AS one FROM "users" WHERE "users"."session_token" = $1 AND "users"."id" != $2 LIMIT $3[0m  [["session_token", "JxuIkIjGu7XQH7m_zLVaig"], ["id", 5], ["LIMIT", 1]]
  ↳ app/models/user.rb:42
  [1m[36mUser Exists (0.4ms)[0m  [1m[34mSELECT  1 AS one FROM "users" WHERE "users"."username" = $1 AND "users"."id" != $2 LIMIT $3[0m  [["username", "demo5"], ["id", 5], ["LIMIT", 1]]
  ↳ app/models/user.rb:42
  [1m[36mUser Update (0.5ms)[0m  [1m[33mUPDATE "users" SET "session_token" = $1, "updated_at" = $2 WHERE "users"."id" = $3[0m  [["session_token", "JxuIkIjGu7XQH7m_zLVaig"], ["updated_at", "2019-05-24 18:31:06.640053"], ["id", 5]]
  ↳ app/models/user.rb:42
  [1m[35m (0.6ms)[0m  [1m[35mCOMMIT[0m
  ↳ app/models/user.rb:42
  Rendering api/sessions/show.json.jbuilder
  Rendered api/users/_user.json.jbuilder (0.5ms)
  Rendered api/sessions/show.json.jbuilder (19.6ms)
Completed 200 OK in 172ms (Views: 50.2ms | ActiveRecord: 9.7ms)


Started GET "/" for ::1 at 2019-05-24 15:28:09 -0400
Processing by StaticPagesController#root as HTML
  Rendering static_pages/root.html within layouts/application
  Rendered static_pages/root.html within layouts/application (0.5ms)
Completed 200 OK in 1437ms (Views: 1413.1ms | ActiveRecord: 0.0ms)


Started GET "/" for ::1 at 2019-05-24 15:30:02 -0400
Processing by StaticPagesController#root as HTML
  Rendering static_pages/root.html within layouts/application
  Rendered static_pages/root.html within layouts/application (11.4ms)
Completed 200 OK in 2400ms (Views: 2346.0ms | ActiveRecord: 0.0ms)


Started GET "/" for ::1 at 2019-05-24 15:32:09 -0400
Processing by StaticPagesController#root as HTML
  Rendering static_pages/root.html within layouts/application
  Rendered static_pages/root.html within layouts/application (2.5ms)
Completed 200 OK in 1914ms (Views: 1863.0ms | ActiveRecord: 0.0ms)


Started GET "/" for ::1 at 2019-05-24 15:32:28 -0400
Processing by StaticPagesController#root as HTML
  Rendering static_pages/root.html within layouts/application
  Rendered static_pages/root.html within layouts/application (0.7ms)
Completed 200 OK in 1125ms (Views: 1108.5ms | ActiveRecord: 0.0ms)


Started POST "/api/users" for ::1 at 2019-05-24 15:33:05 -0400
Processing by Api::UsersController#create as JSON
  Parameters: {"user"=>{"username"=>"demo6", "password"=>"[FILTERED]"}}
  [1m[35m (0.2ms)[0m  [1m[35mBEGIN[0m
  ↳ app/controllers/api/users_controller.rb:5
  [1m[36mUser Exists (1.3ms)[0m  [1m[34mSELECT  1 AS one FROM "users" WHERE "users"."password_digest" = $1 LIMIT $2[0m  [["password_digest", "$2a$10$T1H3hX.ts9cZ4S8A7NK5te6JF5nO4dKDyg2gdbnoF0JZbbQlmG6oC"], ["LIMIT", 1]]
  ↳ app/controllers/api/users_controller.rb:5
  [1m[36mUser Exists (0.4ms)[0m  [1m[34mSELECT  1 AS one FROM "users" WHERE "users"."session_token" = $1 LIMIT $2[0m  [["session_token", "0_2hBnqVNV2803A15NaMbA"], ["LIMIT", 1]]
  ↳ app/controllers/api/users_controller.rb:5
  [1m[36mUser Exists (0.3ms)[0m  [1m[34mSELECT  1 AS one FROM "users" WHERE "users"."username" = $1 LIMIT $2[0m  [["username", "demo6"], ["LIMIT", 1]]
  ↳ app/controllers/api/users_controller.rb:5
  [1m[36mUser Create (14.0ms)[0m  [1m[32mINSERT INTO "users" ("username", "password_digest", "session_token", "created_at", "updated_at") VALUES ($1, $2, $3, $4, $5) RETURNING "id"[0m  [["username", "demo6"], ["password_digest", "$2a$10$T1H3hX.ts9cZ4S8A7NK5te6JF5nO4dKDyg2gdbnoF0JZbbQlmG6oC"], ["session_token", "0_2hBnqVNV2803A15NaMbA"], ["created_at", "2019-05-24 19:33:05.244938"], ["updated_at", "2019-05-24 19:33:05.244938"]]
  ↳ app/controllers/api/users_controller.rb:5
  [1m[35m (40.9ms)[0m  [1m[35mCOMMIT[0m
  ↳ app/controllers/api/users_controller.rb:5
  [1m[35m (0.2ms)[0m  [1m[35mBEGIN[0m
  ↳ app/models/user.rb:42
  [1m[36mUser Exists (0.5ms)[0m  [1m[34mSELECT  1 AS one FROM "users" WHERE "users"."password_digest" = $1 AND "users"."id" != $2 LIMIT $3[0m  [["password_digest", "$2a$10$T1H3hX.ts9cZ4S8A7NK5te6JF5nO4dKDyg2gdbnoF0JZbbQlmG6oC"], ["id", 6], ["LIMIT", 1]]
  ↳ app/models/user.rb:42
  [1m[36mUser Exists (0.4ms)[0m  [1m[34mSELECT  1 AS one FROM "users" WHERE "users"."session_token" = $1 AND "users"."id" != $2 LIMIT $3[0m  [["session_token", "7ZyeMlb7mWwTw7Llp2Qfpg"], ["id", 6], ["LIMIT", 1]]
  ↳ app/models/user.rb:42
  [1m[36mUser Exists (0.4ms)[0m  [1m[34mSELECT  1 AS one FROM "users" WHERE "users"."username" = $1 AND "users"."id" != $2 LIMIT $3[0m  [["username", "demo6"], ["id", 6], ["LIMIT", 1]]
  ↳ app/models/user.rb:42
  [1m[36mUser Update (0.6ms)[0m  [1m[33mUPDATE "users" SET "session_token" = $1, "updated_at" = $2 WHERE "users"."id" = $3[0m  [["session_token", "7ZyeMlb7mWwTw7Llp2Qfpg"], ["updated_at", "2019-05-24 19:33:05.306300"], ["id", 6]]
  ↳ app/models/user.rb:42
  [1m[35m (0.6ms)[0m  [1m[35mCOMMIT[0m
  ↳ app/models/user.rb:42
  Rendering api/users/show.json.jbuilder
  Rendered api/users/_user.json.jbuilder (0.6ms)
  Rendered api/users/show.json.jbuilder (9.9ms)
Completed 200 OK in 226ms (Views: 28.8ms | ActiveRecord: 73.1ms)


Started GET "/" for ::1 at 2019-05-24 15:34:13 -0400
Processing by StaticPagesController#root as HTML
  Rendering static_pages/root.html within layouts/application
  Rendered static_pages/root.html within layouts/application (3.3ms)
Completed 200 OK in 1284ms (Views: 1263.5ms | ActiveRecord: 0.0ms)


Started GET "/" for ::1 at 2019-05-24 15:34:27 -0400
Processing by StaticPagesController#root as HTML
  Rendering static_pages/root.html within layouts/application
  Rendered static_pages/root.html within layouts/application (0.4ms)
Completed 200 OK in 1211ms (Views: 1182.2ms | ActiveRecord: 0.0ms)


Started POST "/api/users" for ::1 at 2019-05-24 15:34:47 -0400
Processing by Api::UsersController#create as JSON
  Parameters: {"user"=>{"username"=>"demo7", "password"=>"[FILTERED]"}}
  [1m[35m (0.3ms)[0m  [1m[35mBEGIN[0m
  ↳ app/controllers/api/users_controller.rb:5
  [1m[36mUser Exists (0.9ms)[0m  [1m[34mSELECT  1 AS one FROM "users" WHERE "users"."password_digest" = $1 LIMIT $2[0m  [["password_digest", "$2a$10$SunsWch3li64WpzHD9t53OFry0MUTDx2sHiiq3zXfTy8GWMDQx1M6"], ["LIMIT", 1]]
  ↳ app/controllers/api/users_controller.rb:5
  [1m[36mUser Exists (0.5ms)[0m  [1m[34mSELECT  1 AS one FROM "users" WHERE "users"."session_token" = $1 LIMIT $2[0m  [["session_token", "1sjq0IIsJlAD7cp3JwzCUA"], ["LIMIT", 1]]
  ↳ app/controllers/api/users_controller.rb:5
  [1m[36mUser Exists (0.4ms)[0m  [1m[34mSELECT  1 AS one FROM "users" WHERE "users"."username" = $1 LIMIT $2[0m  [["username", "demo7"], ["LIMIT", 1]]
  ↳ app/controllers/api/users_controller.rb:5
  [1m[36mUser Create (0.6ms)[0m  [1m[32mINSERT INTO "users" ("username", "password_digest", "session_token", "created_at", "updated_at") VALUES ($1, $2, $3, $4, $5) RETURNING "id"[0m  [["username", "demo7"], ["password_digest", "$2a$10$SunsWch3li64WpzHD9t53OFry0MUTDx2sHiiq3zXfTy8GWMDQx1M6"], ["session_token", "1sjq0IIsJlAD7cp3JwzCUA"], ["created_at", "2019-05-24 19:34:47.922255"], ["updated_at", "2019-05-24 19:34:47.922255"]]
  ↳ app/controllers/api/users_controller.rb:5
  [1m[35m (0.6ms)[0m  [1m[35mCOMMIT[0m
  ↳ app/controllers/api/users_controller.rb:5
  [1m[35m (0.2ms)[0m  [1m[35mBEGIN[0m
  ↳ app/models/user.rb:42
  [1m[36mUser Exists (0.4ms)[0m  [1m[34mSELECT  1 AS one FROM "users" WHERE "users"."password_digest" = $1 AND "users"."id" != $2 LIMIT $3[0m  [["password_digest", "$2a$10$SunsWch3li64WpzHD9t53OFry0MUTDx2sHiiq3zXfTy8GWMDQx1M6"], ["id", 7], ["LIMIT", 1]]
  ↳ app/models/user.rb:42
  [1m[36mUser Exists (0.5ms)[0m  [1m[34mSELECT  1 AS one FROM "users" WHERE "users"."session_token" = $1 AND "users"."id" != $2 LIMIT $3[0m  [["session_token", "XODyqMPjW3Yr74-Y5mfY8A"], ["id", 7], ["LIMIT", 1]]
  ↳ app/models/user.rb:42
  [1m[36mUser Exists (0.4ms)[0m  [1m[34mSELECT  1 AS one FROM "users" WHERE "users"."username" = $1 AND "users"."id" != $2 LIMIT $3[0m  [["username", "demo7"], ["id", 7], ["LIMIT", 1]]
  ↳ app/models/user.rb:42
  [1m[36mUser Update (0.5ms)[0m  [1m[33mUPDATE "users" SET "session_token" = $1, "updated_at" = $2 WHERE "users"."id" = $3[0m  [["session_token", "XODyqMPjW3Yr74-Y5mfY8A"], ["updated_at", "2019-05-24 19:34:47.929812"], ["id", 7]]
  ↳ app/models/user.rb:42
  [1m[35m (0.5ms)[0m  [1m[35mCOMMIT[0m
  ↳ app/models/user.rb:42
  Rendering api/users/show.json.jbuilder
  Rendered api/users/_user.json.jbuilder (0.8ms)
  Rendered api/users/show.json.jbuilder (10.9ms)
Completed 200 OK in 135ms (Views: 33.6ms | ActiveRecord: 5.8ms)


Started GET "/" for ::1 at 2019-05-24 15:37:08 -0400
Processing by StaticPagesController#root as HTML
  Rendering static_pages/root.html within layouts/application
  Rendered static_pages/root.html within layouts/application (2.3ms)
Completed 200 OK in 1895ms (Views: 1871.7ms | ActiveRecord: 0.0ms)


Started GET "/" for ::1 at 2019-05-24 15:37:14 -0400
Processing by StaticPagesController#root as HTML
  Rendering static_pages/root.html within layouts/application
  Rendered static_pages/root.html within layouts/application (0.6ms)
Completed 200 OK in 1128ms (Views: 1126.3ms | ActiveRecord: 0.0ms)


Started POST "/api/users" for ::1 at 2019-05-24 15:37:29 -0400
Processing by Api::UsersController#create as JSON
  Parameters: {"user"=>{"username"=>"demo8", "password"=>"[FILTERED]"}}
  [1m[35m (0.4ms)[0m  [1m[35mBEGIN[0m
  ↳ app/controllers/api/users_controller.rb:5
  [1m[36mUser Exists (0.8ms)[0m  [1m[34mSELECT  1 AS one FROM "users" WHERE "users"."password_digest" = $1 LIMIT $2[0m  [["password_digest", "$2a$10$i4I54a12K4fZjOQdczNWkOH/TZug2hBv5IbIvrxSsVZRkatGu9Qd6"], ["LIMIT", 1]]
  ↳ app/controllers/api/users_controller.rb:5
  [1m[36mUser Exists (0.4ms)[0m  [1m[34mSELECT  1 AS one FROM "users" WHERE "users"."session_token" = $1 LIMIT $2[0m  [["session_token", "IhaxXkFcU1ZymJWuqXs_oQ"], ["LIMIT", 1]]
  ↳ app/controllers/api/users_controller.rb:5
  [1m[36mUser Exists (0.4ms)[0m  [1m[34mSELECT  1 AS one FROM "users" WHERE "users"."username" = $1 LIMIT $2[0m  [["username", "demo8"], ["LIMIT", 1]]
  ↳ app/controllers/api/users_controller.rb:5
  [1m[36mUser Create (0.7ms)[0m  [1m[32mINSERT INTO "users" ("username", "password_digest", "session_token", "created_at", "updated_at") VALUES ($1, $2, $3, $4, $5) RETURNING "id"[0m  [["username", "demo8"], ["password_digest", "$2a$10$i4I54a12K4fZjOQdczNWkOH/TZug2hBv5IbIvrxSsVZRkatGu9Qd6"], ["session_token", "IhaxXkFcU1ZymJWuqXs_oQ"], ["created_at", "2019-05-24 19:37:29.249591"], ["updated_at", "2019-05-24 19:37:29.249591"]]
  ↳ app/controllers/api/users_controller.rb:5
  [1m[35m (73.6ms)[0m  [1m[35mCOMMIT[0m
  ↳ app/controllers/api/users_controller.rb:5
  [1m[35m (0.1ms)[0m  [1m[35mBEGIN[0m
  ↳ app/models/user.rb:42
  [1m[36mUser Exists (0.5ms)[0m  [1m[34mSELECT  1 AS one FROM "users" WHERE "users"."password_digest" = $1 AND "users"."id" != $2 LIMIT $3[0m  [["password_digest", "$2a$10$i4I54a12K4fZjOQdczNWkOH/TZug2hBv5IbIvrxSsVZRkatGu9Qd6"], ["id", 8], ["LIMIT", 1]]
  ↳ app/models/user.rb:42
  [1m[36mUser Exists (0.4ms)[0m  [1m[34mSELECT  1 AS one FROM "users" WHERE "users"."session_token" = $1 AND "users"."id" != $2 LIMIT $3[0m  [["session_token", "FzO0dOKf5tDcXjblPrpV8w"], ["id", 8], ["LIMIT", 1]]
  ↳ app/models/user.rb:42
  [1m[36mUser Exists (0.4ms)[0m  [1m[34mSELECT  1 AS one FROM "users" WHERE "users"."username" = $1 AND "users"."id" != $2 LIMIT $3[0m  [["username", "demo8"], ["id", 8], ["LIMIT", 1]]
  ↳ app/models/user.rb:42
  [1m[36mUser Update (0.5ms)[0m  [1m[33mUPDATE "users" SET "session_token" = $1, "updated_at" = $2 WHERE "users"."id" = $3[0m  [["session_token", "FzO0dOKf5tDcXjblPrpV8w"], ["updated_at", "2019-05-24 19:37:29.329459"], ["id", 8]]
  ↳ app/models/user.rb:42
  [1m[35m (0.4ms)[0m  [1m[35mCOMMIT[0m
  ↳ app/models/user.rb:42
  Rendering api/users/show.json.jbuilder
  Rendered api/users/_user.json.jbuilder (0.6ms)
  Rendered api/users/show.json.jbuilder (10.6ms)
Completed 200 OK in 200ms (Views: 31.9ms | ActiveRecord: 78.6ms)


Started GET "/" for ::1 at 2019-05-24 15:39:25 -0400
Processing by StaticPagesController#root as HTML
  Rendering static_pages/root.html within layouts/application
  Rendered static_pages/root.html within layouts/application (2.6ms)
Completed 200 OK in 1405ms (Views: 1387.5ms | ActiveRecord: 0.0ms)


Started GET "/" for ::1 at 2019-05-24 15:40:10 -0400
Processing by StaticPagesController#root as HTML
  Rendering static_pages/root.html within layouts/application
  Rendered static_pages/root.html within layouts/application (0.4ms)
Completed 200 OK in 1297ms (Views: 1284.8ms | ActiveRecord: 0.0ms)


Started DELETE "/api/session" for ::1 at 2019-05-24 15:40:29 -0400
Processing by Api::SessionsController#destroy as JSON
  [1m[36mUser Load (0.6ms)[0m  [1m[34mSELECT  "users".* FROM "users" WHERE "users"."session_token" = $1 LIMIT $2[0m  [["session_token", "FzO0dOKf5tDcXjblPrpV8w"], ["LIMIT", 1]]
  ↳ app/controllers/application_controller.rb:5
  [1m[35m (0.3ms)[0m  [1m[35mBEGIN[0m
  ↳ app/models/user.rb:42
  [1m[36mUser Exists (0.5ms)[0m  [1m[34mSELECT  1 AS one FROM "users" WHERE "users"."password_digest" = $1 AND "users"."id" != $2 LIMIT $3[0m  [["password_digest", "$2a$10$i4I54a12K4fZjOQdczNWkOH/TZug2hBv5IbIvrxSsVZRkatGu9Qd6"], ["id", 8], ["LIMIT", 1]]
  ↳ app/models/user.rb:42
  [1m[36mUser Exists (0.5ms)[0m  [1m[34mSELECT  1 AS one FROM "users" WHERE "users"."session_token" = $1 AND "users"."id" != $2 LIMIT $3[0m  [["session_token", "bbR1KdYf8OSZGTPfkhTFDQ"], ["id", 8], ["LIMIT", 1]]
  ↳ app/models/user.rb:42
  [1m[36mUser Exists (0.5ms)[0m  [1m[34mSELECT  1 AS one FROM "users" WHERE "users"."username" = $1 AND "users"."id" != $2 LIMIT $3[0m  [["username", "demo8"], ["id", 8], ["LIMIT", 1]]
  ↳ app/models/user.rb:42
  [1m[36mUser Update (17.0ms)[0m  [1m[33mUPDATE "users" SET "session_token" = $1, "updated_at" = $2 WHERE "users"."id" = $3[0m  [["session_token", "bbR1KdYf8OSZGTPfkhTFDQ"], ["updated_at", "2019-05-24 19:40:29.122491"], ["id", 8]]
  ↳ app/models/user.rb:42
  [1m[35m (29.8ms)[0m  [1m[35mCOMMIT[0m
  ↳ app/models/user.rb:42
Completed 200 OK in 62ms (Views: 0.3ms | ActiveRecord: 49.6ms)


Started POST "/api/session" for ::1 at 2019-05-24 15:41:09 -0400
Processing by Api::SessionsController#create as JSON
  Parameters: {"user"=>{"username"=>"demo8", "password"=>"[FILTERED]"}}
  [1m[36mUser Load (0.4ms)[0m  [1m[34mSELECT  "users".* FROM "users" WHERE "users"."username" = $1 LIMIT $2[0m  [["username", "demo8"], ["LIMIT", 1]]
  ↳ app/models/user.rb:22
  [1m[35m (0.2ms)[0m  [1m[35mBEGIN[0m
  ↳ app/models/user.rb:42
  [1m[36mUser Exists (0.4ms)[0m  [1m[34mSELECT  1 AS one FROM "users" WHERE "users"."password_digest" = $1 AND "users"."id" != $2 LIMIT $3[0m  [["password_digest", "$2a$10$i4I54a12K4fZjOQdczNWkOH/TZug2hBv5IbIvrxSsVZRkatGu9Qd6"], ["id", 8], ["LIMIT", 1]]
  ↳ app/models/user.rb:42
  [1m[36mUser Exists (0.4ms)[0m  [1m[34mSELECT  1 AS one FROM "users" WHERE "users"."session_token" = $1 AND "users"."id" != $2 LIMIT $3[0m  [["session_token", "g4zYyJFEKSPGBdmpy0Tp3A"], ["id", 8], ["LIMIT", 1]]
  ↳ app/models/user.rb:42
  [1m[36mUser Exists (0.4ms)[0m  [1m[34mSELECT  1 AS one FROM "users" WHERE "users"."username" = $1 AND "users"."id" != $2 LIMIT $3[0m  [["username", "demo8"], ["id", 8], ["LIMIT", 1]]
  ↳ app/models/user.rb:42
  [1m[36mUser Update (0.5ms)[0m  [1m[33mUPDATE "users" SET "session_token" = $1, "updated_at" = $2 WHERE "users"."id" = $3[0m  [["session_token", "g4zYyJFEKSPGBdmpy0Tp3A"], ["updated_at", "2019-05-24 19:41:09.745893"], ["id", 8]]
  ↳ app/models/user.rb:42
  [1m[35m (0.5ms)[0m  [1m[35mCOMMIT[0m
  ↳ app/models/user.rb:42
  Rendering api/sessions/show.json.jbuilder
  Rendered api/users/_user.json.jbuilder (0.9ms)
  Rendered api/sessions/show.json.jbuilder (20.2ms)
Completed 200 OK in 138ms (Views: 50.5ms | ActiveRecord: 2.7ms)


Started GET "/" for ::1 at 2019-05-24 15:43:34 -0400
Processing by StaticPagesController#root as HTML
  Rendering static_pages/root.html within layouts/application
  Rendered static_pages/root.html within layouts/application (0.4ms)
Completed 200 OK in 1483ms (Views: 1471.7ms | ActiveRecord: 0.0ms)


Started POST "/api/session" for ::1 at 2019-05-24 15:43:42 -0400
Processing by Api::SessionsController#create as JSON
  Parameters: {"user"=>{"username"=>"demo8", "password"=>"[FILTERED]"}}
  [1m[36mUser Load (0.5ms)[0m  [1m[34mSELECT  "users".* FROM "users" WHERE "users"."username" = $1 LIMIT $2[0m  [["username", "demo8"], ["LIMIT", 1]]
  ↳ app/models/user.rb:22
  [1m[35m (0.2ms)[0m  [1m[35mBEGIN[0m
  ↳ app/models/user.rb:42
  [1m[36mUser Exists (0.5ms)[0m  [1m[34mSELECT  1 AS one FROM "users" WHERE "users"."password_digest" = $1 AND "users"."id" != $2 LIMIT $3[0m  [["password_digest", "$2a$10$i4I54a12K4fZjOQdczNWkOH/TZug2hBv5IbIvrxSsVZRkatGu9Qd6"], ["id", 8], ["LIMIT", 1]]
  ↳ app/models/user.rb:42
  [1m[36mUser Exists (0.4ms)[0m  [1m[34mSELECT  1 AS one FROM "users" WHERE "users"."session_token" = $1 AND "users"."id" != $2 LIMIT $3[0m  [["session_token", "HPep1Wf116aRK3gd8BfiJA"], ["id", 8], ["LIMIT", 1]]
  ↳ app/models/user.rb:42
  [1m[36mUser Exists (0.4ms)[0m  [1m[34mSELECT  1 AS one FROM "users" WHERE "users"."username" = $1 AND "users"."id" != $2 LIMIT $3[0m  [["username", "demo8"], ["id", 8], ["LIMIT", 1]]
  ↳ app/models/user.rb:42
  [1m[36mUser Update (0.5ms)[0m  [1m[33mUPDATE "users" SET "session_token" = $1, "updated_at" = $2 WHERE "users"."id" = $3[0m  [["session_token", "HPep1Wf116aRK3gd8BfiJA"], ["updated_at", "2019-05-24 19:43:42.769544"], ["id", 8]]
  ↳ app/models/user.rb:42
  [1m[35m (19.9ms)[0m  [1m[35mCOMMIT[0m
  ↳ app/models/user.rb:42
  Rendering api/sessions/show.json.jbuilder
  Rendered api/users/_user.json.jbuilder (0.5ms)
  Rendered api/sessions/show.json.jbuilder (14.2ms)
Completed 200 OK in 140ms (Views: 32.4ms | ActiveRecord: 22.3ms)


Started DELETE "/api/session" for ::1 at 2019-05-24 15:44:46 -0400
Processing by Api::SessionsController#destroy as JSON
  [1m[36mUser Load (0.4ms)[0m  [1m[34mSELECT  "users".* FROM "users" WHERE "users"."session_token" = $1 LIMIT $2[0m  [["session_token", "HPep1Wf116aRK3gd8BfiJA"], ["LIMIT", 1]]
  ↳ app/controllers/application_controller.rb:5
  [1m[35m (0.2ms)[0m  [1m[35mBEGIN[0m
  ↳ app/models/user.rb:42
  [1m[36mUser Exists (0.4ms)[0m  [1m[34mSELECT  1 AS one FROM "users" WHERE "users"."password_digest" = $1 AND "users"."id" != $2 LIMIT $3[0m  [["password_digest", "$2a$10$i4I54a12K4fZjOQdczNWkOH/TZug2hBv5IbIvrxSsVZRkatGu9Qd6"], ["id", 8], ["LIMIT", 1]]
  ↳ app/models/user.rb:42
  [1m[36mUser Exists (0.4ms)[0m  [1m[34mSELECT  1 AS one FROM "users" WHERE "users"."session_token" = $1 AND "users"."id" != $2 LIMIT $3[0m  [["session_token", "smAmORFhC61CMiI_6X8TSg"], ["id", 8], ["LIMIT", 1]]
  ↳ app/models/user.rb:42
  [1m[36mUser Exists (0.3ms)[0m  [1m[34mSELECT  1 AS one FROM "users" WHERE "users"."username" = $1 AND "users"."id" != $2 LIMIT $3[0m  [["username", "demo8"], ["id", 8], ["LIMIT", 1]]
  ↳ app/models/user.rb:42
  [1m[36mUser Update (0.5ms)[0m  [1m[33mUPDATE "users" SET "session_token" = $1, "updated_at" = $2 WHERE "users"."id" = $3[0m  [["session_token", "smAmORFhC61CMiI_6X8TSg"], ["updated_at", "2019-05-24 19:44:46.533679"], ["id", 8]]
  ↳ app/models/user.rb:42
  [1m[35m (12.5ms)[0m  [1m[35mCOMMIT[0m
  ↳ app/models/user.rb:42
Completed 200 OK in 20ms (Views: 0.3ms | ActiveRecord: 14.7ms)


Started GET "/" for ::1 at 2019-05-24 16:06:58 -0400
Processing by StaticPagesController#root as HTML
  Rendering static_pages/root.html within layouts/application
  Rendered static_pages/root.html within layouts/application (2.2ms)
Completed 200 OK in 1597ms (Views: 1583.5ms | ActiveRecord: 0.0ms)


Started GET "/" for ::1 at 2019-05-24 16:32:41 -0400
Processing by StaticPagesController#root as HTML
  Rendering static_pages/root.html within layouts/application
  Rendered static_pages/root.html within layouts/application (1.7ms)
  [1m[36mUser Load (1.0ms)[0m  [1m[34mSELECT  "users".* FROM "users" WHERE "users"."session_token" IS NULL LIMIT $1[0m  [["LIMIT", 1]]
  ↳ app/controllers/application_controller.rb:5
Completed 200 OK in 1657ms (Views: 1640.9ms | ActiveRecord: 1.5ms)


Started GET "/" for ::1 at 2019-05-24 16:34:15 -0400
Processing by StaticPagesController#root as HTML
  Rendering static_pages/root.html within layouts/application
  Rendered static_pages/root.html within layouts/application (0.9ms)
  [1m[36mUser Load (0.5ms)[0m  [1m[34mSELECT  "users".* FROM "users" WHERE "users"."session_token" IS NULL LIMIT $1[0m  [["LIMIT", 1]]
  ↳ app/controllers/application_controller.rb:5
Completed 200 OK in 272ms (Views: 250.4ms | ActiveRecord: 0.5ms)


Started GET "/" for ::1 at 2019-05-24 16:36:28 -0400
Processing by StaticPagesController#root as HTML
  Rendering static_pages/root.html within layouts/application
  Rendered static_pages/root.html within layouts/application (3.2ms)
  [1m[36mUser Load (0.7ms)[0m  [1m[34mSELECT  "users".* FROM "users" WHERE "users"."session_token" IS NULL LIMIT $1[0m  [["LIMIT", 1]]
  ↳ app/controllers/application_controller.rb:5
Completed 200 OK in 1471ms (Views: 1451.8ms | ActiveRecord: 0.7ms)


Started POST "/api/session" for ::1 at 2019-05-24 16:37:19 -0400
Processing by Api::SessionsController#create as JSON
  Parameters: {"user"=>{"username"=>"demo6", "password"=>"[FILTERED]"}}
  [1m[36mUser Load (0.6ms)[0m  [1m[34mSELECT  "users".* FROM "users" WHERE "users"."username" = $1 LIMIT $2[0m  [["username", "demo6"], ["LIMIT", 1]]
  ↳ app/models/user.rb:22
  [1m[35m (0.3ms)[0m  [1m[35mBEGIN[0m
  ↳ app/models/user.rb:42
  [1m[36mUser Exists (0.7ms)[0m  [1m[34mSELECT  1 AS one FROM "users" WHERE "users"."password_digest" = $1 AND "users"."id" != $2 LIMIT $3[0m  [["password_digest", "$2a$10$T1H3hX.ts9cZ4S8A7NK5te6JF5nO4dKDyg2gdbnoF0JZbbQlmG6oC"], ["id", 6], ["LIMIT", 1]]
  ↳ app/models/user.rb:42
  [1m[36mUser Exists (0.5ms)[0m  [1m[34mSELECT  1 AS one FROM "users" WHERE "users"."session_token" = $1 AND "users"."id" != $2 LIMIT $3[0m  [["session_token", "Ul4ZNzIfY5o9695nbkLoUw"], ["id", 6], ["LIMIT", 1]]
  ↳ app/models/user.rb:42
  [1m[36mUser Exists (0.4ms)[0m  [1m[34mSELECT  1 AS one FROM "users" WHERE "users"."username" = $1 AND "users"."id" != $2 LIMIT $3[0m  [["username", "demo6"], ["id", 6], ["LIMIT", 1]]
  ↳ app/models/user.rb:42
  [1m[36mUser Update (22.2ms)[0m  [1m[33mUPDATE "users" SET "session_token" = $1, "updated_at" = $2 WHERE "users"."id" = $3[0m  [["session_token", "Ul4ZNzIfY5o9695nbkLoUw"], ["updated_at", "2019-05-24 20:37:19.944162"], ["id", 6]]
  ↳ app/models/user.rb:42
  [1m[35m (51.5ms)[0m  [1m[35mCOMMIT[0m
  ↳ app/models/user.rb:42
  Rendering api/sessions/show.json.jbuilder
  Rendered api/users/_user.json.jbuilder (0.9ms)
  Rendered api/sessions/show.json.jbuilder (14.5ms)
Completed 200 OK in 199ms (Views: 30.6ms | ActiveRecord: 76.2ms)


Started DELETE "/api/session" for ::1 at 2019-05-24 16:41:57 -0400
Processing by Api::SessionsController#destroy as JSON
  [1m[36mUser Load (0.4ms)[0m  [1m[34mSELECT  "users".* FROM "users" WHERE "users"."session_token" = $1 LIMIT $2[0m  [["session_token", "Ul4ZNzIfY5o9695nbkLoUw"], ["LIMIT", 1]]
  ↳ app/controllers/application_controller.rb:5
  [1m[35m (0.2ms)[0m  [1m[35mBEGIN[0m
  ↳ app/models/user.rb:42
  [1m[36mUser Exists (0.4ms)[0m  [1m[34mSELECT  1 AS one FROM "users" WHERE "users"."password_digest" = $1 AND "users"."id" != $2 LIMIT $3[0m  [["password_digest", "$2a$10$T1H3hX.ts9cZ4S8A7NK5te6JF5nO4dKDyg2gdbnoF0JZbbQlmG6oC"], ["id", 6], ["LIMIT", 1]]
  ↳ app/models/user.rb:42
  [1m[36mUser Exists (0.4ms)[0m  [1m[34mSELECT  1 AS one FROM "users" WHERE "users"."session_token" = $1 AND "users"."id" != $2 LIMIT $3[0m  [["session_token", "SGX6PbWltcyo7gjKdQ5pNQ"], ["id", 6], ["LIMIT", 1]]
  ↳ app/models/user.rb:42
  [1m[36mUser Exists (0.5ms)[0m  [1m[34mSELECT  1 AS one FROM "users" WHERE "users"."username" = $1 AND "users"."id" != $2 LIMIT $3[0m  [["username", "demo6"], ["id", 6], ["LIMIT", 1]]
  ↳ app/models/user.rb:42
  [1m[36mUser Update (0.5ms)[0m  [1m[33mUPDATE "users" SET "session_token" = $1, "updated_at" = $2 WHERE "users"."id" = $3[0m  [["session_token", "SGX6PbWltcyo7gjKdQ5pNQ"], ["updated_at", "2019-05-24 20:41:57.561255"], ["id", 6]]
  ↳ app/models/user.rb:42
  [1m[35m (27.3ms)[0m  [1m[35mCOMMIT[0m
  ↳ app/models/user.rb:42
Completed 200 OK in 43ms (Views: 0.2ms | ActiveRecord: 29.7ms)


Started POST "/api/session" for ::1 at 2019-05-24 16:42:32 -0400
Processing by Api::SessionsController#create as JSON
  Parameters: {"user"=>{"username"=>"demo6", "password"=>"[FILTERED]"}}
  [1m[36mUser Load (0.5ms)[0m  [1m[34mSELECT  "users".* FROM "users" WHERE "users"."username" = $1 LIMIT $2[0m  [["username", "demo6"], ["LIMIT", 1]]
  ↳ app/models/user.rb:22
  [1m[35m (0.2ms)[0m  [1m[35mBEGIN[0m
  ↳ app/models/user.rb:42
  [1m[36mUser Exists (0.5ms)[0m  [1m[34mSELECT  1 AS one FROM "users" WHERE "users"."password_digest" = $1 AND "users"."id" != $2 LIMIT $3[0m  [["password_digest", "$2a$10$T1H3hX.ts9cZ4S8A7NK5te6JF5nO4dKDyg2gdbnoF0JZbbQlmG6oC"], ["id", 6], ["LIMIT", 1]]
  ↳ app/models/user.rb:42
  [1m[36mUser Exists (0.5ms)[0m  [1m[34mSELECT  1 AS one FROM "users" WHERE "users"."session_token" = $1 AND "users"."id" != $2 LIMIT $3[0m  [["session_token", "3E9HewLFsIcRRBLDLd8DFw"], ["id", 6], ["LIMIT", 1]]
  ↳ app/models/user.rb:42
  [1m[36mUser Exists (0.5ms)[0m  [1m[34mSELECT  1 AS one FROM "users" WHERE "users"."username" = $1 AND "users"."id" != $2 LIMIT $3[0m  [["username", "demo6"], ["id", 6], ["LIMIT", 1]]
  ↳ app/models/user.rb:42
  [1m[36mUser Update (0.5ms)[0m  [1m[33mUPDATE "users" SET "session_token" = $1, "updated_at" = $2 WHERE "users"."id" = $3[0m  [["session_token", "3E9HewLFsIcRRBLDLd8DFw"], ["updated_at", "2019-05-24 20:42:32.599733"], ["id", 6]]
  ↳ app/models/user.rb:42
  [1m[35m (0.5ms)[0m  [1m[35mCOMMIT[0m
  ↳ app/models/user.rb:42
  Rendering api/sessions/show.json.jbuilder
  Rendered api/users/_user.json.jbuilder (0.6ms)
  Rendered api/sessions/show.json.jbuilder (21.4ms)
Completed 200 OK in 154ms (Views: 55.2ms | ActiveRecord: 3.3ms)


Started DELETE "/api/session" for ::1 at 2019-05-24 16:43:32 -0400
Processing by Api::SessionsController#destroy as JSON
  [1m[36mUser Load (0.5ms)[0m  [1m[34mSELECT  "users".* FROM "users" WHERE "users"."session_token" = $1 LIMIT $2[0m  [["session_token", "3E9HewLFsIcRRBLDLd8DFw"], ["LIMIT", 1]]
  ↳ app/controllers/application_controller.rb:5
  [1m[35m (0.2ms)[0m  [1m[35mBEGIN[0m
  ↳ app/models/user.rb:42
  [1m[36mUser Exists (0.4ms)[0m  [1m[34mSELECT  1 AS one FROM "users" WHERE "users"."password_digest" = $1 AND "users"."id" != $2 LIMIT $3[0m  [["password_digest", "$2a$10$T1H3hX.ts9cZ4S8A7NK5te6JF5nO4dKDyg2gdbnoF0JZbbQlmG6oC"], ["id", 6], ["LIMIT", 1]]
  ↳ app/models/user.rb:42
  [1m[36mUser Exists (0.4ms)[0m  [1m[34mSELECT  1 AS one FROM "users" WHERE "users"."session_token" = $1 AND "users"."id" != $2 LIMIT $3[0m  [["session_token", "sHp7FQ-tElQHMrhDFh6bWg"], ["id", 6], ["LIMIT", 1]]
  ↳ app/models/user.rb:42
  [1m[36mUser Exists (0.6ms)[0m  [1m[34mSELECT  1 AS one FROM "users" WHERE "users"."username" = $1 AND "users"."id" != $2 LIMIT $3[0m  [["username", "demo6"], ["id", 6], ["LIMIT", 1]]
  ↳ app/models/user.rb:42
  [1m[36mUser Update (0.5ms)[0m  [1m[33mUPDATE "users" SET "session_token" = $1, "updated_at" = $2 WHERE "users"."id" = $3[0m  [["session_token", "sHp7FQ-tElQHMrhDFh6bWg"], ["updated_at", "2019-05-24 20:43:32.202741"], ["id", 6]]
  ↳ app/models/user.rb:42
  [1m[35m (24.5ms)[0m  [1m[35mCOMMIT[0m
  ↳ app/models/user.rb:42
Completed 200 OK in 38ms (Views: 0.2ms | ActiveRecord: 27.2ms)


Started GET "/" for ::1 at 2019-05-24 16:45:47 -0400
Processing by StaticPagesController#root as HTML
  Rendering static_pages/root.html within layouts/application
  Rendered static_pages/root.html within layouts/application (0.6ms)
  [1m[36mUser Load (0.7ms)[0m  [1m[34mSELECT  "users".* FROM "users" WHERE "users"."session_token" IS NULL LIMIT $1[0m  [["LIMIT", 1]]
  ↳ app/controllers/application_controller.rb:5
Completed 200 OK in 1584ms (Views: 1552.3ms | ActiveRecord: 0.7ms)


Started POST "/api/session" for ::1 at 2019-05-24 16:46:16 -0400
Processing by Api::SessionsController#create as JSON
  Parameters: {"user"=>{"username"=>"demo6", "password"=>"[FILTERED]"}}
  [1m[36mUser Load (0.6ms)[0m  [1m[34mSELECT  "users".* FROM "users" WHERE "users"."username" = $1 LIMIT $2[0m  [["username", "demo6"], ["LIMIT", 1]]
  ↳ app/models/user.rb:22
  [1m[35m (0.3ms)[0m  [1m[35mBEGIN[0m
  ↳ app/models/user.rb:42
  [1m[36mUser Exists (0.6ms)[0m  [1m[34mSELECT  1 AS one FROM "users" WHERE "users"."password_digest" = $1 AND "users"."id" != $2 LIMIT $3[0m  [["password_digest", "$2a$10$T1H3hX.ts9cZ4S8A7NK5te6JF5nO4dKDyg2gdbnoF0JZbbQlmG6oC"], ["id", 6], ["LIMIT", 1]]
  ↳ app/models/user.rb:42
  [1m[36mUser Exists (0.4ms)[0m  [1m[34mSELECT  1 AS one FROM "users" WHERE "users"."session_token" = $1 AND "users"."id" != $2 LIMIT $3[0m  [["session_token", "VFegn2o6g0LV97xxmovxxA"], ["id", 6], ["LIMIT", 1]]
  ↳ app/models/user.rb:42
  [1m[36mUser Exists (0.4ms)[0m  [1m[34mSELECT  1 AS one FROM "users" WHERE "users"."username" = $1 AND "users"."id" != $2 LIMIT $3[0m  [["username", "demo6"], ["id", 6], ["LIMIT", 1]]
  ↳ app/models/user.rb:42
  [1m[36mUser Update (36.9ms)[0m  [1m[33mUPDATE "users" SET "session_token" = $1, "updated_at" = $2 WHERE "users"."id" = $3[0m  [["session_token", "VFegn2o6g0LV97xxmovxxA"], ["updated_at", "2019-05-24 20:46:16.739901"], ["id", 6]]
  ↳ app/models/user.rb:42
  [1m[35m (27.3ms)[0m  [1m[35mCOMMIT[0m
  ↳ app/models/user.rb:42
  Rendering api/sessions/show.json.jbuilder
  Rendered api/users/_user.json.jbuilder (0.6ms)
  Rendered api/sessions/show.json.jbuilder (14.3ms)
Completed 200 OK in 186ms (Views: 32.7ms | ActiveRecord: 66.4ms)


Started GET "/" for ::1 at 2019-05-24 16:46:22 -0400
Processing by StaticPagesController#root as HTML
  Rendering static_pages/root.html within layouts/application
  Rendered static_pages/root.html within layouts/application (0.4ms)
  [1m[36mUser Load (0.8ms)[0m  [1m[34mSELECT  "users".* FROM "users" WHERE "users"."session_token" = $1 LIMIT $2[0m  [["session_token", "VFegn2o6g0LV97xxmovxxA"], ["LIMIT", 1]]
  ↳ app/controllers/application_controller.rb:5
Completed 200 OK in 33ms (Views: 30.7ms | ActiveRecord: 0.8ms)


Started DELETE "/api/session" for ::1 at 2019-05-24 16:47:12 -0400
Processing by Api::SessionsController#destroy as JSON
  [1m[36mUser Load (0.5ms)[0m  [1m[34mSELECT  "users".* FROM "users" WHERE "users"."session_token" = $1 LIMIT $2[0m  [["session_token", "VFegn2o6g0LV97xxmovxxA"], ["LIMIT", 1]]
  ↳ app/controllers/application_controller.rb:5
  [1m[35m (0.2ms)[0m  [1m[35mBEGIN[0m
  ↳ app/models/user.rb:42
  [1m[36mUser Exists (0.5ms)[0m  [1m[34mSELECT  1 AS one FROM "users" WHERE "users"."password_digest" = $1 AND "users"."id" != $2 LIMIT $3[0m  [["password_digest", "$2a$10$T1H3hX.ts9cZ4S8A7NK5te6JF5nO4dKDyg2gdbnoF0JZbbQlmG6oC"], ["id", 6], ["LIMIT", 1]]
  ↳ app/models/user.rb:42
  [1m[36mUser Exists (0.4ms)[0m  [1m[34mSELECT  1 AS one FROM "users" WHERE "users"."session_token" = $1 AND "users"."id" != $2 LIMIT $3[0m  [["session_token", "rpf9nFSPvZinfhn3AtV0hQ"], ["id", 6], ["LIMIT", 1]]
  ↳ app/models/user.rb:42
  [1m[36mUser Exists (0.5ms)[0m  [1m[34mSELECT  1 AS one FROM "users" WHERE "users"."username" = $1 AND "users"."id" != $2 LIMIT $3[0m  [["username", "demo6"], ["id", 6], ["LIMIT", 1]]
  ↳ app/models/user.rb:42
  [1m[36mUser Update (0.5ms)[0m  [1m[33mUPDATE "users" SET "session_token" = $1, "updated_at" = $2 WHERE "users"."id" = $3[0m  [["session_token", "rpf9nFSPvZinfhn3AtV0hQ"], ["updated_at", "2019-05-24 20:47:12.251293"], ["id", 6]]
  ↳ app/models/user.rb:42
  [1m[35m (0.6ms)[0m  [1m[35mCOMMIT[0m
  ↳ app/models/user.rb:42
Completed 200 OK in 11ms (Views: 0.2ms | ActiveRecord: 3.1ms)


Started GET "/" for ::1 at 2019-05-24 16:47:25 -0400
Processing by StaticPagesController#root as HTML
  Rendering static_pages/root.html within layouts/application
  Rendered static_pages/root.html within layouts/application (0.4ms)
  [1m[36mUser Load (0.5ms)[0m  [1m[34mSELECT  "users".* FROM "users" WHERE "users"."session_token" IS NULL LIMIT $1[0m  [["LIMIT", 1]]
  ↳ app/controllers/application_controller.rb:5
Completed 200 OK in 186ms (Views: 139.9ms | ActiveRecord: 0.5ms)


Started GET "/" for ::1 at 2019-05-24 17:12:28 -0400
Processing by StaticPagesController#root as HTML
  Rendering static_pages/root.html within layouts/application
  Rendered static_pages/root.html within layouts/application (2.4ms)
  [1m[36mUser Load (0.5ms)[0m  [1m[34mSELECT  "users".* FROM "users" WHERE "users"."session_token" IS NULL LIMIT $1[0m  [["LIMIT", 1]]
  ↳ app/controllers/application_controller.rb:5
Completed 200 OK in 1546ms (Views: 1531.7ms | ActiveRecord: 0.8ms)


Started GET "/" for ::1 at 2019-05-24 17:12:48 -0400
Processing by StaticPagesController#root as HTML
  Rendering static_pages/root.html within layouts/application
  Rendered static_pages/root.html within layouts/application (4.5ms)
  [1m[36mUser Load (0.8ms)[0m  [1m[34mSELECT  "users".* FROM "users" WHERE "users"."session_token" IS NULL LIMIT $1[0m  [["LIMIT", 1]]
  ↳ app/controllers/application_controller.rb:5
Completed 200 OK in 1387ms (Views: 1357.5ms | ActiveRecord: 0.8ms)


Started GET "/" for ::1 at 2019-05-24 17:13:33 -0400
Processing by StaticPagesController#root as HTML
  Rendering static_pages/root.html within layouts/application
  Rendered static_pages/root.html within layouts/application (3.1ms)
  [1m[36mUser Load (0.8ms)[0m  [1m[34mSELECT  "users".* FROM "users" WHERE "users"."session_token" IS NULL LIMIT $1[0m  [["LIMIT", 1]]
  ↳ app/controllers/application_controller.rb:5
Completed 200 OK in 1494ms (Views: 1469.7ms | ActiveRecord: 0.8ms)


Started GET "/" for ::1 at 2019-05-24 17:13:55 -0400
Processing by StaticPagesController#root as HTML
  Rendering static_pages/root.html within layouts/application
  Rendered static_pages/root.html within layouts/application (0.4ms)
  [1m[36mUser Load (0.5ms)[0m  [1m[34mSELECT  "users".* FROM "users" WHERE "users"."session_token" IS NULL LIMIT $1[0m  [["LIMIT", 1]]
  ↳ app/controllers/application_controller.rb:5
Completed 200 OK in 1165ms (Views: 1148.6ms | ActiveRecord: 0.5ms)


Started POST "/api/users" for ::1 at 2019-05-24 17:14:28 -0400
Processing by Api::UsersController#create as JSON
  Parameters: {"user"=>{"username"=>"demo9", "password"=>"[FILTERED]"}}
  [1m[35m (0.3ms)[0m  [1m[35mBEGIN[0m
  ↳ app/controllers/api/users_controller.rb:5
  [1m[36mUser Exists (1.7ms)[0m  [1m[34mSELECT  1 AS one FROM "users" WHERE "users"."password_digest" = $1 LIMIT $2[0m  [["password_digest", "$2a$10$Vz94z0TEmF9ndFlTgQTTpu9T2fUnhaSJT3HBdAtbMqkE6zqcoIqi2"], ["LIMIT", 1]]
  ↳ app/controllers/api/users_controller.rb:5
  [1m[36mUser Exists (0.4ms)[0m  [1m[34mSELECT  1 AS one FROM "users" WHERE "users"."session_token" = $1 LIMIT $2[0m  [["session_token", "CJAaoXRGevvwkb0T9B81EA"], ["LIMIT", 1]]
  ↳ app/controllers/api/users_controller.rb:5
  [1m[36mUser Exists (0.4ms)[0m  [1m[34mSELECT  1 AS one FROM "users" WHERE "users"."username" = $1 LIMIT $2[0m  [["username", "demo9"], ["LIMIT", 1]]
  ↳ app/controllers/api/users_controller.rb:5
  [1m[36mUser Create (1.4ms)[0m  [1m[32mINSERT INTO "users" ("username", "password_digest", "session_token", "created_at", "updated_at") VALUES ($1, $2, $3, $4, $5) RETURNING "id"[0m  [["username", "demo9"], ["password_digest", "$2a$10$Vz94z0TEmF9ndFlTgQTTpu9T2fUnhaSJT3HBdAtbMqkE6zqcoIqi2"], ["session_token", "CJAaoXRGevvwkb0T9B81EA"], ["created_at", "2019-05-24 21:14:28.736164"], ["updated_at", "2019-05-24 21:14:28.736164"]]
  ↳ app/controllers/api/users_controller.rb:5
  [1m[35m (17.9ms)[0m  [1m[35mCOMMIT[0m
  ↳ app/controllers/api/users_controller.rb:5
  [1m[35m (0.2ms)[0m  [1m[35mBEGIN[0m
  ↳ app/models/user.rb:42
  [1m[36mUser Exists (0.6ms)[0m  [1m[34mSELECT  1 AS one FROM "users" WHERE "users"."password_digest" = $1 AND "users"."id" != $2 LIMIT $3[0m  [["password_digest", "$2a$10$Vz94z0TEmF9ndFlTgQTTpu9T2fUnhaSJT3HBdAtbMqkE6zqcoIqi2"], ["id", 9], ["LIMIT", 1]]
  ↳ app/models/user.rb:42
  [1m[36mUser Exists (0.4ms)[0m  [1m[34mSELECT  1 AS one FROM "users" WHERE "users"."session_token" = $1 AND "users"."id" != $2 LIMIT $3[0m  [["session_token", "3GoPVl2w8DtLJK8ZOjYtcQ"], ["id", 9], ["LIMIT", 1]]
  ↳ app/models/user.rb:42
  [1m[36mUser Exists (0.4ms)[0m  [1m[34mSELECT  1 AS one FROM "users" WHERE "users"."username" = $1 AND "users"."id" != $2 LIMIT $3[0m  [["username", "demo9"], ["id", 9], ["LIMIT", 1]]
  ↳ app/models/user.rb:42
  [1m[36mUser Update (1.1ms)[0m  [1m[33mUPDATE "users" SET "session_token" = $1, "updated_at" = $2 WHERE "users"."id" = $3[0m  [["session_token", "3GoPVl2w8DtLJK8ZOjYtcQ"], ["updated_at", "2019-05-24 21:14:28.763979"], ["id", 9]]
  ↳ app/models/user.rb:42
  [1m[35m (0.4ms)[0m  [1m[35mCOMMIT[0m
  ↳ app/models/user.rb:42
  Rendering api/users/show.json.jbuilder
  Rendered api/users/_user.json.jbuilder (0.8ms)
  Rendered api/users/show.json.jbuilder (27.3ms)
Completed 200 OK in 176ms (Views: 56.0ms | ActiveRecord: 25.3ms)


Started DELETE "/api/session" for ::1 at 2019-05-24 17:14:42 -0400
Processing by Api::SessionsController#destroy as JSON
  [1m[36mUser Load (0.5ms)[0m  [1m[34mSELECT  "users".* FROM "users" WHERE "users"."session_token" = $1 LIMIT $2[0m  [["session_token", "3GoPVl2w8DtLJK8ZOjYtcQ"], ["LIMIT", 1]]
  ↳ app/controllers/application_controller.rb:5
  [1m[35m (0.2ms)[0m  [1m[35mBEGIN[0m
  ↳ app/models/user.rb:42
  [1m[36mUser Exists (0.4ms)[0m  [1m[34mSELECT  1 AS one FROM "users" WHERE "users"."password_digest" = $1 AND "users"."id" != $2 LIMIT $3[0m  [["password_digest", "$2a$10$Vz94z0TEmF9ndFlTgQTTpu9T2fUnhaSJT3HBdAtbMqkE6zqcoIqi2"], ["id", 9], ["LIMIT", 1]]
  ↳ app/models/user.rb:42
  [1m[36mUser Exists (0.4ms)[0m  [1m[34mSELECT  1 AS one FROM "users" WHERE "users"."session_token" = $1 AND "users"."id" != $2 LIMIT $3[0m  [["session_token", "Ui9zW1pKROjJ0j0iWrEMhg"], ["id", 9], ["LIMIT", 1]]
  ↳ app/models/user.rb:42
  [1m[36mUser Exists (0.4ms)[0m  [1m[34mSELECT  1 AS one FROM "users" WHERE "users"."username" = $1 AND "users"."id" != $2 LIMIT $3[0m  [["username", "demo9"], ["id", 9], ["LIMIT", 1]]
  ↳ app/models/user.rb:42
  [1m[36mUser Update (0.5ms)[0m  [1m[33mUPDATE "users" SET "session_token" = $1, "updated_at" = $2 WHERE "users"."id" = $3[0m  [["session_token", "Ui9zW1pKROjJ0j0iWrEMhg"], ["updated_at", "2019-05-24 21:14:42.016504"], ["id", 9]]
  ↳ app/models/user.rb:42
  [1m[35m (0.6ms)[0m  [1m[35mCOMMIT[0m
  ↳ app/models/user.rb:42
Completed 200 OK in 11ms (Views: 0.2ms | ActiveRecord: 3.0ms)


Started POST "/api/session" for ::1 at 2019-05-24 17:14:57 -0400
Processing by Api::SessionsController#create as JSON
  Parameters: {"user"=>{"username"=>"demo9", "password"=>"[FILTERED]"}}
  [1m[36mUser Load (0.4ms)[0m  [1m[34mSELECT  "users".* FROM "users" WHERE "users"."username" = $1 LIMIT $2[0m  [["username", "demo9"], ["LIMIT", 1]]
  ↳ app/models/user.rb:22
  [1m[35m (0.2ms)[0m  [1m[35mBEGIN[0m
  ↳ app/models/user.rb:42
  [1m[36mUser Exists (0.4ms)[0m  [1m[34mSELECT  1 AS one FROM "users" WHERE "users"."password_digest" = $1 AND "users"."id" != $2 LIMIT $3[0m  [["password_digest", "$2a$10$Vz94z0TEmF9ndFlTgQTTpu9T2fUnhaSJT3HBdAtbMqkE6zqcoIqi2"], ["id", 9], ["LIMIT", 1]]
  ↳ app/models/user.rb:42
  [1m[36mUser Exists (0.4ms)[0m  [1m[34mSELECT  1 AS one FROM "users" WHERE "users"."session_token" = $1 AND "users"."id" != $2 LIMIT $3[0m  [["session_token", "o9xJGDhCgigBb1ysXYl-EA"], ["id", 9], ["LIMIT", 1]]
  ↳ app/models/user.rb:42
  [1m[36mUser Exists (0.4ms)[0m  [1m[34mSELECT  1 AS one FROM "users" WHERE "users"."username" = $1 AND "users"."id" != $2 LIMIT $3[0m  [["username", "demo9"], ["id", 9], ["LIMIT", 1]]
  ↳ app/models/user.rb:42
  [1m[36mUser Update (0.5ms)[0m  [1m[33mUPDATE "users" SET "session_token" = $1, "updated_at" = $2 WHERE "users"."id" = $3[0m  [["session_token", "o9xJGDhCgigBb1ysXYl-EA"], ["updated_at", "2019-05-24 21:14:57.579121"], ["id", 9]]
  ↳ app/models/user.rb:42
  [1m[35m (0.5ms)[0m  [1m[35mCOMMIT[0m
  ↳ app/models/user.rb:42
  Rendering api/sessions/show.json.jbuilder
  Rendered api/users/_user.json.jbuilder (0.5ms)
  Rendered api/sessions/show.json.jbuilder (13.8ms)
Completed 200 OK in 133ms (Views: 43.6ms | ActiveRecord: 2.8ms)


Started POST "/api/session" for ::1 at 2019-05-24 17:16:04 -0400
Processing by Api::SessionsController#create as JSON
  Parameters: {"user"=>{"username"=>"demo9", "password"=>"[FILTERED]"}}
  [1m[36mUser Load (0.5ms)[0m  [1m[34mSELECT  "users".* FROM "users" WHERE "users"."username" = $1 LIMIT $2[0m  [["username", "demo9"], ["LIMIT", 1]]
  ↳ app/models/user.rb:22
  [1m[35m (0.3ms)[0m  [1m[35mBEGIN[0m
  ↳ app/models/user.rb:42
  [1m[36mUser Exists (0.4ms)[0m  [1m[34mSELECT  1 AS one FROM "users" WHERE "users"."password_digest" = $1 AND "users"."id" != $2 LIMIT $3[0m  [["password_digest", "$2a$10$Vz94z0TEmF9ndFlTgQTTpu9T2fUnhaSJT3HBdAtbMqkE6zqcoIqi2"], ["id", 9], ["LIMIT", 1]]
  ↳ app/models/user.rb:42
  [1m[36mUser Exists (0.4ms)[0m  [1m[34mSELECT  1 AS one FROM "users" WHERE "users"."session_token" = $1 AND "users"."id" != $2 LIMIT $3[0m  [["session_token", "K5dz_5ejeH2_FJgr5vBB4Q"], ["id", 9], ["LIMIT", 1]]
  ↳ app/models/user.rb:42
  [1m[36mUser Exists (0.4ms)[0m  [1m[34mSELECT  1 AS one FROM "users" WHERE "users"."username" = $1 AND "users"."id" != $2 LIMIT $3[0m  [["username", "demo9"], ["id", 9], ["LIMIT", 1]]
  ↳ app/models/user.rb:42
  [1m[36mUser Update (0.5ms)[0m  [1m[33mUPDATE "users" SET "session_token" = $1, "updated_at" = $2 WHERE "users"."id" = $3[0m  [["session_token", "K5dz_5ejeH2_FJgr5vBB4Q"], ["updated_at", "2019-05-24 21:16:04.155564"], ["id", 9]]
  ↳ app/models/user.rb:42
  [1m[35m (38.7ms)[0m  [1m[35mCOMMIT[0m
  ↳ app/models/user.rb:42
  Rendering api/sessions/show.json.jbuilder
  Rendered api/users/_user.json.jbuilder (0.7ms)
  Rendered api/sessions/show.json.jbuilder (14.2ms)
Completed 200 OK in 161ms (Views: 32.3ms | ActiveRecord: 41.2ms)


Started GET "/" for ::1 at 2019-05-24 17:16:07 -0400
Processing by StaticPagesController#root as HTML
  Rendering static_pages/root.html within layouts/application
  Rendered static_pages/root.html within layouts/application (0.7ms)
  [1m[36mUser Load (0.6ms)[0m  [1m[34mSELECT  "users".* FROM "users" WHERE "users"."session_token" = $1 LIMIT $2[0m  [["session_token", "K5dz_5ejeH2_FJgr5vBB4Q"], ["LIMIT", 1]]
  ↳ app/controllers/application_controller.rb:5
Completed 200 OK in 1475ms (Views: 1419.7ms | ActiveRecord: 0.6ms)


Started POST "/api/session" for ::1 at 2019-05-24 17:16:46 -0400
Processing by Api::SessionsController#create as JSON
  Parameters: {"user"=>{"username"=>"demo9", "password"=>"[FILTERED]"}}
  [1m[36mUser Load (0.6ms)[0m  [1m[34mSELECT  "users".* FROM "users" WHERE "users"."username" = $1 LIMIT $2[0m  [["username", "demo9"], ["LIMIT", 1]]
  ↳ app/models/user.rb:22
  [1m[35m (0.2ms)[0m  [1m[35mBEGIN[0m
  ↳ app/models/user.rb:42
  [1m[36mUser Exists (0.4ms)[0m  [1m[34mSELECT  1 AS one FROM "users" WHERE "users"."password_digest" = $1 AND "users"."id" != $2 LIMIT $3[0m  [["password_digest", "$2a$10$Vz94z0TEmF9ndFlTgQTTpu9T2fUnhaSJT3HBdAtbMqkE6zqcoIqi2"], ["id", 9], ["LIMIT", 1]]
  ↳ app/models/user.rb:42
  [1m[36mUser Exists (0.4ms)[0m  [1m[34mSELECT  1 AS one FROM "users" WHERE "users"."session_token" = $1 AND "users"."id" != $2 LIMIT $3[0m  [["session_token", "O7bPhVtAyXtHhii-hj3SKQ"], ["id", 9], ["LIMIT", 1]]
  ↳ app/models/user.rb:42
  [1m[36mUser Exists (0.3ms)[0m  [1m[34mSELECT  1 AS one FROM "users" WHERE "users"."username" = $1 AND "users"."id" != $2 LIMIT $3[0m  [["username", "demo9"], ["id", 9], ["LIMIT", 1]]
  ↳ app/models/user.rb:42
  [1m[36mUser Update (0.4ms)[0m  [1m[33mUPDATE "users" SET "session_token" = $1, "updated_at" = $2 WHERE "users"."id" = $3[0m  [["session_token", "O7bPhVtAyXtHhii-hj3SKQ"], ["updated_at", "2019-05-24 21:16:46.778655"], ["id", 9]]
  ↳ app/models/user.rb:42
  [1m[35m (14.4ms)[0m  [1m[35mCOMMIT[0m
  ↳ app/models/user.rb:42
  Rendering api/sessions/show.json.jbuilder
  Rendered api/users/_user.json.jbuilder (0.9ms)
  Rendered api/sessions/show.json.jbuilder (14.6ms)
Completed 200 OK in 143ms (Views: 37.0ms | ActiveRecord: 16.8ms)


Started GET "/" for ::1 at 2019-05-24 17:17:31 -0400
Processing by StaticPagesController#root as HTML
  Rendering static_pages/root.html within layouts/application
  Rendered static_pages/root.html within layouts/application (0.6ms)
  [1m[36mUser Load (0.5ms)[0m  [1m[34mSELECT  "users".* FROM "users" WHERE "users"."session_token" = $1 LIMIT $2[0m  [["session_token", "O7bPhVtAyXtHhii-hj3SKQ"], ["LIMIT", 1]]
  ↳ app/controllers/application_controller.rb:5
Completed 200 OK in 1389ms (Views: 1376.2ms | ActiveRecord: 0.5ms)


Started POST "/api/session" for ::1 at 2019-05-24 17:17:44 -0400
Processing by Api::SessionsController#create as JSON
  Parameters: {"user"=>{"username"=>"demo9", "password"=>"[FILTERED]"}}
  [1m[36mUser Load (0.5ms)[0m  [1m[34mSELECT  "users".* FROM "users" WHERE "users"."username" = $1 LIMIT $2[0m  [["username", "demo9"], ["LIMIT", 1]]
  ↳ app/models/user.rb:22
  [1m[35m (0.2ms)[0m  [1m[35mBEGIN[0m
  ↳ app/models/user.rb:42
  [1m[36mUser Exists (0.4ms)[0m  [1m[34mSELECT  1 AS one FROM "users" WHERE "users"."password_digest" = $1 AND "users"."id" != $2 LIMIT $3[0m  [["password_digest", "$2a$10$Vz94z0TEmF9ndFlTgQTTpu9T2fUnhaSJT3HBdAtbMqkE6zqcoIqi2"], ["id", 9], ["LIMIT", 1]]
  ↳ app/models/user.rb:42
  [1m[36mUser Exists (0.4ms)[0m  [1m[34mSELECT  1 AS one FROM "users" WHERE "users"."session_token" = $1 AND "users"."id" != $2 LIMIT $3[0m  [["session_token", "dWUG2FTAhD_gApNOi171EA"], ["id", 9], ["LIMIT", 1]]
  ↳ app/models/user.rb:42
  [1m[36mUser Exists (0.4ms)[0m  [1m[34mSELECT  1 AS one FROM "users" WHERE "users"."username" = $1 AND "users"."id" != $2 LIMIT $3[0m  [["username", "demo9"], ["id", 9], ["LIMIT", 1]]
  ↳ app/models/user.rb:42
  [1m[36mUser Update (0.5ms)[0m  [1m[33mUPDATE "users" SET "session_token" = $1, "updated_at" = $2 WHERE "users"."id" = $3[0m  [["session_token", "dWUG2FTAhD_gApNOi171EA"], ["updated_at", "2019-05-24 21:17:44.754080"], ["id", 9]]
  ↳ app/models/user.rb:42
  [1m[35m (57.4ms)[0m  [1m[35mCOMMIT[0m
  ↳ app/models/user.rb:42
  Rendering api/sessions/show.json.jbuilder
  Rendered api/users/_user.json.jbuilder (0.4ms)
  Rendered api/sessions/show.json.jbuilder (14.3ms)
Completed 200 OK in 177ms (Views: 32.3ms | ActiveRecord: 59.8ms)


