  [1m[35m (538.9ms)[0m  [1m[35mCREATE DATABASE "musicapp_development" ENCODING = 'unicode'[0m
  ↳ bin/rails:9
  [1m[35m (265.6ms)[0m  [1m[35mCREATE DATABASE "musicapp_test" ENCODING = 'unicode'[0m
  ↳ bin/rails:9
  [1m[35m (91.4ms)[0m  [1m[35mCREATE TABLE "schema_migrations" ("version" character varying NOT NULL PRIMARY KEY)[0m
  ↳ bin/rails:9
  [1m[35m (19.0ms)[0m  [1m[35mCREATE TABLE "ar_internal_metadata" ("key" character varying NOT NULL PRIMARY KEY, "value" character varying, "created_at" timestamp NOT NULL, "updated_at" timestamp NOT NULL)[0m
  ↳ bin/rails:9
  [1m[35m (0.3ms)[0m  [1m[34mSELECT pg_try_advisory_lock(6582489708232696860)[0m
  ↳ bin/rails:9
  [1m[35m (13.4ms)[0m  [1m[34mSELECT "schema_migrations"."version" FROM "schema_migrations" ORDER BY "schema_migrations"."version" ASC[0m
  ↳ bin/rails:9
Migrating to CreateUsers (20190502141138)
  [1m[35m (0.2ms)[0m  [1m[35mBEGIN[0m
  ↳ bin/rails:9
  [1m[35m (29.7ms)[0m  [1m[35mCREATE TABLE "users" ("id" bigserial primary key, "email" character varying NOT NULL, "password_digest" character varying NOT NULL, "session_token" character varying NOT NULL)[0m
  ↳ db/migrate/20190502141138_create_users.rb:3
  [1m[35m (1.4ms)[0m  [1m[35mCREATE UNIQUE INDEX  "index_users_on_session_token" ON "users"  ("session_token")[0m
  ↳ db/migrate/20190502141138_create_users.rb:3
  [1m[35m (1.1ms)[0m  [1m[35mCREATE UNIQUE INDEX  "index_users_on_email" ON "users"  ("email")[0m
  ↳ db/migrate/20190502141138_create_users.rb:3
  [1m[36mActiveRecord::SchemaMigration Create (0.9ms)[0m  [1m[32mINSERT INTO "schema_migrations" ("version") VALUES ($1) RETURNING "version"[0m  [["version", "20190502141138"]]
  ↳ bin/rails:9
  [1m[35m (0.8ms)[0m  [1m[35mCOMMIT[0m
  ↳ bin/rails:9
  [1m[36mActiveRecord::InternalMetadata Load (0.7ms)[0m  [1m[34mSELECT  "ar_internal_metadata".* FROM "ar_internal_metadata" WHERE "ar_internal_metadata"."key" = $1 LIMIT $2[0m  [["key", "environment"], ["LIMIT", 1]]
  ↳ bin/rails:9
  [1m[35m (0.5ms)[0m  [1m[35mBEGIN[0m
  ↳ bin/rails:9
  [1m[36mActiveRecord::InternalMetadata Create (0.8ms)[0m  [1m[32mINSERT INTO "ar_internal_metadata" ("key", "value", "created_at", "updated_at") VALUES ($1, $2, $3, $4) RETURNING "key"[0m  [["key", "environment"], ["value", "development"], ["created_at", "2019-05-02 14:14:28.161203"], ["updated_at", "2019-05-02 14:14:28.161203"]]
  ↳ bin/rails:9
  [1m[35m (0.5ms)[0m  [1m[35mCOMMIT[0m
  ↳ bin/rails:9
  [1m[35m (0.4ms)[0m  [1m[34mSELECT pg_advisory_unlock(6582489708232696860)[0m
  ↳ bin/rails:9
  [1m[35m (0.5ms)[0m  [1m[34mSELECT "schema_migrations"."version" FROM "schema_migrations" ORDER BY "schema_migrations"."version" ASC[0m
  ↳ bin/rails:9
Started GET "/" for ::1 at 2019-05-02 12:02:59 -0400
  [1m[35m (1.2ms)[0m  [1m[34mSELECT "schema_migrations"."version" FROM "schema_migrations" ORDER BY "schema_migrations"."version" ASC[0m
  ↳ /Users/aa/.rbenv/versions/2.5.1/lib/ruby/gems/2.5.0/gems/activerecord-5.2.3/lib/active_record/log_subscriber.rb:98
Processing by Rails::WelcomeController#index as HTML
  Rendering /Users/aa/.rbenv/versions/2.5.1/lib/ruby/gems/2.5.0/gems/railties-5.2.3/lib/rails/templates/rails/welcome/index.html.erb
  Rendered /Users/aa/.rbenv/versions/2.5.1/lib/ruby/gems/2.5.0/gems/railties-5.2.3/lib/rails/templates/rails/welcome/index.html.erb (5.5ms)
Completed 200 OK in 82ms (Views: 36.4ms | ActiveRecord: 0.0ms)


Started GET "/users/new" for ::1 at 2019-05-02 12:03:47 -0400
Processing by UsersController#new as HTML
Completed 500 Internal Server Error in 61ms (ActiveRecord: 3.7ms)



NoMethodError - undefined method `before_initialize' for #<Class:0x00007fa8cdf20c38>
Did you mean?  after_initialize:
  app/models/user.rb:7:in `<class:User>'
  app/models/user.rb:1:in `<top (required)>'
  app/controllers/users_controller.rb:4:in `new'

Started POST "/__better_errors/8b0a46aa4e3351e2/variables" for ::1 at 2019-05-02 12:03:47 -0400
Started GET "/users/new" for ::1 at 2019-05-02 12:05:13 -0400
Processing by UsersController#new as HTML
Completed 500 Internal Server Error in 45ms (ActiveRecord: 13.8ms)



NoMethodError - undefined method `reset_session_token' for #<User:0x00007fa8ca76a708>
Did you mean?  reset_session_token!
               restore_session_token!:
  app/models/user.rb:37:in `ensure_session_token'
  app/controllers/users_controller.rb:4:in `new'

Started POST "/__better_errors/5401691b6b4a1a13/variables" for ::1 at 2019-05-02 12:05:13 -0400
Started GET "/users/new" for ::1 at 2019-05-02 12:06:19 -0400
Processing by UsersController#new as HTML
  Rendering users/new.html.erb within layouts/application
  Rendered users/new.html.erb within layouts/application (549.0ms)
Completed 500 Internal Server Error in 587ms (ActiveRecord: 10.0ms)



NameError - undefined local variable or method `form_authencity_token' for #<#<Class:0x00007fa8cf8e0718>:0x00007fa8cf8a2d78>
Did you mean?  form_authenticity_token:
  app/views/users/new.html.erb:6:in `_app_views_users_new_html_erb___2299349895486035783_70181506583860'
  app/controllers/users_controller.rb:5:in `new'

Started POST "/__better_errors/fee951d289850349/variables" for ::1 at 2019-05-02 12:06:20 -0400
Started GET "/users/new" for ::1 at 2019-05-02 12:07:55 -0400
Processing by UsersController#new as HTML
  Rendering users/new.html.erb within layouts/application
  Rendered users/new.html.erb within layouts/application (0.7ms)
Completed 200 OK in 670ms (Views: 669.2ms | ActiveRecord: 0.0ms)


Started GET "/users/new" for ::1 at 2019-05-02 13:27:43 -0400
Processing by UsersController#new as HTML
  Rendering users/new.html.erb within layouts/application
  Rendered users/new.html.erb within layouts/application (1.0ms)
Completed 200 OK in 193ms (Views: 190.1ms | ActiveRecord: 0.0ms)


Started GET "/users/new" for ::1 at 2019-05-02 13:28:46 -0400
Processing by UsersController#new as HTML
  Rendering users/new.html.erb within layouts/application
  Rendered users/new.html.erb within layouts/application (0.6ms)
Completed 200 OK in 118ms (Views: 117.4ms | ActiveRecord: 0.0ms)


Started POST "/users" for ::1 at 2019-05-02 13:30:30 -0400
Processing by UsersController#create as HTML
  Parameters: {"authenticity_token"=>"pXINcUFgYm20mcvJnjM5NxUZrD48lpdesXacFyU3Oj9LBFSok+UnkKt/TB1FpNk9xQMyfgNltVKdWoatlQPdUg==", "user"=>{"email"=>"mthomas@gmail.com", "password"=>"[FILTERED]"}}
  [1m[35m (0.3ms)[0m  [1m[35mBEGIN[0m
  ↳ app/models/user.rb:16
  [1m[35m (0.2ms)[0m  [1m[31mROLLBACK[0m
  ↳ app/models/user.rb:16
Completed 422 Unprocessable Entity in 311ms (ActiveRecord: 0.6ms)



ActiveRecord::RecordInvalid - Validation failed: Password is too short (minimum is 8 characters):
  app/models/user.rb:16:in `password='
  app/controllers/users_controller.rb:9:in `create'

Started POST "/__better_errors/9bb059a9cc6525e4/variables" for ::1 at 2019-05-02 13:30:31 -0400
Started POST "/users" for ::1 at 2019-05-02 13:34:10 -0400
Processing by UsersController#create as HTML
  Parameters: {"authenticity_token"=>"pXINcUFgYm20mcvJnjM5NxUZrD48lpdesXacFyU3Oj9LBFSok+UnkKt/TB1FpNk9xQMyfgNltVKdWoatlQPdUg==", "user"=>{"email"=>"mthomas@gmail.com", "password"=>"[FILTERED]"}}
  [1m[35m (0.3ms)[0m  [1m[35mBEGIN[0m
  ↳ app/models/user.rb:16
  [1m[36mUser Create (19.6ms)[0m  [1m[32mINSERT INTO "users" ("email", "password_digest") VALUES ($1, $2) RETURNING "id"[0m  [["email", "mthomas@gmail.com"], ["password_digest", "$2a$10$4gtI5b6pasZjraDQ72q5Uec4i1MVmJrz6KIaWxavlN4KcxiRaXx.O"]]
  ↳ app/models/user.rb:16
  [1m[35m (0.2ms)[0m  [1m[31mROLLBACK[0m
  ↳ app/models/user.rb:16
Completed 500 Internal Server Error in 155ms (ActiveRecord: 49.6ms)



PG::NotNullViolation - ERROR:  null value in column "session_token" violates not-null constraint
DETAIL:  Failing row contains (1, mthomas@gmail.com, $2a$10$4gtI5b6pasZjraDQ72q5Uec4i1MVmJrz6KIaWxavlN4KcxiRaXx.O, null).
:
  app/models/user.rb:16:in `password='
  app/controllers/users_controller.rb:9:in `create'

Started POST "/__better_errors/0620ec92becb67a2/variables" for ::1 at 2019-05-02 13:34:11 -0400
Started POST "/users" for ::1 at 2019-05-02 13:48:32 -0400
Processing by UsersController#create as HTML
  Parameters: {"authenticity_token"=>"pXINcUFgYm20mcvJnjM5NxUZrD48lpdesXacFyU3Oj9LBFSok+UnkKt/TB1FpNk9xQMyfgNltVKdWoatlQPdUg==", "user"=>{"email"=>"mthomas083@gmail.com", "password"=>"[FILTERED]"}}
  [1m[35m (0.2ms)[0m  [1m[35mBEGIN[0m
  ↳ app/controllers/users_controller.rb:10
  [1m[36mUser Create (51.2ms)[0m  [1m[32mINSERT INTO "users" ("email", "password_digest", "session_token") VALUES ($1, $2, $3) RETURNING "id"[0m  [["email", "mthomas083@gmail.com"], ["password_digest", "$2a$10$cYZJ3uYqnN9f0/TlBrnSRu8ki8ZedoChWrehQl6j6w9Zmb9rroh0i"], ["session_token", "rY_d2agGpj3vC-nnVyet9w"]]
  ↳ app/controllers/users_controller.rb:10
  [1m[35m (0.6ms)[0m  [1m[35mCOMMIT[0m
  ↳ app/controllers/users_controller.rb:10
  [1m[35m (0.2ms)[0m  [1m[35mBEGIN[0m
  ↳ app/controllers/users_controller.rb:11
  [1m[35m (0.2ms)[0m  [1m[35mCOMMIT[0m
  ↳ app/controllers/users_controller.rb:11
  [1m[35m (0.1ms)[0m  [1m[35mBEGIN[0m
  ↳ app/models/user.rb:27
  [1m[36mUser Update (0.8ms)[0m  [1m[33mUPDATE "users" SET "session_token" = $1 WHERE "users"."id" = $2[0m  [["session_token", "zU7yENUcjpfeybVZ7PsQ-A"], ["id", 2]]
  ↳ app/models/user.rb:27
  [1m[35m (0.5ms)[0m  [1m[35mCOMMIT[0m
  ↳ app/models/user.rb:27
Redirected to http://localhost:3000/users/2
Completed 302 Found in 208ms (ActiveRecord: 64.0ms)


Started GET "/users/2" for ::1 at 2019-05-02 13:48:32 -0400
Processing by UsersController#show as HTML
  Parameters: {"id"=>"2"}
  Rendering users/show.html.erb within layouts/application
  [1m[36mUser Load (0.4ms)[0m  [1m[34mSELECT  "users".* FROM "users" WHERE "users"."session_token" = $1 LIMIT $2[0m  [["session_token", "zU7yENUcjpfeybVZ7PsQ-A"], ["LIMIT", 1]]
  ↳ app/controllers/application_controller.rb:6
  Rendered users/show.html.erb within layouts/application (21.4ms)
Completed 200 OK in 140ms (Views: 138.4ms | ActiveRecord: 0.6ms)


Started POST "/users" for ::1 at 2019-05-02 13:48:52 -0400
Processing by UsersController#create as HTML
  Parameters: {"authenticity_token"=>"pXINcUFgYm20mcvJnjM5NxUZrD48lpdesXacFyU3Oj9LBFSok+UnkKt/TB1FpNk9xQMyfgNltVKdWoatlQPdUg==", "user"=>{"email"=>"mthomas082@gmail.com", "password"=>"[FILTERED]"}}
  [1m[35m (0.2ms)[0m  [1m[35mBEGIN[0m
  ↳ app/controllers/users_controller.rb:10
  [1m[36mUser Create (0.6ms)[0m  [1m[32mINSERT INTO "users" ("email", "password_digest", "session_token") VALUES ($1, $2, $3) RETURNING "id"[0m  [["email", "mthomas082@gmail.com"], ["password_digest", "$2a$10$iOfh5DF3UDFBtx.Ny7kQTO.k0i/lKtWRD86NjujCaMfnj8WFRR1yS"], ["session_token", "InIKlONsoL8zMv7B-x1zMg"]]
  ↳ app/controllers/users_controller.rb:10
  [1m[35m (0.4ms)[0m  [1m[35mCOMMIT[0m
  ↳ app/controllers/users_controller.rb:10
  [1m[35m (0.2ms)[0m  [1m[35mBEGIN[0m
  ↳ app/controllers/users_controller.rb:11
  [1m[35m (0.2ms)[0m  [1m[35mCOMMIT[0m
  ↳ app/controllers/users_controller.rb:11
  [1m[35m (0.2ms)[0m  [1m[35mBEGIN[0m
  ↳ app/models/user.rb:27
  [1m[36mUser Update (0.7ms)[0m  [1m[33mUPDATE "users" SET "session_token" = $1 WHERE "users"."id" = $2[0m  [["session_token", "et8rRhELal31jMsFXqOn4g"], ["id", 3]]
  ↳ app/models/user.rb:27
  [1m[35m (0.6ms)[0m  [1m[35mCOMMIT[0m
  ↳ app/models/user.rb:27
Redirected to http://localhost:3000/users/3
Completed 302 Found in 91ms (ActiveRecord: 3.1ms)


Started GET "/users/3" for ::1 at 2019-05-02 13:48:52 -0400
Processing by UsersController#show as HTML
  Parameters: {"id"=>"3"}
  Rendering users/show.html.erb within layouts/application
  [1m[36mUser Load (0.5ms)[0m  [1m[34mSELECT  "users".* FROM "users" WHERE "users"."session_token" = $1 LIMIT $2[0m  [["session_token", "et8rRhELal31jMsFXqOn4g"], ["LIMIT", 1]]
  ↳ app/controllers/application_controller.rb:6
  Rendered users/show.html.erb within layouts/application (1.8ms)
Completed 200 OK in 23ms (Views: 22.3ms | ActiveRecord: 0.5ms)


Started POST "/users" for ::1 at 2019-05-02 13:50:32 -0400
Processing by UsersController#create as HTML
  Parameters: {"authenticity_token"=>"pXINcUFgYm20mcvJnjM5NxUZrD48lpdesXacFyU3Oj9LBFSok+UnkKt/TB1FpNk9xQMyfgNltVKdWoatlQPdUg==", "user"=>{"email"=>"mthomas08@gmail.com", "password"=>"[FILTERED]"}}
  [1m[35m (0.3ms)[0m  [1m[35mBEGIN[0m
  ↳ app/controllers/users_controller.rb:10
  [1m[36mUser Create (0.8ms)[0m  [1m[32mINSERT INTO "users" ("email", "password_digest", "session_token") VALUES ($1, $2, $3) RETURNING "id"[0m  [["email", "mthomas08@gmail.com"], ["password_digest", "$2a$10$qfYqVlzCylb7/oDsJ2/uXO8t0CxeWkb1HQ/i8L8oOSOmyEM3jmqha"], ["session_token", "eeS-Tuo2G1kkWqbXHkoPwA"]]
  ↳ app/controllers/users_controller.rb:10
  [1m[35m (0.6ms)[0m  [1m[35mCOMMIT[0m
  ↳ app/controllers/users_controller.rb:10
  [1m[35m (0.1ms)[0m  [1m[35mBEGIN[0m
  ↳ app/controllers/users_controller.rb:11
  [1m[35m (0.2ms)[0m  [1m[35mCOMMIT[0m
  ↳ app/controllers/users_controller.rb:11
  [1m[35m (0.2ms)[0m  [1m[35mBEGIN[0m
  ↳ app/models/user.rb:27
  [1m[36mUser Update (0.6ms)[0m  [1m[33mUPDATE "users" SET "session_token" = $1 WHERE "users"."id" = $2[0m  [["session_token", "_PQ2YJ3DuIYYjC6REgb-AQ"], ["id", 4]]
  ↳ app/models/user.rb:27
  [1m[35m (0.5ms)[0m  [1m[35mCOMMIT[0m
  ↳ app/models/user.rb:27
Redirected to http://localhost:3000/users/4
Completed 302 Found in 94ms (ActiveRecord: 3.2ms)


Started GET "/users/4" for ::1 at 2019-05-02 13:50:32 -0400
Processing by UsersController#show as HTML
  Parameters: {"id"=>"4"}
  Rendering users/show.html.erb within layouts/application
  [1m[36mUser Load (0.4ms)[0m  [1m[34mSELECT  "users".* FROM "users" WHERE "users"."session_token" = $1 LIMIT $2[0m  [["session_token", "_PQ2YJ3DuIYYjC6REgb-AQ"], ["LIMIT", 1]]
  ↳ app/controllers/application_controller.rb:6
  Rendered users/show.html.erb within layouts/application (1.8ms)
Completed 200 OK in 29ms (Views: 27.6ms | ActiveRecord: 0.4ms)


Started GET "/session/new" for ::1 at 2019-05-02 14:06:12 -0400
Processing by SessionsController#new as HTML
  Rendering sessions/new.html.erb within layouts/application
  Rendered sessions/new.html.erb within layouts/application (1.3ms)
Completed 200 OK in 91ms (Views: 89.7ms | ActiveRecord: 0.0ms)


Started GET "/session/new" for ::1 at 2019-05-02 14:10:13 -0400
Processing by SessionsController#new as HTML
  Rendering sessions/new.html.erb within layouts/application
  Rendered sessions/new.html.erb within layouts/application (0.9ms)
Completed 200 OK in 107ms (Views: 106.0ms | ActiveRecord: 0.0ms)


Started GET "/session/new" for ::1 at 2019-05-02 14:10:15 -0400
Processing by SessionsController#new as HTML
  Rendering sessions/new.html.erb within layouts/application
  Rendered sessions/new.html.erb within layouts/application (0.9ms)
Completed 200 OK in 22ms (Views: 21.2ms | ActiveRecord: 0.0ms)


Started GET "/session/new" for ::1 at 2019-05-02 14:10:52 -0400
Processing by SessionsController#new as HTML
  Rendering sessions/new.html.erb within layouts/application
  Rendered sessions/new.html.erb within layouts/application (1.4ms)
Completed 200 OK in 116ms (Views: 115.4ms | ActiveRecord: 0.0ms)


Started POST "/session" for ::1 at 2019-05-02 14:11:40 -0400
Processing by SessionsController#create as HTML
  Parameters: {"authenticity_token"=>"ZDPOSNGLTGKpvvE3lF8p6fHroUU0B893zRyG6IambXuKRZeRAw4Jn7ZYduNPyMnjIfE/BQv07XvhMJxSNpKKFg==", "user"=>{"email"=>"mthomas08@gmail.com", "password"=>"[FILTERED]"}}
  [1m[36mUser Load (1.0ms)[0m  [1m[34mSELECT  "users".* FROM "users" WHERE "users"."email" = $1 LIMIT $2[0m  [["email", "mthomas08@gmail.com"], ["LIMIT", 1]]
  ↳ app/models/user.rb:16
Completed 500 Internal Server Error in 26ms (ActiveRecord: 1.4ms)



NoMethodError - undefined method `is_password?' for #<Class:0x00007fa8cc3300c8>:
  app/models/user.rb:17:in `find_by_credentials'
  app/controllers/sessions_controller.rb:8:in `create'

Started POST "/__better_errors/0d15599de28e360c/variables" for ::1 at 2019-05-02 14:11:40 -0400
Started POST "/users" for ::1 at 2019-05-02 14:14:42 -0400
Processing by UsersController#create as HTML
  Parameters: {"authenticity_token"=>"pXINcUFgYm20mcvJnjM5NxUZrD48lpdesXacFyU3Oj9LBFSok+UnkKt/TB1FpNk9xQMyfgNltVKdWoatlQPdUg==", "user"=>{"email"=>"mthomas@gmail.com", "password"=>"[FILTERED]"}}
  [1m[35m (0.3ms)[0m  [1m[35mBEGIN[0m
  ↳ app/controllers/users_controller.rb:10
  [1m[36mUser Create (1.3ms)[0m  [1m[32mINSERT INTO "users" ("email", "password_digest", "session_token") VALUES ($1, $2, $3) RETURNING "id"[0m  [["email", "mthomas@gmail.com"], ["password_digest", "$2a$10$v7/IWnncmy6Osc0.RNkKiOv1NbQpQHhWGFunSkXnobQVdX9ms8hSa"], ["session_token", "0UY4M_NnpiouDwZKXYQs0g"]]
  ↳ app/controllers/users_controller.rb:10
  [1m[35m (24.0ms)[0m  [1m[35mCOMMIT[0m
  ↳ app/controllers/users_controller.rb:10
  [1m[35m (0.2ms)[0m  [1m[35mBEGIN[0m
  ↳ app/controllers/users_controller.rb:11
  [1m[35m (0.1ms)[0m  [1m[35mCOMMIT[0m
  ↳ app/controllers/users_controller.rb:11
  [1m[35m (0.1ms)[0m  [1m[35mBEGIN[0m
  ↳ app/models/user.rb:27
  [1m[36mUser Update (1.0ms)[0m  [1m[33mUPDATE "users" SET "session_token" = $1 WHERE "users"."id" = $2[0m  [["session_token", "mhORs0GcZGFM58LPH8l0JA"], ["id", 5]]
  ↳ app/models/user.rb:27
  [1m[35m (0.5ms)[0m  [1m[35mCOMMIT[0m
  ↳ app/models/user.rb:27
Redirected to http://localhost:3000/users/5
Completed 302 Found in 150ms (ActiveRecord: 27.5ms)


Started GET "/users/5" for ::1 at 2019-05-02 14:14:43 -0400
Processing by UsersController#show as HTML
  Parameters: {"id"=>"5"}
  Rendering users/show.html.erb within layouts/application
  [1m[36mUser Load (1.9ms)[0m  [1m[34mSELECT  "users".* FROM "users" WHERE "users"."session_token" = $1 LIMIT $2[0m  [["session_token", "mhORs0GcZGFM58LPH8l0JA"], ["LIMIT", 1]]
  ↳ app/controllers/application_controller.rb:6
  Rendered users/show.html.erb within layouts/application (4.5ms)
Completed 200 OK in 72ms (Views: 69.4ms | ActiveRecord: 1.9ms)


Started GET "/session/new" for ::1 at 2019-05-02 14:15:53 -0400
Processing by SessionsController#new as HTML
  Rendering sessions/new.html.erb within layouts/application
  Rendered sessions/new.html.erb within layouts/application (0.6ms)
Completed 200 OK in 84ms (Views: 83.6ms | ActiveRecord: 0.0ms)


Started POST "/session" for ::1 at 2019-05-02 14:16:02 -0400
Processing by SessionsController#create as HTML
  Parameters: {"authenticity_token"=>"ziLv6qm2RERNrG0kZfcMTovNtH6yKicN2qkpC/ZjtPkgVLYzezMBuVJK6vC+YOxEW9cqPo3ZBQH2hTOxRldTlA==", "user"=>{"email"=>"mthomas@gmail.com", "password"=>"[FILTERED]"}}
  [1m[36mUser Load (0.6ms)[0m  [1m[34mSELECT  "users".* FROM "users" WHERE "users"."email" = $1 LIMIT $2[0m  [["email", "mthomas@gmail.com"], ["LIMIT", 1]]
  ↳ app/models/user.rb:16
Completed 500 Internal Server Error in 20ms (ActiveRecord: 0.6ms)



NoMethodError - undefined method `is_password?' for #<Class:0x00007fa8cc3300c8>:
  app/models/user.rb:17:in `find_by_credentials'
  app/controllers/sessions_controller.rb:8:in `create'

Started POST "/__better_errors/a24b5b354961b1a6/variables" for ::1 at 2019-05-02 14:16:02 -0400
Started POST "/session" for ::1 at 2019-05-02 14:18:57 -0400
Processing by SessionsController#create as HTML
  Parameters: {"authenticity_token"=>"ziLv6qm2RERNrG0kZfcMTovNtH6yKicN2qkpC/ZjtPkgVLYzezMBuVJK6vC+YOxEW9cqPo3ZBQH2hTOxRldTlA==", "user"=>{"email"=>"mthomas@gmail.com", "password"=>"[FILTERED]"}}
  [1m[36mUser Load (0.5ms)[0m  [1m[34mSELECT  "users".* FROM "users" WHERE "users"."email" = $1 LIMIT $2[0m  [["email", "mthomas@gmail.com"], ["LIMIT", 1]]
  ↳ app/models/user.rb:16
  [1m[35m (0.4ms)[0m  [1m[35mBEGIN[0m
  ↳ app/models/user.rb:27
  [1m[36mUser Update (0.9ms)[0m  [1m[33mUPDATE "users" SET "session_token" = $1 WHERE "users"."id" = $2[0m  [["session_token", "CkXNFz9GkLQgiDXTSn8idQ"], ["id", 5]]
  ↳ app/models/user.rb:27
  [1m[35m (24.7ms)[0m  [1m[35mCOMMIT[0m
  ↳ app/models/user.rb:27
Completed 500 Internal Server Error in 185ms (ActiveRecord: 39.0ms)



ActionController::UrlGenerationError - No route matches {:action=>"show", :controller=>"users"}, missing required keys: [:id]:
  app/controllers/sessions_controller.rb:11:in `create'

Started POST "/__better_errors/9998ec7063a1b50f/variables" for ::1 at 2019-05-02 14:18:58 -0400
Started POST "/session" for ::1 at 2019-05-02 14:19:51 -0400
Processing by SessionsController#create as HTML
  Parameters: {"authenticity_token"=>"ziLv6qm2RERNrG0kZfcMTovNtH6yKicN2qkpC/ZjtPkgVLYzezMBuVJK6vC+YOxEW9cqPo3ZBQH2hTOxRldTlA==", "user"=>{"email"=>"mthomas@gmail.com", "password"=>"[FILTERED]"}}
  [1m[36mUser Load (0.8ms)[0m  [1m[34mSELECT  "users".* FROM "users" WHERE "users"."email" = $1 LIMIT $2[0m  [["email", "mthomas@gmail.com"], ["LIMIT", 1]]
  ↳ app/models/user.rb:16
  [1m[35m (0.4ms)[0m  [1m[35mBEGIN[0m
  ↳ app/models/user.rb:27
  [1m[36mUser Update (1.2ms)[0m  [1m[33mUPDATE "users" SET "session_token" = $1 WHERE "users"."id" = $2[0m  [["session_token", "AnjOjcBr-6Z-N7p-pnNlrA"], ["id", 5]]
  ↳ app/models/user.rb:27
  [1m[35m (1.3ms)[0m  [1m[35mCOMMIT[0m
  ↳ app/models/user.rb:27
Redirected to http://localhost:3000/users/5
Completed 302 Found in 121ms (ActiveRecord: 13.3ms)


Started GET "/users/5" for ::1 at 2019-05-02 14:19:51 -0400
Processing by UsersController#show as HTML
  Parameters: {"id"=>"5"}
  Rendering users/show.html.erb within layouts/application
  [1m[36mUser Load (1.1ms)[0m  [1m[34mSELECT  "users".* FROM "users" WHERE "users"."session_token" = $1 LIMIT $2[0m  [["session_token", "AnjOjcBr-6Z-N7p-pnNlrA"], ["LIMIT", 1]]
  ↳ app/controllers/application_controller.rb:6
  Rendered users/show.html.erb within layouts/application (3.7ms)
Completed 200 OK in 234ms (Views: 231.8ms | ActiveRecord: 1.1ms)


Started GET "/users/5" for ::1 at 2019-05-02 14:46:52 -0400
Processing by UsersController#show as HTML
  Parameters: {"id"=>"5"}
  Rendering users/show.html.erb within layouts/application
  [1m[36mUser Load (0.7ms)[0m  [1m[34mSELECT  "users".* FROM "users" WHERE "users"."session_token" = $1 LIMIT $2[0m  [["session_token", "AnjOjcBr-6Z-N7p-pnNlrA"], ["LIMIT", 1]]
  ↳ app/controllers/application_controller.rb:6
  Rendered users/show.html.erb within layouts/application (3.4ms)
Completed 200 OK in 103ms (Views: 101.7ms | ActiveRecord: 1.1ms)


Started GET "/users/5" for ::1 at 2019-05-02 14:47:04 -0400
Processing by UsersController#show as HTML
  Parameters: {"id"=>"5"}
  Rendering users/show.html.erb within layouts/application
  [1m[36mUser Load (0.5ms)[0m  [1m[34mSELECT  "users".* FROM "users" WHERE "users"."session_token" = $1 LIMIT $2[0m  [["session_token", "AnjOjcBr-6Z-N7p-pnNlrA"], ["LIMIT", 1]]
  ↳ app/controllers/application_controller.rb:6
  Rendered users/show.html.erb within layouts/application (1.6ms)
Completed 200 OK in 28ms (Views: 27.2ms | ActiveRecord: 0.5ms)


Started DELETE "/session" for ::1 at 2019-05-02 14:47:09 -0400
Processing by SessionsController#destroy as HTML
  Parameters: {"authenticity_token"=>"eAhoJHxcYG1GAXO/4qNLmq9ou6m30EOfHEZCCn6nsd2WfjH9rtklkFnn9Gs5NKuQf3Il6YgjYZMwaliwzpNWsA=="}
  [1m[36mUser Load (0.6ms)[0m  [1m[34mSELECT  "users".* FROM "users" WHERE "users"."session_token" = $1 LIMIT $2[0m  [["session_token", "AnjOjcBr-6Z-N7p-pnNlrA"], ["LIMIT", 1]]
  ↳ app/controllers/application_controller.rb:6
  [1m[35m (0.3ms)[0m  [1m[35mBEGIN[0m
  ↳ app/models/user.rb:27
  [1m[36mUser Update (1.3ms)[0m  [1m[33mUPDATE "users" SET "session_token" = $1 WHERE "users"."id" = $2[0m  [["session_token", "vTwjko1oX8PxG_-dqKUiVg"], ["id", 5]]
  ↳ app/models/user.rb:27
  [1m[35m (55.7ms)[0m  [1m[35mCOMMIT[0m
  ↳ app/models/user.rb:27
Redirected to http://localhost:3000/session/new
Completed 302 Found in 63ms (ActiveRecord: 57.9ms)


Started GET "/session/new" for ::1 at 2019-05-02 14:47:09 -0400
Processing by SessionsController#new as HTML
  Rendering sessions/new.html.erb within layouts/application
  Rendered sessions/new.html.erb within layouts/application (0.6ms)
  [1m[36mUser Load (0.3ms)[0m  [1m[34mSELECT  "users".* FROM "users" WHERE "users"."session_token" IS NULL LIMIT $1[0m  [["LIMIT", 1]]
  ↳ app/controllers/application_controller.rb:6
Completed 200 OK in 22ms (Views: 20.7ms | ActiveRecord: 0.3ms)


Started POST "/session" for ::1 at 2019-05-02 14:47:20 -0400
Processing by SessionsController#create as HTML
  Parameters: {"authenticity_token"=>"G2BxVKESPBIzxjx21SvLR3eKaQRa6HbdPfDgQHYqIOH1FiiNc5d57ywgu6IOvCtNp5D3RGUbVNER3Pr6xh7HjA==", "user"=>{"email"=>"mthomas@gmail.com", "password"=>"[FILTERED]"}}
  [1m[36mUser Load (0.8ms)[0m  [1m[34mSELECT  "users".* FROM "users" WHERE "users"."email" = $1 LIMIT $2[0m  [["email", "mthomas@gmail.com"], ["LIMIT", 1]]
  ↳ app/models/user.rb:16
  [1m[35m (0.2ms)[0m  [1m[35mBEGIN[0m
  ↳ app/models/user.rb:27
  [1m[36mUser Update (0.8ms)[0m  [1m[33mUPDATE "users" SET "session_token" = $1 WHERE "users"."id" = $2[0m  [["session_token", "ZvgF9X8DdQoM47t-5C355w"], ["id", 5]]
  ↳ app/models/user.rb:27
  [1m[35m (0.5ms)[0m  [1m[35mCOMMIT[0m
  ↳ app/models/user.rb:27
Redirected to http://localhost:3000/users/5
Completed 302 Found in 88ms (ActiveRecord: 2.3ms)


Started GET "/users/5" for ::1 at 2019-05-02 14:47:21 -0400
Processing by UsersController#show as HTML
  Parameters: {"id"=>"5"}
  Rendering users/show.html.erb within layouts/application
  [1m[36mUser Load (0.5ms)[0m  [1m[34mSELECT  "users".* FROM "users" WHERE "users"."session_token" = $1 LIMIT $2[0m  [["session_token", "ZvgF9X8DdQoM47t-5C355w"], ["LIMIT", 1]]
  ↳ app/controllers/application_controller.rb:6
  Rendered users/show.html.erb within layouts/application (1.8ms)
Completed 200 OK in 21ms (Views: 19.5ms | ActiveRecord: 0.5ms)


Started DELETE "/session" for ::1 at 2019-05-02 14:50:53 -0400
Processing by SessionsController#destroy as HTML
  Parameters: {"authenticity_token"=>"8wsSssOaOUt2GeLVtwTwROnPhwIbn0zcHH95olp1yXAdfUtrER98tmn/ZQFskxBOOdUZQiRsbtAwU2MY6kEuHQ=="}
  [1m[36mUser Load (0.4ms)[0m  [1m[34mSELECT  "users".* FROM "users" WHERE "users"."session_token" = $1 LIMIT $2[0m  [["session_token", "ZvgF9X8DdQoM47t-5C355w"], ["LIMIT", 1]]
  ↳ app/controllers/application_controller.rb:6
  [1m[35m (0.2ms)[0m  [1m[35mBEGIN[0m
  ↳ app/models/user.rb:27
  [1m[36mUser Update (0.5ms)[0m  [1m[33mUPDATE "users" SET "session_token" = $1 WHERE "users"."id" = $2[0m  [["session_token", "qBCHOow9IqX-llRps-xQ-g"], ["id", 5]]
  ↳ app/models/user.rb:27
  [1m[35m (0.6ms)[0m  [1m[35mCOMMIT[0m
  ↳ app/models/user.rb:27
Redirected to http://localhost:3000/session/new
Completed 302 Found in 5ms (ActiveRecord: 1.7ms)


Started GET "/session/new" for ::1 at 2019-05-02 14:50:53 -0400
Processing by SessionsController#new as HTML
  Rendering sessions/new.html.erb within layouts/application
  Rendered sessions/new.html.erb within layouts/application (0.8ms)
  [1m[36mUser Load (0.4ms)[0m  [1m[34mSELECT  "users".* FROM "users" WHERE "users"."session_token" IS NULL LIMIT $1[0m  [["LIMIT", 1]]
  ↳ app/controllers/application_controller.rb:6
Completed 200 OK in 75ms (Views: 73.7ms | ActiveRecord: 0.4ms)


Started GET "/users/new" for ::1 at 2019-05-02 14:50:58 -0400
Processing by UsersController#new as HTML
  Rendering users/new.html.erb within layouts/application
  Rendered users/new.html.erb within layouts/application (0.9ms)
  [1m[36mUser Load (0.5ms)[0m  [1m[34mSELECT  "users".* FROM "users" WHERE "users"."session_token" IS NULL LIMIT $1[0m  [["LIMIT", 1]]
  ↳ app/controllers/application_controller.rb:6
Completed 200 OK in 37ms (Views: 35.3ms | ActiveRecord: 0.5ms)


Started GET "/session/new" for ::1 at 2019-05-02 14:50:59 -0400
Processing by SessionsController#new as HTML
  Rendering sessions/new.html.erb within layouts/application
  Rendered sessions/new.html.erb within layouts/application (2.2ms)
  [1m[36mUser Load (0.6ms)[0m  [1m[34mSELECT  "users".* FROM "users" WHERE "users"."session_token" IS NULL LIMIT $1[0m  [["LIMIT", 1]]
  ↳ app/controllers/application_controller.rb:6
Completed 200 OK in 41ms (Views: 39.3ms | ActiveRecord: 0.6ms)


Started GET "/users/new" for ::1 at 2019-05-02 14:51:02 -0400
Processing by UsersController#new as HTML
  Rendering users/new.html.erb within layouts/application
  Rendered users/new.html.erb within layouts/application (0.8ms)
  [1m[36mUser Load (0.6ms)[0m  [1m[34mSELECT  "users".* FROM "users" WHERE "users"."session_token" IS NULL LIMIT $1[0m  [["LIMIT", 1]]
  ↳ app/controllers/application_controller.rb:6
Completed 200 OK in 43ms (Views: 39.3ms | ActiveRecord: 0.6ms)


Started GET "/session/new" for ::1 at 2019-05-02 14:51:03 -0400
Processing by SessionsController#new as HTML
  Rendering sessions/new.html.erb within layouts/application
  Rendered sessions/new.html.erb within layouts/application (1.2ms)
  [1m[36mUser Load (0.5ms)[0m  [1m[34mSELECT  "users".* FROM "users" WHERE "users"."session_token" IS NULL LIMIT $1[0m  [["LIMIT", 1]]
  ↳ app/controllers/application_controller.rb:6
Completed 200 OK in 45ms (Views: 44.1ms | ActiveRecord: 0.5ms)


Started POST "/session" for ::1 at 2019-05-02 14:51:11 -0400
Processing by SessionsController#create as HTML
  Parameters: {"authenticity_token"=>"U37J8rMwoqMW+JeWgCTG9hTr43i+9rTiavtPfjqPwsO9CJArYbXnXgkeEEJbsyb8xPF9OIEFlu5G11XEirslrg==", "user"=>{"email"=>"mthomas@gmail.com", "password"=>"[FILTERED]"}}
  [1m[36mUser Load (0.5ms)[0m  [1m[34mSELECT  "users".* FROM "users" WHERE "users"."email" = $1 LIMIT $2[0m  [["email", "mthomas@gmail.com"], ["LIMIT", 1]]
  ↳ app/models/user.rb:16
  [1m[35m (0.2ms)[0m  [1m[35mBEGIN[0m
  ↳ app/models/user.rb:27
  [1m[36mUser Update (0.5ms)[0m  [1m[33mUPDATE "users" SET "session_token" = $1 WHERE "users"."id" = $2[0m  [["session_token", "g-BUaYpW3mXd3niq_f_Ypg"], ["id", 5]]
  ↳ app/models/user.rb:27
  [1m[35m (0.5ms)[0m  [1m[35mCOMMIT[0m
  ↳ app/models/user.rb:27
Redirected to http://localhost:3000/users/5
Completed 302 Found in 86ms (ActiveRecord: 1.7ms)


Started GET "/users/5" for ::1 at 2019-05-02 14:51:11 -0400
Processing by UsersController#show as HTML
  Parameters: {"id"=>"5"}
  Rendering users/show.html.erb within layouts/application
  [1m[36mUser Load (0.4ms)[0m  [1m[34mSELECT  "users".* FROM "users" WHERE "users"."session_token" = $1 LIMIT $2[0m  [["session_token", "g-BUaYpW3mXd3niq_f_Ypg"], ["LIMIT", 1]]
  ↳ app/controllers/application_controller.rb:6
  Rendered users/show.html.erb within layouts/application (1.8ms)
Completed 200 OK in 33ms (Views: 31.3ms | ActiveRecord: 0.4ms)


Started GET "/users/5" for ::1 at 2019-05-02 15:04:43 -0400
Processing by UsersController#show as HTML
  Parameters: {"id"=>"5"}
  Rendering users/show.html.erb within layouts/application
  [1m[36mUser Load (0.7ms)[0m  [1m[34mSELECT  "users".* FROM "users" WHERE "users"."session_token" = $1 LIMIT $2[0m  [["session_token", "g-BUaYpW3mXd3niq_f_Ypg"], ["LIMIT", 1]]
  ↳ app/controllers/application_controller.rb:6
  Rendered users/show.html.erb within layouts/application (38.1ms)
Completed 500 Internal Server Error in 479ms (ActiveRecord: 11.3ms)



NameError - undefined local variable or method `form_autheticity_token' for #<#<Class:0x00007fa8d01f6a50>:0x00007fa8d01f4f48>
Did you mean?  form_authenticity_token:
  app/helpers/application_helper.rb:4:in `auth_token'
  app/views/layouts/application.html.erb:18:in `_app_views_layouts_application_html_erb__1848842131698829033_70181511564040'
  app/controllers/users_controller.rb:23:in `show'

Started POST "/__better_errors/1b8cfe85cb7a858b/variables" for ::1 at 2019-05-02 15:04:45 -0400
Started GET "/users/5" for ::1 at 2019-05-02 15:05:35 -0400
Processing by UsersController#show as HTML
  Parameters: {"id"=>"5"}
  Rendering users/show.html.erb within layouts/application
  [1m[36mUser Load (0.4ms)[0m  [1m[34mSELECT  "users".* FROM "users" WHERE "users"."session_token" = $1 LIMIT $2[0m  [["session_token", "g-BUaYpW3mXd3niq_f_Ypg"], ["LIMIT", 1]]
  ↳ app/controllers/application_controller.rb:6
  Rendered users/show.html.erb within layouts/application (39.0ms)
Completed 200 OK in 119ms (Views: 109.5ms | ActiveRecord: 8.5ms)


Started DELETE "/session" for ::1 at 2019-05-02 15:07:09 -0400
Processing by SessionsController#destroy as HTML
  Parameters: {"authenticity_token"=>"u4XKXLNqU1SeciquyHgwXPwqNh9AXSB3d1rfJypKyW1V85OFYe8WqYGUrXoT79BWLDCoX3+uAntbdsWdmn4uAA=="}
  [1m[36mUser Load (0.5ms)[0m  [1m[34mSELECT  "users".* FROM "users" WHERE "users"."session_token" = $1 LIMIT $2[0m  [["session_token", "g-BUaYpW3mXd3niq_f_Ypg"], ["LIMIT", 1]]
  ↳ app/controllers/application_controller.rb:6
  [1m[35m (0.1ms)[0m  [1m[35mBEGIN[0m
  ↳ app/models/user.rb:27
  [1m[36mUser Update (1.0ms)[0m  [1m[33mUPDATE "users" SET "session_token" = $1 WHERE "users"."id" = $2[0m  [["session_token", "12YC-lK3pItlOTI9YNwIgA"], ["id", 5]]
  ↳ app/models/user.rb:27
  [1m[35m (35.8ms)[0m  [1m[35mCOMMIT[0m
  ↳ app/models/user.rb:27
Redirected to http://localhost:3000/session/new
Completed 302 Found in 42ms (ActiveRecord: 37.4ms)


Started GET "/session/new" for ::1 at 2019-05-02 15:07:09 -0400
Processing by SessionsController#new as HTML
  Rendering sessions/new.html.erb within layouts/application
  Rendered sessions/new.html.erb within layouts/application (0.9ms)
  [1m[36mUser Load (0.4ms)[0m  [1m[34mSELECT  "users".* FROM "users" WHERE "users"."session_token" IS NULL LIMIT $1[0m  [["LIMIT", 1]]
  ↳ app/controllers/application_controller.rb:6
Completed 200 OK in 194ms (Views: 192.7ms | ActiveRecord: 0.4ms)


Started POST "/session" for ::1 at 2019-05-02 15:07:31 -0400
Processing by SessionsController#create as HTML
  Parameters: {"authenticity_token"=>"JQvowijH27EySAoRPwAPGKwSqflfAwyHD+IKEPMsxw3LfbEb+kKeTC2ujcXkl+8SfAg3uWDwLosjzhCqQxggYA==", "user"=>{"email"=>"mthomas@gmail.com", "password"=>"[FILTERED]"}}
  [1m[36mUser Load (0.5ms)[0m  [1m[34mSELECT  "users".* FROM "users" WHERE "users"."email" = $1 LIMIT $2[0m  [["email", "mthomas@gmail.com"], ["LIMIT", 1]]
  ↳ app/models/user.rb:16
  [1m[35m (0.3ms)[0m  [1m[35mBEGIN[0m
  ↳ app/models/user.rb:27
  [1m[36mUser Update (0.7ms)[0m  [1m[33mUPDATE "users" SET "session_token" = $1 WHERE "users"."id" = $2[0m  [["session_token", "KSikjJ0Y06nINO-RT9ItZg"], ["id", 5]]
  ↳ app/models/user.rb:27
  [1m[35m (0.4ms)[0m  [1m[35mCOMMIT[0m
  ↳ app/models/user.rb:27
Redirected to http://localhost:3000/users/5
Completed 302 Found in 102ms (ActiveRecord: 1.9ms)


Started GET "/users/5" for ::1 at 2019-05-02 15:07:32 -0400
Processing by UsersController#show as HTML
  Parameters: {"id"=>"5"}
  Rendering users/show.html.erb within layouts/application
  [1m[36mUser Load (0.6ms)[0m  [1m[34mSELECT  "users".* FROM "users" WHERE "users"."session_token" = $1 LIMIT $2[0m  [["session_token", "KSikjJ0Y06nINO-RT9ItZg"], ["LIMIT", 1]]
  ↳ app/controllers/application_controller.rb:6
  Rendered users/show.html.erb within layouts/application (2.0ms)
Completed 200 OK in 85ms (Views: 83.6ms | ActiveRecord: 0.6ms)


Started GET "/users/5" for ::1 at 2019-05-02 15:10:11 -0400
Processing by UsersController#show as HTML
  Parameters: {"id"=>"5"}
  Rendering users/show.html.erb within layouts/application
  [1m[36mUser Load (0.6ms)[0m  [1m[34mSELECT  "users".* FROM "users" WHERE "users"."session_token" = $1 LIMIT $2[0m  [["session_token", "KSikjJ0Y06nINO-RT9ItZg"], ["LIMIT", 1]]
  ↳ app/controllers/application_controller.rb:6
  Rendered users/show.html.erb within layouts/application (2.7ms)
Completed 200 OK in 142ms (Views: 140.6ms | ActiveRecord: 0.6ms)


  [1m[35m (0.2ms)[0m  [1m[34mSELECT pg_try_advisory_lock(6582489708232696860)[0m
  ↳ bin/rails:9
  [1m[35m (20.7ms)[0m  [1m[34mSELECT "schema_migrations"."version" FROM "schema_migrations" ORDER BY "schema_migrations"."version" ASC[0m
  ↳ bin/rails:9
Migrating to CreateBands (20190502191255)
  [1m[35m (0.4ms)[0m  [1m[34mSELECT pg_advisory_unlock(6582489708232696860)[0m
  ↳ bin/rails:9
  [1m[35m (0.2ms)[0m  [1m[34mSELECT pg_try_advisory_lock(6582489708232696860)[0m
  ↳ bin/rails:9
  [1m[35m (0.9ms)[0m  [1m[34mSELECT "schema_migrations"."version" FROM "schema_migrations" ORDER BY "schema_migrations"."version" ASC[0m
  ↳ bin/rails:9
Migrating to CreateBands (20190502191255)
  [1m[35m (0.2ms)[0m  [1m[35mBEGIN[0m
  ↳ bin/rails:9
  [1m[35m (86.1ms)[0m  [1m[35mCREATE TABLE "bands" ("id" bigserial primary key, "name" character varying NOT NULL, "created_at" timestamp NOT NULL, "updated_at" timestamp NOT NULL)[0m
  ↳ db/migrate/20190502191255_create_bands.rb:3
  [1m[36mActiveRecord::SchemaMigration Create (0.8ms)[0m  [1m[32mINSERT INTO "schema_migrations" ("version") VALUES ($1) RETURNING "version"[0m  [["version", "20190502191255"]]
  ↳ bin/rails:9
  [1m[35m (0.7ms)[0m  [1m[35mCOMMIT[0m
  ↳ bin/rails:9
  [1m[36mActiveRecord::InternalMetadata Load (0.6ms)[0m  [1m[34mSELECT  "ar_internal_metadata".* FROM "ar_internal_metadata" WHERE "ar_internal_metadata"."key" = $1 LIMIT $2[0m  [["key", "environment"], ["LIMIT", 1]]
  ↳ bin/rails:9
  [1m[35m (0.3ms)[0m  [1m[35mBEGIN[0m
  ↳ bin/rails:9
  [1m[35m (0.6ms)[0m  [1m[35mCOMMIT[0m
  ↳ bin/rails:9
  [1m[35m (0.4ms)[0m  [1m[34mSELECT pg_advisory_unlock(6582489708232696860)[0m
  ↳ bin/rails:9
  [1m[35m (0.3ms)[0m  [1m[34mSELECT "schema_migrations"."version" FROM "schema_migrations" ORDER BY "schema_migrations"."version" ASC[0m
  ↳ bin/rails:9
  [1m[35m (0.2ms)[0m  [1m[35mBEGIN[0m
  [1m[36mBand Create (45.2ms)[0m  [1m[32mINSERT INTO "bands" ("name", "created_at", "updated_at") VALUES ($1, $2, $3) RETURNING "id"[0m  [["name", "Queen"], ["created_at", "2019-05-02 19:24:50.427188"], ["updated_at", "2019-05-02 19:24:50.427188"]]
  [1m[35m (0.8ms)[0m  [1m[35mCOMMIT[0m
  [1m[35m (0.2ms)[0m  [1m[35mBEGIN[0m
  [1m[36mBand Create (0.5ms)[0m  [1m[32mINSERT INTO "bands" ("name", "created_at", "updated_at") VALUES ($1, $2, $3) RETURNING "id"[0m  [["name", "Rolling Stones"], ["created_at", "2019-05-02 19:25:19.643941"], ["updated_at", "2019-05-02 19:25:19.643941"]]
  [1m[35m (0.4ms)[0m  [1m[35mCOMMIT[0m
  [1m[35m (0.2ms)[0m  [1m[35mBEGIN[0m
  [1m[36mBand Create (0.4ms)[0m  [1m[32mINSERT INTO "bands" ("name", "created_at", "updated_at") VALUES ($1, $2, $3) RETURNING "id"[0m  [["name", "Eagles"], ["created_at", "2019-05-02 19:26:10.805438"], ["updated_at", "2019-05-02 19:26:10.805438"]]
  [1m[35m (0.4ms)[0m  [1m[35mCOMMIT[0m
  [1m[35m (0.2ms)[0m  [1m[35mBEGIN[0m
  [1m[36mBand Create (0.8ms)[0m  [1m[32mINSERT INTO "bands" ("name", "created_at", "updated_at") VALUES ($1, $2, $3) RETURNING "id"[0m  [["name", "Abba"], ["created_at", "2019-05-02 19:26:49.244701"], ["updated_at", "2019-05-02 19:26:49.244701"]]
  [1m[35m (0.6ms)[0m  [1m[35mCOMMIT[0m
Started GET "/bands" for ::1 at 2019-05-02 15:28:57 -0400
  [1m[35m (23.1ms)[0m  [1m[34mSELECT "schema_migrations"."version" FROM "schema_migrations" ORDER BY "schema_migrations"."version" ASC[0m
  ↳ /Users/aa/.rbenv/versions/2.5.1/lib/ruby/gems/2.5.0/gems/activerecord-5.2.3/lib/active_record/log_subscriber.rb:98
Processing by BandsController#index as HTML
  Rendering bands/index.html.erb within layouts/application
  Rendered bands/index.html.erb within layouts/application (4.9ms)
Completed 500 Internal Server Error in 99ms (ActiveRecord: 0.0ms)



NoMethodError - undefined method `each' for nil:NilClass:
  app/views/bands/index.html.erb:2:in `_app_views_bands_index_html_erb___4022286918961404523_70181492866220'
  app/controllers/bands_controller.rb:5:in `index'

Started POST "/__better_errors/e3124eeec960e86d/variables" for ::1 at 2019-05-02 15:28:57 -0400
  [1m[36mBand Load (0.5ms)[0m  [1m[34mSELECT  "bands".* FROM "bands" LIMIT $1[0m  [["LIMIT", 11]]
  ↳ /Users/aa/.rbenv/versions/2.5.1/lib/ruby/gems/2.5.0/gems/activerecord-5.2.3/lib/active_record/log_subscriber.rb:98
  [1m[36mCACHE Band Load (0.0ms)[0m  [1m[34mSELECT  "bands".* FROM "bands" LIMIT $1[0m  [["LIMIT", 11]]
  ↳ /Users/aa/.rbenv/versions/2.5.1/lib/ruby/gems/2.5.0/gems/activerecord-5.2.3/lib/active_record/log_subscriber.rb:98
  [1m[36mCACHE Band Load (0.0ms)[0m  [1m[34mSELECT  "bands".* FROM "bands" LIMIT $1[0m  [["LIMIT", 11]]
  ↳ /Users/aa/.rbenv/versions/2.5.1/lib/ruby/gems/2.5.0/gems/activerecord-5.2.3/lib/active_record/log_subscriber.rb:98
  [1m[36mCACHE Band Load (0.0ms)[0m  [1m[34mSELECT  "bands".* FROM "bands" LIMIT $1[0m  [["LIMIT", 11]]
  ↳ /Users/aa/.rbenv/versions/2.5.1/lib/ruby/gems/2.5.0/gems/activerecord-5.2.3/lib/active_record/log_subscriber.rb:98
  [1m[36mCACHE Band Load (0.0ms)[0m  [1m[34mSELECT  "bands".* FROM "bands" LIMIT $1[0m  [["LIMIT", 11]]
  ↳ /Users/aa/.rbenv/versions/2.5.1/lib/ruby/gems/2.5.0/gems/activerecord-5.2.3/lib/active_record/log_subscriber.rb:98
  [1m[36mBand Load (1.4ms)[0m  [1m[34mSELECT "bands".* FROM "bands"[0m
Started GET "/bands" for ::1 at 2019-05-02 15:33:16 -0400
Processing by BandsController#index as HTML
  Rendering bands/index.html.erb within layouts/application
  [1m[36mBand Load (0.4ms)[0m  [1m[34mSELECT "bands".* FROM "bands"[0m
  ↳ app/views/bands/index.html.erb:3
  Rendered bands/index.html.erb within layouts/application (12.5ms)
  [1m[36mUser Load (0.9ms)[0m  [1m[34mSELECT  "users".* FROM "users" WHERE "users"."session_token" = $1 LIMIT $2[0m  [["session_token", "KSikjJ0Y06nINO-RT9ItZg"], ["LIMIT", 1]]
  ↳ app/controllers/application_controller.rb:6
Completed 200 OK in 152ms (Views: 127.2ms | ActiveRecord: 13.7ms)


Started GET "/bands/new" for ::1 at 2019-05-02 16:18:35 -0400
Processing by BandsController#new as HTML
  Rendering bands/new.html.erb within layouts/application
  Rendered bands/new.html.erb within layouts/application (0.8ms)
  [1m[36mUser Load (0.6ms)[0m  [1m[34mSELECT  "users".* FROM "users" WHERE "users"."session_token" = $1 LIMIT $2[0m  [["session_token", "KSikjJ0Y06nINO-RT9ItZg"], ["LIMIT", 1]]
  ↳ app/controllers/application_controller.rb:6
Completed 200 OK in 161ms (Views: 130.9ms | ActiveRecord: 16.1ms)


Started GET "/bands/new" for ::1 at 2019-05-02 16:19:37 -0400
Processing by BandsController#new as HTML
  Rendering bands/new.html.erb within layouts/application
  Rendered bands/new.html.erb within layouts/application (0.7ms)
  [1m[36mUser Load (0.5ms)[0m  [1m[34mSELECT  "users".* FROM "users" WHERE "users"."session_token" = $1 LIMIT $2[0m  [["session_token", "KSikjJ0Y06nINO-RT9ItZg"], ["LIMIT", 1]]
  ↳ app/controllers/application_controller.rb:6
Completed 200 OK in 86ms (Views: 84.5ms | ActiveRecord: 0.5ms)


Started POST "/bands/new" for ::1 at 2019-05-02 16:20:05 -0400
  
ActionController::RoutingError (No route matches [POST] "/bands/new"):
  
actionpack (5.2.3) lib/action_dispatch/middleware/debug_exceptions.rb:65:in `call'
web-console (3.7.0) lib/web_console/middleware.rb:135:in `call_app'
web-console (3.7.0) lib/web_console/middleware.rb:30:in `block in call'
web-console (3.7.0) lib/web_console/middleware.rb:20:in `catch'
web-console (3.7.0) lib/web_console/middleware.rb:20:in `call'
actionpack (5.2.3) lib/action_dispatch/middleware/show_exceptions.rb:33:in `call'
railties (5.2.3) lib/rails/rack/logger.rb:38:in `call_app'
railties (5.2.3) lib/rails/rack/logger.rb:26:in `block in call'
activesupport (5.2.3) lib/active_support/tagged_logging.rb:71:in `block in tagged'
activesupport (5.2.3) lib/active_support/tagged_logging.rb:28:in `tagged'
activesupport (5.2.3) lib/active_support/tagged_logging.rb:71:in `tagged'
railties (5.2.3) lib/rails/rack/logger.rb:26:in `call'
sprockets-rails (3.2.1) lib/sprockets/rails/quiet_assets.rb:13:in `call'
actionpack (5.2.3) lib/action_dispatch/middleware/remote_ip.rb:81:in `call'
actionpack (5.2.3) lib/action_dispatch/middleware/request_id.rb:27:in `call'
rack (2.0.7) lib/rack/method_override.rb:22:in `call'
rack (2.0.7) lib/rack/runtime.rb:22:in `call'
activesupport (5.2.3) lib/active_support/cache/strategy/local_cache_middleware.rb:29:in `call'
actionpack (5.2.3) lib/action_dispatch/middleware/executor.rb:14:in `call'
actionpack (5.2.3) lib/action_dispatch/middleware/static.rb:127:in `call'
rack (2.0.7) lib/rack/sendfile.rb:111:in `call'
railties (5.2.3) lib/rails/engine.rb:524:in `call'
puma (3.12.1) lib/puma/configuration.rb:227:in `call'
puma (3.12.1) lib/puma/server.rb:660:in `handle_request'
puma (3.12.1) lib/puma/server.rb:474:in `process_client'
puma (3.12.1) lib/puma/server.rb:334:in `block in run'
puma (3.12.1) lib/puma/thread_pool.rb:135:in `block in spawn_thread'
Started POST "/bands/new" for ::1 at 2019-05-02 16:22:09 -0400
  
ActionController::RoutingError (No route matches [POST] "/bands/new"):
  
actionpack (5.2.3) lib/action_dispatch/middleware/debug_exceptions.rb:65:in `call'
web-console (3.7.0) lib/web_console/middleware.rb:135:in `call_app'
web-console (3.7.0) lib/web_console/middleware.rb:30:in `block in call'
web-console (3.7.0) lib/web_console/middleware.rb:20:in `catch'
web-console (3.7.0) lib/web_console/middleware.rb:20:in `call'
actionpack (5.2.3) lib/action_dispatch/middleware/show_exceptions.rb:33:in `call'
railties (5.2.3) lib/rails/rack/logger.rb:38:in `call_app'
railties (5.2.3) lib/rails/rack/logger.rb:26:in `block in call'
activesupport (5.2.3) lib/active_support/tagged_logging.rb:71:in `block in tagged'
activesupport (5.2.3) lib/active_support/tagged_logging.rb:28:in `tagged'
activesupport (5.2.3) lib/active_support/tagged_logging.rb:71:in `tagged'
railties (5.2.3) lib/rails/rack/logger.rb:26:in `call'
sprockets-rails (3.2.1) lib/sprockets/rails/quiet_assets.rb:13:in `call'
actionpack (5.2.3) lib/action_dispatch/middleware/remote_ip.rb:81:in `call'
actionpack (5.2.3) lib/action_dispatch/middleware/request_id.rb:27:in `call'
rack (2.0.7) lib/rack/method_override.rb:22:in `call'
rack (2.0.7) lib/rack/runtime.rb:22:in `call'
activesupport (5.2.3) lib/active_support/cache/strategy/local_cache_middleware.rb:29:in `call'
actionpack (5.2.3) lib/action_dispatch/middleware/executor.rb:14:in `call'
actionpack (5.2.3) lib/action_dispatch/middleware/static.rb:127:in `call'
rack (2.0.7) lib/rack/sendfile.rb:111:in `call'
railties (5.2.3) lib/rails/engine.rb:524:in `call'
puma (3.12.1) lib/puma/configuration.rb:227:in `call'
puma (3.12.1) lib/puma/server.rb:660:in `handle_request'
puma (3.12.1) lib/puma/server.rb:474:in `process_client'
puma (3.12.1) lib/puma/server.rb:334:in `block in run'
puma (3.12.1) lib/puma/thread_pool.rb:135:in `block in spawn_thread'
Started POST "/bands/new" for ::1 at 2019-05-02 16:23:44 -0400
  
ActionController::RoutingError (No route matches [POST] "/bands/new"):
  
actionpack (5.2.3) lib/action_dispatch/middleware/debug_exceptions.rb:65:in `call'
web-console (3.7.0) lib/web_console/middleware.rb:135:in `call_app'
web-console (3.7.0) lib/web_console/middleware.rb:30:in `block in call'
web-console (3.7.0) lib/web_console/middleware.rb:20:in `catch'
web-console (3.7.0) lib/web_console/middleware.rb:20:in `call'
actionpack (5.2.3) lib/action_dispatch/middleware/show_exceptions.rb:33:in `call'
railties (5.2.3) lib/rails/rack/logger.rb:38:in `call_app'
railties (5.2.3) lib/rails/rack/logger.rb:26:in `block in call'
activesupport (5.2.3) lib/active_support/tagged_logging.rb:71:in `block in tagged'
activesupport (5.2.3) lib/active_support/tagged_logging.rb:28:in `tagged'
activesupport (5.2.3) lib/active_support/tagged_logging.rb:71:in `tagged'
railties (5.2.3) lib/rails/rack/logger.rb:26:in `call'
sprockets-rails (3.2.1) lib/sprockets/rails/quiet_assets.rb:13:in `call'
actionpack (5.2.3) lib/action_dispatch/middleware/remote_ip.rb:81:in `call'
actionpack (5.2.3) lib/action_dispatch/middleware/request_id.rb:27:in `call'
rack (2.0.7) lib/rack/method_override.rb:22:in `call'
rack (2.0.7) lib/rack/runtime.rb:22:in `call'
activesupport (5.2.3) lib/active_support/cache/strategy/local_cache_middleware.rb:29:in `call'
actionpack (5.2.3) lib/action_dispatch/middleware/executor.rb:14:in `call'
actionpack (5.2.3) lib/action_dispatch/middleware/static.rb:127:in `call'
rack (2.0.7) lib/rack/sendfile.rb:111:in `call'
railties (5.2.3) lib/rails/engine.rb:524:in `call'
puma (3.12.1) lib/puma/configuration.rb:227:in `call'
puma (3.12.1) lib/puma/server.rb:660:in `handle_request'
puma (3.12.1) lib/puma/server.rb:474:in `process_client'
puma (3.12.1) lib/puma/server.rb:334:in `block in run'
puma (3.12.1) lib/puma/thread_pool.rb:135:in `block in spawn_thread'
Started GET "/bands/new" for ::1 at 2019-05-02 16:26:03 -0400
  [1m[35m (27.2ms)[0m  [1m[34mSELECT "schema_migrations"."version" FROM "schema_migrations" ORDER BY "schema_migrations"."version" ASC[0m
  ↳ /Users/aa/.rbenv/versions/2.5.1/lib/ruby/gems/2.5.0/gems/activerecord-5.2.3/lib/active_record/log_subscriber.rb:98
Processing by BandsController#new as HTML
  Rendering bands/new.html.erb within layouts/application
  Rendered bands/new.html.erb within layouts/application (2.6ms)
  [1m[36mUser Load (1.2ms)[0m  [1m[34mSELECT  "users".* FROM "users" WHERE "users"."session_token" = $1 LIMIT $2[0m  [["session_token", "KSikjJ0Y06nINO-RT9ItZg"], ["LIMIT", 1]]
  ↳ app/controllers/application_controller.rb:6
Completed 200 OK in 544ms (Views: 467.6ms | ActiveRecord: 19.8ms)


Started POST "/bands/new" for ::1 at 2019-05-02 16:26:09 -0400
  
ActionController::RoutingError (No route matches [POST] "/bands/new"):
  
actionpack (5.2.3) lib/action_dispatch/middleware/debug_exceptions.rb:65:in `call'
web-console (3.7.0) lib/web_console/middleware.rb:135:in `call_app'
web-console (3.7.0) lib/web_console/middleware.rb:30:in `block in call'
web-console (3.7.0) lib/web_console/middleware.rb:20:in `catch'
web-console (3.7.0) lib/web_console/middleware.rb:20:in `call'
actionpack (5.2.3) lib/action_dispatch/middleware/show_exceptions.rb:33:in `call'
railties (5.2.3) lib/rails/rack/logger.rb:38:in `call_app'
railties (5.2.3) lib/rails/rack/logger.rb:26:in `block in call'
activesupport (5.2.3) lib/active_support/tagged_logging.rb:71:in `block in tagged'
activesupport (5.2.3) lib/active_support/tagged_logging.rb:28:in `tagged'
activesupport (5.2.3) lib/active_support/tagged_logging.rb:71:in `tagged'
railties (5.2.3) lib/rails/rack/logger.rb:26:in `call'
sprockets-rails (3.2.1) lib/sprockets/rails/quiet_assets.rb:13:in `call'
actionpack (5.2.3) lib/action_dispatch/middleware/remote_ip.rb:81:in `call'
actionpack (5.2.3) lib/action_dispatch/middleware/request_id.rb:27:in `call'
rack (2.0.7) lib/rack/method_override.rb:22:in `call'
rack (2.0.7) lib/rack/runtime.rb:22:in `call'
activesupport (5.2.3) lib/active_support/cache/strategy/local_cache_middleware.rb:29:in `call'
actionpack (5.2.3) lib/action_dispatch/middleware/executor.rb:14:in `call'
actionpack (5.2.3) lib/action_dispatch/middleware/static.rb:127:in `call'
rack (2.0.7) lib/rack/sendfile.rb:111:in `call'
railties (5.2.3) lib/rails/engine.rb:524:in `call'
puma (3.12.1) lib/puma/configuration.rb:227:in `call'
puma (3.12.1) lib/puma/server.rb:660:in `handle_request'
puma (3.12.1) lib/puma/server.rb:474:in `process_client'
puma (3.12.1) lib/puma/server.rb:334:in `block in run'
puma (3.12.1) lib/puma/thread_pool.rb:135:in `block in spawn_thread'
Started POST "/bands/new" for ::1 at 2019-05-02 16:26:55 -0400
  
ActionController::RoutingError (No route matches [POST] "/bands/new"):
  
actionpack (5.2.3) lib/action_dispatch/middleware/debug_exceptions.rb:65:in `call'
web-console (3.7.0) lib/web_console/middleware.rb:135:in `call_app'
web-console (3.7.0) lib/web_console/middleware.rb:30:in `block in call'
web-console (3.7.0) lib/web_console/middleware.rb:20:in `catch'
web-console (3.7.0) lib/web_console/middleware.rb:20:in `call'
actionpack (5.2.3) lib/action_dispatch/middleware/show_exceptions.rb:33:in `call'
railties (5.2.3) lib/rails/rack/logger.rb:38:in `call_app'
railties (5.2.3) lib/rails/rack/logger.rb:26:in `block in call'
activesupport (5.2.3) lib/active_support/tagged_logging.rb:71:in `block in tagged'
activesupport (5.2.3) lib/active_support/tagged_logging.rb:28:in `tagged'
activesupport (5.2.3) lib/active_support/tagged_logging.rb:71:in `tagged'
railties (5.2.3) lib/rails/rack/logger.rb:26:in `call'
sprockets-rails (3.2.1) lib/sprockets/rails/quiet_assets.rb:13:in `call'
actionpack (5.2.3) lib/action_dispatch/middleware/remote_ip.rb:81:in `call'
actionpack (5.2.3) lib/action_dispatch/middleware/request_id.rb:27:in `call'
rack (2.0.7) lib/rack/method_override.rb:22:in `call'
rack (2.0.7) lib/rack/runtime.rb:22:in `call'
activesupport (5.2.3) lib/active_support/cache/strategy/local_cache_middleware.rb:29:in `call'
actionpack (5.2.3) lib/action_dispatch/middleware/executor.rb:14:in `call'
actionpack (5.2.3) lib/action_dispatch/middleware/static.rb:127:in `call'
rack (2.0.7) lib/rack/sendfile.rb:111:in `call'
railties (5.2.3) lib/rails/engine.rb:524:in `call'
puma (3.12.1) lib/puma/configuration.rb:227:in `call'
puma (3.12.1) lib/puma/server.rb:660:in `handle_request'
puma (3.12.1) lib/puma/server.rb:474:in `process_client'
puma (3.12.1) lib/puma/server.rb:334:in `block in run'
puma (3.12.1) lib/puma/thread_pool.rb:135:in `block in spawn_thread'
  [1m[36mBand Load (0.7ms)[0m  [1m[34mSELECT "bands".* FROM "bands"[0m
Started POST "/bands/new" for ::1 at 2019-05-02 16:29:34 -0400
  
ActionController::RoutingError (No route matches [POST] "/bands/new"):
  
actionpack (5.2.3) lib/action_dispatch/middleware/debug_exceptions.rb:65:in `call'
web-console (3.7.0) lib/web_console/middleware.rb:135:in `call_app'
web-console (3.7.0) lib/web_console/middleware.rb:30:in `block in call'
web-console (3.7.0) lib/web_console/middleware.rb:20:in `catch'
web-console (3.7.0) lib/web_console/middleware.rb:20:in `call'
actionpack (5.2.3) lib/action_dispatch/middleware/show_exceptions.rb:33:in `call'
railties (5.2.3) lib/rails/rack/logger.rb:38:in `call_app'
railties (5.2.3) lib/rails/rack/logger.rb:26:in `block in call'
activesupport (5.2.3) lib/active_support/tagged_logging.rb:71:in `block in tagged'
activesupport (5.2.3) lib/active_support/tagged_logging.rb:28:in `tagged'
activesupport (5.2.3) lib/active_support/tagged_logging.rb:71:in `tagged'
railties (5.2.3) lib/rails/rack/logger.rb:26:in `call'
sprockets-rails (3.2.1) lib/sprockets/rails/quiet_assets.rb:13:in `call'
actionpack (5.2.3) lib/action_dispatch/middleware/remote_ip.rb:81:in `call'
actionpack (5.2.3) lib/action_dispatch/middleware/request_id.rb:27:in `call'
rack (2.0.7) lib/rack/method_override.rb:22:in `call'
rack (2.0.7) lib/rack/runtime.rb:22:in `call'
activesupport (5.2.3) lib/active_support/cache/strategy/local_cache_middleware.rb:29:in `call'
actionpack (5.2.3) lib/action_dispatch/middleware/executor.rb:14:in `call'
actionpack (5.2.3) lib/action_dispatch/middleware/static.rb:127:in `call'
rack (2.0.7) lib/rack/sendfile.rb:111:in `call'
railties (5.2.3) lib/rails/engine.rb:524:in `call'
puma (3.12.1) lib/puma/configuration.rb:227:in `call'
puma (3.12.1) lib/puma/server.rb:660:in `handle_request'
puma (3.12.1) lib/puma/server.rb:474:in `process_client'
puma (3.12.1) lib/puma/server.rb:334:in `block in run'
puma (3.12.1) lib/puma/thread_pool.rb:135:in `block in spawn_thread'
Started GET "/bands" for ::1 at 2019-05-02 16:32:00 -0400
Processing by BandsController#index as HTML
  Rendering bands/index.html.erb within layouts/application
  [1m[36mBand Load (0.6ms)[0m  [1m[34mSELECT "bands".* FROM "bands"[0m
  ↳ app/views/bands/index.html.erb:3
  Rendered bands/index.html.erb within layouts/application (14.5ms)
  [1m[36mUser Load (0.4ms)[0m  [1m[34mSELECT  "users".* FROM "users" WHERE "users"."session_token" = $1 LIMIT $2[0m  [["session_token", "KSikjJ0Y06nINO-RT9ItZg"], ["LIMIT", 1]]
  ↳ app/controllers/application_controller.rb:6
Completed 200 OK in 168ms (Views: 127.4ms | ActiveRecord: 12.5ms)


Started GET "/bands/1" for ::1 at 2019-05-02 16:38:50 -0400
Processing by BandsController#show as HTML
  Parameters: {"id"=>"1"}
  [1m[36mBand Load (50.0ms)[0m  [1m[34mSELECT  "bands".* FROM "bands" WHERE (1) LIMIT $1[0m  [["LIMIT", 1]]
  ↳ app/controllers/bands_controller.rb:27
Completed 500 Internal Server Error in 61ms (ActiveRecord: 54.8ms)



PG::DatatypeMismatch - ERROR:  argument of WHERE must be type boolean, not type integer
LINE 1: SELECT  "bands".* FROM "bands" WHERE (1) LIMIT $1
                                              ^
:
  app/controllers/bands_controller.rb:27:in `show'

Started POST "/__better_errors/da2d18566437c344/variables" for ::1 at 2019-05-02 16:38:50 -0400
Started GET "/bands/1" for ::1 at 2019-05-02 16:39:35 -0400
Processing by BandsController#show as HTML
  Parameters: {"id"=>"1"}
  [1m[36mBand Load (8.2ms)[0m  [1m[34mSELECT  "bands".* FROM "bands" WHERE (1) LIMIT $1[0m  [["LIMIT", 1]]
  ↳ app/controllers/bands_controller.rb:27
Completed 500 Internal Server Error in 35ms (ActiveRecord: 10.9ms)



PG::DatatypeMismatch - ERROR:  argument of WHERE must be type boolean, not type integer
LINE 1: SELECT  "bands".* FROM "bands" WHERE (1) LIMIT $1
                                              ^
:
  app/controllers/bands_controller.rb:27:in `show'

Started POST "/__better_errors/cf410f36a52b9205/variables" for ::1 at 2019-05-02 16:39:35 -0400
Started GET "/bands/1" for ::1 at 2019-05-02 16:40:31 -0400
Processing by BandsController#show as HTML
  Parameters: {"id"=>"1"}
  [1m[36mBand Load (0.5ms)[0m  [1m[34mSELECT  "bands".* FROM "bands" WHERE "bands"."id" = $1 LIMIT $2[0m  [["id", 1], ["LIMIT", 1]]
  ↳ app/controllers/bands_controller.rb:27
  Rendering bands/show.html.erb within layouts/application
  Rendered bands/show.html.erb within layouts/application (0.5ms)
  [1m[36mUser Load (0.6ms)[0m  [1m[34mSELECT  "users".* FROM "users" WHERE "users"."session_token" = $1 LIMIT $2[0m  [["session_token", "KSikjJ0Y06nINO-RT9ItZg"], ["LIMIT", 1]]
  ↳ app/controllers/application_controller.rb:6
Completed 200 OK in 212ms (Views: 140.8ms | ActiveRecord: 14.3ms)


Started GET "/bands/1" for ::1 at 2019-05-02 16:40:48 -0400
Processing by BandsController#show as HTML
  Parameters: {"id"=>"1"}
  [1m[36mBand Load (1.5ms)[0m  [1m[34mSELECT  "bands".* FROM "bands" WHERE "bands"."id" = $1 LIMIT $2[0m  [["id", 1], ["LIMIT", 1]]
  ↳ app/controllers/bands_controller.rb:27
  Rendering bands/show.html.erb within layouts/application
  Rendered bands/show.html.erb within layouts/application (0.4ms)
  [1m[36mUser Load (0.5ms)[0m  [1m[34mSELECT  "users".* FROM "users" WHERE "users"."session_token" = $1 LIMIT $2[0m  [["session_token", "KSikjJ0Y06nINO-RT9ItZg"], ["LIMIT", 1]]
  ↳ app/controllers/application_controller.rb:6
Completed 200 OK in 33ms (Views: 28.0ms | ActiveRecord: 2.0ms)


Started GET "/bands/new" for ::1 at 2019-05-02 16:41:13 -0400
Processing by BandsController#new as HTML
  Rendering bands/new.html.erb within layouts/application
  Rendered bands/new.html.erb within layouts/application (1.1ms)
  [1m[36mUser Load (0.4ms)[0m  [1m[34mSELECT  "users".* FROM "users" WHERE "users"."session_token" = $1 LIMIT $2[0m  [["session_token", "KSikjJ0Y06nINO-RT9ItZg"], ["LIMIT", 1]]
  ↳ app/controllers/application_controller.rb:6
Completed 200 OK in 96ms (Views: 92.8ms | ActiveRecord: 0.4ms)


Started POST "/bands" for ::1 at 2019-05-02 16:41:18 -0400
Processing by BandsController#create as HTML
  Parameters: {"band"=>{"name"=>"Crowded House"}}
Can't verify CSRF token authenticity.
Completed 422 Unprocessable Entity in 1ms (ActiveRecord: 0.0ms)



ActionController::InvalidAuthenticityToken - ActionController::InvalidAuthenticityToken:

Started POST "/__better_errors/0b21282bd7d52650/variables" for ::1 at 2019-05-02 16:41:18 -0400
Started GET "/bands" for ::1 at 2019-05-02 16:42:09 -0400
Processing by BandsController#index as HTML
  Rendering bands/index.html.erb within layouts/application
  [1m[36mBand Load (0.4ms)[0m  [1m[34mSELECT "bands".* FROM "bands"[0m
  ↳ app/views/bands/index.html.erb:3
  Rendered bands/index.html.erb within layouts/application (1.7ms)
  [1m[36mUser Load (0.6ms)[0m  [1m[34mSELECT  "users".* FROM "users" WHERE "users"."session_token" = $1 LIMIT $2[0m  [["session_token", "KSikjJ0Y06nINO-RT9ItZg"], ["LIMIT", 1]]
  ↳ app/controllers/application_controller.rb:6
Completed 200 OK in 65ms (Views: 63.3ms | ActiveRecord: 1.0ms)


Started GET "/bands/new" for ::1 at 2019-05-02 16:42:15 -0400
Processing by BandsController#new as HTML
  Rendering bands/new.html.erb within layouts/application
  Rendered bands/new.html.erb within layouts/application (0.9ms)
  [1m[36mUser Load (0.4ms)[0m  [1m[34mSELECT  "users".* FROM "users" WHERE "users"."session_token" = $1 LIMIT $2[0m  [["session_token", "KSikjJ0Y06nINO-RT9ItZg"], ["LIMIT", 1]]
  ↳ app/controllers/application_controller.rb:6
Completed 200 OK in 28ms (Views: 26.4ms | ActiveRecord: 0.4ms)


Started POST "/bands" for ::1 at 2019-05-02 16:42:19 -0400
Processing by BandsController#create as HTML
  Parameters: {"authenticity_token"=>"oTm8mQ/o5IyRBcqbsV5eGWMZ6G1g9mkr3Rnppndc5URPT+VA3W2hcY7jTU9qyb4TswN2LV8FSyfxNfMcx2gCKQ==", "band"=>{"name"=>"Crowded House"}}
  [1m[35m (0.2ms)[0m  [1m[35mBEGIN[0m
  ↳ app/controllers/bands_controller.rb:10
  [1m[36mBand Create (42.1ms)[0m  [1m[32mINSERT INTO "bands" ("name", "created_at", "updated_at") VALUES ($1, $2, $3) RETURNING "id"[0m  [["name", "Crowded House"], ["created_at", "2019-05-02 20:42:19.090261"], ["updated_at", "2019-05-02 20:42:19.090261"]]
  ↳ app/controllers/bands_controller.rb:10
  [1m[35m (27.2ms)[0m  [1m[35mCOMMIT[0m
  ↳ app/controllers/bands_controller.rb:10
Redirected to http://localhost:3000/bands
Completed 302 Found in 74ms (ActiveRecord: 69.6ms)


Started GET "/bands" for ::1 at 2019-05-02 16:42:19 -0400
Processing by BandsController#index as HTML
  Rendering bands/index.html.erb within layouts/application
  [1m[36mBand Load (0.4ms)[0m  [1m[34mSELECT "bands".* FROM "bands"[0m
  ↳ app/views/bands/index.html.erb:3
  Rendered bands/index.html.erb within layouts/application (1.7ms)
  [1m[36mUser Load (0.7ms)[0m  [1m[34mSELECT  "users".* FROM "users" WHERE "users"."session_token" = $1 LIMIT $2[0m  [["session_token", "KSikjJ0Y06nINO-RT9ItZg"], ["LIMIT", 1]]
  ↳ app/controllers/application_controller.rb:6
Completed 200 OK in 22ms (Views: 20.0ms | ActiveRecord: 1.1ms)


Started GET "/bands/5" for ::1 at 2019-05-02 16:42:31 -0400
Processing by BandsController#show as HTML
  Parameters: {"id"=>"5"}
  [1m[36mBand Load (0.6ms)[0m  [1m[34mSELECT  "bands".* FROM "bands" WHERE "bands"."id" = $1 LIMIT $2[0m  [["id", 5], ["LIMIT", 1]]
  ↳ app/controllers/bands_controller.rb:27
  Rendering bands/show.html.erb within layouts/application
  Rendered bands/show.html.erb within layouts/application (0.5ms)
  [1m[36mUser Load (0.3ms)[0m  [1m[34mSELECT  "users".* FROM "users" WHERE "users"."session_token" = $1 LIMIT $2[0m  [["session_token", "KSikjJ0Y06nINO-RT9ItZg"], ["LIMIT", 1]]
  ↳ app/controllers/application_controller.rb:6
Completed 200 OK in 75ms (Views: 71.9ms | ActiveRecord: 0.9ms)


Started GET "/bands/4" for ::1 at 2019-05-02 16:43:23 -0400
Processing by BandsController#show as HTML
  Parameters: {"id"=>"4"}
  [1m[36mBand Load (8.6ms)[0m  [1m[34mSELECT  "bands".* FROM "bands" WHERE (4) LIMIT $1[0m  [["LIMIT", 1]]
  ↳ app/controllers/bands_controller.rb:27
Completed 500 Internal Server Error in 34ms (ActiveRecord: 10.8ms)



PG::DatatypeMismatch - ERROR:  argument of WHERE must be type boolean, not type integer
LINE 1: SELECT  "bands".* FROM "bands" WHERE (4) LIMIT $1
                                              ^
:
  app/controllers/bands_controller.rb:27:in `show'

Started POST "/__better_errors/825e5b21cd0bfbda/variables" for ::1 at 2019-05-02 16:43:23 -0400
Started GET "/bands/4" for ::1 at 2019-05-02 16:43:34 -0400
Processing by BandsController#show as HTML
  Parameters: {"id"=>"4"}
  [1m[36mBand Load (0.3ms)[0m  [1m[34mSELECT  "bands".* FROM "bands" WHERE "bands"."id" = $1 LIMIT $2[0m  [["id", 4], ["LIMIT", 1]]
  ↳ app/controllers/bands_controller.rb:27
  Rendering bands/show.html.erb within layouts/application
  Rendered bands/show.html.erb within layouts/application (0.6ms)
  [1m[36mUser Load (0.3ms)[0m  [1m[34mSELECT  "users".* FROM "users" WHERE "users"."session_token" = $1 LIMIT $2[0m  [["session_token", "KSikjJ0Y06nINO-RT9ItZg"], ["LIMIT", 1]]
  ↳ app/controllers/application_controller.rb:6
Completed 200 OK in 243ms (Views: 220.8ms | ActiveRecord: 12.5ms)


Started GET "/bands/crowded%20house" for ::1 at 2019-05-02 16:54:31 -0400

SyntaxError - syntax error, unexpected end-of-input, expecting keyword_end:
  app/controllers/bands_controller.rb:48:in `'

Started POST "/__better_errors/252d07bce8c0aab5/variables" for ::1 at 2019-05-02 16:54:31 -0400
Started GET "/bands/1" for ::1 at 2019-05-02 17:16:01 -0400
Processing by BandsController#show as HTML
  Parameters: {"id"=>"1"}
  [1m[36mBand Load (0.5ms)[0m  [1m[34mSELECT  "bands".* FROM "bands" WHERE "bands"."id" = $1 LIMIT $2[0m  [["id", 1], ["LIMIT", 1]]
  ↳ app/controllers/bands_controller.rb:24
  Rendering bands/show.html.erb within layouts/application
  Rendered bands/show.html.erb within layouts/application (0.5ms)
  [1m[36mUser Load (0.7ms)[0m  [1m[34mSELECT  "users".* FROM "users" WHERE "users"."session_token" = $1 LIMIT $2[0m  [["session_token", "KSikjJ0Y06nINO-RT9ItZg"], ["LIMIT", 1]]
  ↳ app/controllers/application_controller.rb:6
Completed 200 OK in 162ms (Views: 128.5ms | ActiveRecord: 17.4ms)


Started GET "/bands/1/edit" for ::1 at 2019-05-02 17:16:07 -0400
Processing by BandsController#edit as HTML
  Parameters: {"id"=>"1"}
  [1m[36mBand Load (0.8ms)[0m  [1m[34mSELECT  "bands".* FROM "bands" WHERE "bands"."id" = $1 LIMIT $2[0m  [["id", 1], ["LIMIT", 1]]
  ↳ app/controllers/bands_controller.rb:29
  Rendering bands/edit.html.erb within layouts/application
  Rendered bands/edit.html.erb within layouts/application (0.8ms)
  [1m[36mUser Load (0.5ms)[0m  [1m[34mSELECT  "users".* FROM "users" WHERE "users"."session_token" = $1 LIMIT $2[0m  [["session_token", "KSikjJ0Y06nINO-RT9ItZg"], ["LIMIT", 1]]
  ↳ app/controllers/application_controller.rb:6
Completed 200 OK in 46ms (Views: 42.6ms | ActiveRecord: 1.3ms)


Started PATCH "/bands/1/edit" for ::1 at 2019-05-02 17:16:32 -0400
  
ActionController::RoutingError (No route matches [PATCH] "/bands/1/edit"):
  
actionpack (5.2.3) lib/action_dispatch/middleware/debug_exceptions.rb:65:in `call'
web-console (3.7.0) lib/web_console/middleware.rb:135:in `call_app'
web-console (3.7.0) lib/web_console/middleware.rb:30:in `block in call'
web-console (3.7.0) lib/web_console/middleware.rb:20:in `catch'
web-console (3.7.0) lib/web_console/middleware.rb:20:in `call'
actionpack (5.2.3) lib/action_dispatch/middleware/show_exceptions.rb:33:in `call'
railties (5.2.3) lib/rails/rack/logger.rb:38:in `call_app'
railties (5.2.3) lib/rails/rack/logger.rb:26:in `block in call'
activesupport (5.2.3) lib/active_support/tagged_logging.rb:71:in `block in tagged'
activesupport (5.2.3) lib/active_support/tagged_logging.rb:28:in `tagged'
activesupport (5.2.3) lib/active_support/tagged_logging.rb:71:in `tagged'
railties (5.2.3) lib/rails/rack/logger.rb:26:in `call'
sprockets-rails (3.2.1) lib/sprockets/rails/quiet_assets.rb:13:in `call'
actionpack (5.2.3) lib/action_dispatch/middleware/remote_ip.rb:81:in `call'
actionpack (5.2.3) lib/action_dispatch/middleware/request_id.rb:27:in `call'
rack (2.0.7) lib/rack/method_override.rb:22:in `call'
rack (2.0.7) lib/rack/runtime.rb:22:in `call'
activesupport (5.2.3) lib/active_support/cache/strategy/local_cache_middleware.rb:29:in `call'
actionpack (5.2.3) lib/action_dispatch/middleware/executor.rb:14:in `call'
actionpack (5.2.3) lib/action_dispatch/middleware/static.rb:127:in `call'
rack (2.0.7) lib/rack/sendfile.rb:111:in `call'
railties (5.2.3) lib/rails/engine.rb:524:in `call'
puma (3.12.1) lib/puma/configuration.rb:227:in `call'
puma (3.12.1) lib/puma/server.rb:660:in `handle_request'
puma (3.12.1) lib/puma/server.rb:474:in `process_client'
puma (3.12.1) lib/puma/server.rb:334:in `block in run'
puma (3.12.1) lib/puma/thread_pool.rb:135:in `block in spawn_thread'
Started PATCH "/bands/1/edit" for ::1 at 2019-05-02 17:17:22 -0400
  
ActionController::RoutingError (No route matches [PATCH] "/bands/1/edit"):
  
actionpack (5.2.3) lib/action_dispatch/middleware/debug_exceptions.rb:65:in `call'
web-console (3.7.0) lib/web_console/middleware.rb:135:in `call_app'
web-console (3.7.0) lib/web_console/middleware.rb:30:in `block in call'
web-console (3.7.0) lib/web_console/middleware.rb:20:in `catch'
web-console (3.7.0) lib/web_console/middleware.rb:20:in `call'
actionpack (5.2.3) lib/action_dispatch/middleware/show_exceptions.rb:33:in `call'
railties (5.2.3) lib/rails/rack/logger.rb:38:in `call_app'
railties (5.2.3) lib/rails/rack/logger.rb:26:in `block in call'
activesupport (5.2.3) lib/active_support/tagged_logging.rb:71:in `block in tagged'
activesupport (5.2.3) lib/active_support/tagged_logging.rb:28:in `tagged'
activesupport (5.2.3) lib/active_support/tagged_logging.rb:71:in `tagged'
railties (5.2.3) lib/rails/rack/logger.rb:26:in `call'
sprockets-rails (3.2.1) lib/sprockets/rails/quiet_assets.rb:13:in `call'
actionpack (5.2.3) lib/action_dispatch/middleware/remote_ip.rb:81:in `call'
actionpack (5.2.3) lib/action_dispatch/middleware/request_id.rb:27:in `call'
rack (2.0.7) lib/rack/method_override.rb:22:in `call'
rack (2.0.7) lib/rack/runtime.rb:22:in `call'
activesupport (5.2.3) lib/active_support/cache/strategy/local_cache_middleware.rb:29:in `call'
actionpack (5.2.3) lib/action_dispatch/middleware/executor.rb:14:in `call'
actionpack (5.2.3) lib/action_dispatch/middleware/static.rb:127:in `call'
rack (2.0.7) lib/rack/sendfile.rb:111:in `call'
railties (5.2.3) lib/rails/engine.rb:524:in `call'
puma (3.12.1) lib/puma/configuration.rb:227:in `call'
puma (3.12.1) lib/puma/server.rb:660:in `handle_request'
puma (3.12.1) lib/puma/server.rb:474:in `process_client'
puma (3.12.1) lib/puma/server.rb:334:in `block in run'
puma (3.12.1) lib/puma/thread_pool.rb:135:in `block in spawn_thread'
Started GET "/bands/1/edit" for ::1 at 2019-05-02 17:17:38 -0400
Processing by BandsController#edit as HTML
  Parameters: {"id"=>"1"}
  [1m[36mBand Load (1.2ms)[0m  [1m[34mSELECT  "bands".* FROM "bands" WHERE "bands"."id" = $1 LIMIT $2[0m  [["id", 1], ["LIMIT", 1]]
  ↳ app/controllers/bands_controller.rb:29
  Rendering bands/edit.html.erb within layouts/application
  Rendered bands/edit.html.erb within layouts/application (0.9ms)
  [1m[36mUser Load (0.6ms)[0m  [1m[34mSELECT  "users".* FROM "users" WHERE "users"."session_token" = $1 LIMIT $2[0m  [["session_token", "KSikjJ0Y06nINO-RT9ItZg"], ["LIMIT", 1]]
  ↳ app/controllers/application_controller.rb:6
Completed 200 OK in 124ms (Views: 119.9ms | ActiveRecord: 1.8ms)


Started PATCH "/bands/1" for ::1 at 2019-05-02 17:19:06 -0400
Processing by BandsController#update as HTML
  Parameters: {"authenticity_token"=>"RZCRz1okLSuKK3LaQ6nejVBPoDQncpYefGe+w0I+lLKr5sgWiKFo1pXN9Q6YPj6HgFU+dBiBtBJQS6R58gpz3w==", "band"=>{"name"=>"Simon and Garfunkel"}, "id"=>"1"}
  [1m[36mBand Load (0.4ms)[0m  [1m[34mSELECT  "bands".* FROM "bands" WHERE "bands"."id" = $1 LIMIT $2[0m  [["id", 1], ["LIMIT", 1]]
  ↳ app/controllers/bands_controller.rb:34
  [1m[35m (0.2ms)[0m  [1m[35mBEGIN[0m
  ↳ app/controllers/bands_controller.rb:35
  [1m[36mBand Update (0.8ms)[0m  [1m[33mUPDATE "bands" SET "name" = $1, "updated_at" = $2 WHERE "bands"."id" = $3[0m  [["name", "Simon and Garfunkel"], ["updated_at", "2019-05-02 21:19:06.509806"], ["id", 1]]
  ↳ app/controllers/bands_controller.rb:35
  [1m[35m (54.0ms)[0m  [1m[35mCOMMIT[0m
  ↳ app/controllers/bands_controller.rb:35
Redirected to http://localhost:3000/bands
Completed 302 Found in 60ms (ActiveRecord: 55.4ms)


Started GET "/bands" for ::1 at 2019-05-02 17:19:06 -0400
Processing by BandsController#index as HTML
  Rendering bands/index.html.erb within layouts/application
  [1m[36mBand Load (0.4ms)[0m  [1m[34mSELECT "bands".* FROM "bands"[0m
  ↳ app/views/bands/index.html.erb:3
  Rendered bands/index.html.erb within layouts/application (1.6ms)
  [1m[36mUser Load (0.4ms)[0m  [1m[34mSELECT  "users".* FROM "users" WHERE "users"."session_token" = $1 LIMIT $2[0m  [["session_token", "KSikjJ0Y06nINO-RT9ItZg"], ["LIMIT", 1]]
  ↳ app/controllers/application_controller.rb:6
Completed 200 OK in 48ms (Views: 46.6ms | ActiveRecord: 0.8ms)


Started GET "/bands/2/edit" for ::1 at 2019-05-02 17:20:00 -0400
Processing by BandsController#edit as HTML
  Parameters: {"id"=>"2"}
  [1m[36mBand Load (1.8ms)[0m  [1m[34mSELECT  "bands".* FROM "bands" WHERE "bands"."id" = $1 LIMIT $2[0m  [["id", 2], ["LIMIT", 1]]
  ↳ app/controllers/bands_controller.rb:29
  Rendering bands/edit.html.erb within layouts/application
  Rendered bands/edit.html.erb within layouts/application (0.8ms)
  [1m[36mUser Load (0.5ms)[0m  [1m[34mSELECT  "users".* FROM "users" WHERE "users"."session_token" = $1 LIMIT $2[0m  [["session_token", "KSikjJ0Y06nINO-RT9ItZg"], ["LIMIT", 1]]
  ↳ app/controllers/application_controller.rb:6
Completed 200 OK in 27ms (Views: 22.3ms | ActiveRecord: 2.2ms)


Started GET "/bands" for ::1 at 2019-05-02 17:20:16 -0400
Processing by BandsController#index as HTML
  Rendering bands/index.html.erb within layouts/application
  [1m[36mBand Load (0.4ms)[0m  [1m[34mSELECT "bands".* FROM "bands"[0m
  ↳ app/views/bands/index.html.erb:3
  Rendered bands/index.html.erb within layouts/application (3.0ms)
  [1m[36mUser Load (0.5ms)[0m  [1m[34mSELECT  "users".* FROM "users" WHERE "users"."session_token" = $1 LIMIT $2[0m  [["session_token", "KSikjJ0Y06nINO-RT9ItZg"], ["LIMIT", 1]]
  ↳ app/controllers/application_controller.rb:6
Completed 200 OK in 30ms (Views: 28.6ms | ActiveRecord: 0.9ms)


Started GET "/bands/2" for ::1 at 2019-05-02 17:20:24 -0400
Processing by BandsController#show as HTML
  Parameters: {"id"=>"2"}
  [1m[36mBand Load (0.5ms)[0m  [1m[34mSELECT  "bands".* FROM "bands" WHERE "bands"."id" = $1 LIMIT $2[0m  [["id", 2], ["LIMIT", 1]]
  ↳ app/controllers/bands_controller.rb:24
  Rendering bands/show.html.erb within layouts/application
  Rendered bands/show.html.erb within layouts/application (0.5ms)
  [1m[36mUser Load (0.4ms)[0m  [1m[34mSELECT  "users".* FROM "users" WHERE "users"."session_token" = $1 LIMIT $2[0m  [["session_token", "KSikjJ0Y06nINO-RT9ItZg"], ["LIMIT", 1]]
  ↳ app/controllers/application_controller.rb:6
Completed 200 OK in 35ms (Views: 32.1ms | ActiveRecord: 0.8ms)


Started GET "/bands/2/edit" for ::1 at 2019-05-02 17:20:33 -0400
Processing by BandsController#edit as HTML
  Parameters: {"id"=>"2"}
  [1m[36mBand Load (1.2ms)[0m  [1m[34mSELECT  "bands".* FROM "bands" WHERE "bands"."id" = $1 LIMIT $2[0m  [["id", 2], ["LIMIT", 1]]
  ↳ app/controllers/bands_controller.rb:29
  Rendering bands/edit.html.erb within layouts/application
  Rendered bands/edit.html.erb within layouts/application (0.9ms)
  [1m[36mUser Load (0.4ms)[0m  [1m[34mSELECT  "users".* FROM "users" WHERE "users"."session_token" = $1 LIMIT $2[0m  [["session_token", "KSikjJ0Y06nINO-RT9ItZg"], ["LIMIT", 1]]
  ↳ app/controllers/application_controller.rb:6
Completed 200 OK in 30ms (Views: 26.3ms | ActiveRecord: 1.6ms)


Started GET "/bands/3/edit" for ::1 at 2019-05-02 17:21:18 -0400
Processing by BandsController#edit as HTML
  Parameters: {"id"=>"3"}
  [1m[36mBand Load (0.3ms)[0m  [1m[34mSELECT  "bands".* FROM "bands" WHERE "bands"."id" = $1 LIMIT $2[0m  [["id", 3], ["LIMIT", 1]]
  ↳ app/controllers/bands_controller.rb:29
  Rendering bands/edit.html.erb within layouts/application
  Rendered bands/edit.html.erb within layouts/application (0.8ms)
  [1m[36mUser Load (0.3ms)[0m  [1m[34mSELECT  "users".* FROM "users" WHERE "users"."session_token" = $1 LIMIT $2[0m  [["session_token", "KSikjJ0Y06nINO-RT9ItZg"], ["LIMIT", 1]]
  ↳ app/controllers/application_controller.rb:6
Completed 200 OK in 27ms (Views: 23.8ms | ActiveRecord: 0.6ms)


Started GET "/bands/4/edit" for ::1 at 2019-05-02 17:21:23 -0400
Processing by BandsController#edit as HTML
  Parameters: {"id"=>"4"}
  [1m[36mBand Load (0.3ms)[0m  [1m[34mSELECT  "bands".* FROM "bands" WHERE "bands"."id" = $1 LIMIT $2[0m  [["id", 4], ["LIMIT", 1]]
  ↳ app/controllers/bands_controller.rb:29
  Rendering bands/edit.html.erb within layouts/application
  Rendered bands/edit.html.erb within layouts/application (1.8ms)
  [1m[36mUser Load (0.4ms)[0m  [1m[34mSELECT  "users".* FROM "users" WHERE "users"."session_token" = $1 LIMIT $2[0m  [["session_token", "KSikjJ0Y06nINO-RT9ItZg"], ["LIMIT", 1]]
  ↳ app/controllers/application_controller.rb:6
Completed 200 OK in 27ms (Views: 24.7ms | ActiveRecord: 0.7ms)


Started GET "/bands/5/edit" for ::1 at 2019-05-02 17:21:29 -0400
Processing by BandsController#edit as HTML
  Parameters: {"id"=>"5"}
  [1m[36mBand Load (0.5ms)[0m  [1m[34mSELECT  "bands".* FROM "bands" WHERE "bands"."id" = $1 LIMIT $2[0m  [["id", 5], ["LIMIT", 1]]
  ↳ app/controllers/bands_controller.rb:29
  Rendering bands/edit.html.erb within layouts/application
  Rendered bands/edit.html.erb within layouts/application (0.9ms)
  [1m[36mUser Load (0.4ms)[0m  [1m[34mSELECT  "users".* FROM "users" WHERE "users"."session_token" = $1 LIMIT $2[0m  [["session_token", "KSikjJ0Y06nINO-RT9ItZg"], ["LIMIT", 1]]
  ↳ app/controllers/application_controller.rb:6
Completed 200 OK in 26ms (Views: 22.6ms | ActiveRecord: 0.9ms)


